{"/Users/apple/dev/projects/mocha-parser/_examples-files/aux.ts":{"path":"/Users/apple/dev/projects/mocha-parser/_examples-files/aux.ts","statementMap":{"0":{"start":{"line":2,"column":0},"end":{"line":2,"column":62}},"1":{"start":{"line":3,"column":0},"end":{"line":3,"column":211}},"2":{"start":{"line":4,"column":11},"end":{"line":4,"column":24}},"3":{"start":{"line":5,"column":20},"end":{"line":5,"column":50}},"4":{"start":{"line":6,"column":20},"end":{"line":6,"column":50}},"5":{"start":{"line":7,"column":20},"end":{"line":7,"column":50}},"6":{"start":{"line":8,"column":20},"end":{"line":8,"column":50}},"7":{"start":{"line":9,"column":20},"end":{"line":9,"column":46}},"8":{"start":{"line":10,"column":20},"end":{"line":10,"column":46}},"9":{"start":{"line":11,"column":20},"end":{"line":11,"column":46}},"10":{"start":{"line":12,"column":20},"end":{"line":12,"column":46}},"11":{"start":{"line":13,"column":20},"end":{"line":13,"column":46}},"12":{"start":{"line":14,"column":21},"end":{"line":14,"column":48}},"13":{"start":{"line":15,"column":0},"end":{"line":24,"column":2}},"14":{"start":{"line":16,"column":4},"end":{"line":23,"column":7}},"15":{"start":{"line":17,"column":16},"end":{"line":21,"column":10}},"16":{"start":{"line":18,"column":12},"end":{"line":20,"column":15}},"17":{"start":{"line":19,"column":16},"end":{"line":19,"column":37}},"18":{"start":{"line":22,"column":8},"end":{"line":22,"column":17}},"19":{"start":{"line":25,"column":0},"end":{"line":25,"column":52}},"20":{"start":{"line":26,"column":0},"end":{"line":26,"column":52}},"21":{"start":{"line":27,"column":0},"end":{"line":27,"column":52}},"22":{"start":{"line":28,"column":0},"end":{"line":28,"column":52}},"23":{"start":{"line":29,"column":0},"end":{"line":29,"column":52}},"24":{"start":{"line":30,"column":0},"end":{"line":30,"column":52}},"25":{"start":{"line":31,"column":0},"end":{"line":31,"column":52}},"26":{"start":{"line":32,"column":0},"end":{"line":32,"column":52}},"27":{"start":{"line":33,"column":0},"end":{"line":33,"column":52}},"28":{"start":{"line":34,"column":0},"end":{"line":34,"column":54}}},"fnMap":{"0":{"name":"(anonymous_0)","decl":{"start":{"line":15,"column":23},"end":{"line":15,"column":24}},"loc":{"start":{"line":15,"column":33},"end":{"line":24,"column":1}},"line":15},"1":{"name":"(anonymous_1)","decl":{"start":{"line":16,"column":12},"end":{"line":16,"column":13}},"loc":{"start":{"line":16,"column":18},"end":{"line":23,"column":5}},"line":16},"2":{"name":"(anonymous_2)","decl":{"start":{"line":17,"column":28},"end":{"line":17,"column":29}},"loc":{"start":{"line":17,"column":35},"end":{"line":21,"column":9}},"line":17},"3":{"name":"(anonymous_3)","decl":{"start":{"line":18,"column":30},"end":{"line":18,"column":31}},"loc":{"start":{"line":18,"column":45},"end":{"line":20,"column":13}},"line":18}},"branchMap":{},"s":{"0":1,"1":1,"2":1,"3":1,"4":1,"5":1,"6":1,"7":1,"8":1,"9":1,"10":1,"11":1,"12":1,"13":1,"14":10,"15":11,"16":11,"17":11,"18":11,"19":1,"20":1,"21":1,"22":1,"23":1,"24":1,"25":1,"26":1,"27":1,"28":1},"f":{"0":10,"1":11,"2":11,"3":11},"b":{},"inputSourceMap":{"version":3,"file":"/Users/apple/dev/projects/mocha-parser/_examples-files/aux.ts","sources":["/Users/apple/dev/projects/mocha-parser/_examples-files/aux.ts"],"names":[],"mappings":";;;AAAA,yBAAyB;AAEzB,MAAM,WAAW,GAAG,SAAS,GAAG,kBAAkB,CAAC;AACnD,MAAM,WAAW,GAAG,SAAS,GAAG,kBAAkB,CAAC;AACnD,MAAM,WAAW,GAAG,SAAS,GAAG,kBAAkB,CAAC;AACnD,MAAM,WAAW,GAAG,SAAS,GAAG,kBAAkB,CAAC;AACnD,MAAM,WAAW,GAAG,SAAS,GAAG,cAAc,CAAC;AAC/C,MAAM,WAAW,GAAG,SAAS,GAAG,cAAc,CAAC;AAC/C,MAAM,WAAW,GAAG,SAAS,GAAG,cAAc,CAAC;AAC/C,MAAM,WAAW,GAAG,SAAS,GAAG,cAAc,CAAC;AAC/C,MAAM,WAAW,GAAG,SAAS,GAAG,cAAc,CAAC;AAC/C,MAAM,YAAY,GAAG,SAAS,GAAG,eAAe,CAAC;AAMpC,QAAA,YAAY,GAAG,CAAC,IAAY,EAAE,EAAE;IACzC,OAAO,CAAC,GAAG,EAAE;QACT,IAAI,CAAC,GAAoB,IAAI,OAAO,CAAC,GAAG,CAAC,EAAE;YACvC,EAAE,CAAC,QAAQ,CAAC,IAAI,EAAE,CAAC,GAAG,EAAE,IAAI,EAAE,EAAE;gBAC5B,GAAG,CAAC,IAAI,CAAC,QAAQ,EAAE,CAAC,CAAC;YACzB,CAAC,CAAC,CAAA;QACN,CAAC,CAAC,CAAC;QACH,OAAO,CAAC,CAAC;IACb,CAAC,CAAC,CAAC;AACP,CAAC,CAAA;AAEY,QAAA,OAAO,GAA0B,oBAAY,CAAC,WAAW,CAAC,CAAC;AAC3D,QAAA,OAAO,GAA0B,oBAAY,CAAC,WAAW,CAAC,CAAC;AAC3D,QAAA,OAAO,GAA0B,oBAAY,CAAC,WAAW,CAAC,CAAC;AAC3D,QAAA,OAAO,GAA0B,oBAAY,CAAC,WAAW,CAAC,CAAC;AAC3D,QAAA,OAAO,GAA0B,oBAAY,CAAC,WAAW,CAAC,CAAC;AAC3D,QAAA,OAAO,GAA0B,oBAAY,CAAC,WAAW,CAAC,CAAC;AAC3D,QAAA,OAAO,GAA0B,oBAAY,CAAC,WAAW,CAAC,CAAC;AAC3D,QAAA,OAAO,GAA0B,oBAAY,CAAC,WAAW,CAAC,CAAC;AAC3D,QAAA,OAAO,GAA0B,oBAAY,CAAC,WAAW,CAAC,CAAC;AAC3D,QAAA,QAAQ,GAA0B,oBAAY,CAAC,YAAY,CAAC,CAAC","sourcesContent":["import * as fs from 'fs';\n\nconst sample1Path = __dirname + '/sample1.test.js';\nconst sample2Path = __dirname + '/sample2.test.js';\nconst sample3Path = __dirname + '/sample3.test.js';\nconst sample4Path = __dirname + '/sample4.test.js';\nconst sample5Path = __dirname + '/sample5.txt';\nconst sample6Path = __dirname + '/sample6.txt';\nconst sample7Path = __dirname + '/sample7.txt';\nconst sample8Path = __dirname + '/sample8.txt';\nconst sample9Path = __dirname + '/sample9.txt';\nconst sample10Path = __dirname + '/sample10.txt';\n\n\n\n\n\nexport const readFileFunc = (path: string) => {\n    return (() => {\n        let p: Promise<string> = new Promise(res => {\n            fs.readFile(path, (err, data) => {\n                res(data.toString());\n            })\n        });\n        return p;\n    });\n}\n\nexport const sample1: () => Promise<string> = readFileFunc(sample1Path);\nexport const sample2: () => Promise<string> = readFileFunc(sample2Path);\nexport const sample3: () => Promise<string> = readFileFunc(sample3Path);\nexport const sample4: () => Promise<string> = readFileFunc(sample4Path);\nexport const sample5: () => Promise<string> = readFileFunc(sample5Path);\nexport const sample6: () => Promise<string> = readFileFunc(sample6Path);\nexport const sample7: () => Promise<string> = readFileFunc(sample7Path);\nexport const sample8: () => Promise<string> = readFileFunc(sample8Path);\nexport const sample9: () => Promise<string> = readFileFunc(sample9Path);\nexport const sample10: () => Promise<string> = readFileFunc(sample10Path);"]},"_coverageSchema":"1a1c01bbd47fc00a2c39e90264f33305004495a9","hash":"4e8ed3228e382125100e1351c48be596a3eb5fec","contentHash":"1c70380890ec96585a3e770a16ef46dbcc3c18979177f05efaab923698358977"},"/Users/apple/dev/projects/mocha-parser/_out/mocha-parser.js":{"path":"/Users/apple/dev/projects/mocha-parser/_out/mocha-parser.js","statementMap":{"0":{"start":{"line":2,"column":0},"end":{"line":2,"column":62}},"1":{"start":{"line":3,"column":0},"end":{"line":3,"column":29}},"2":{"start":{"line":4,"column":16},"end":{"line":4,"column":34}},"3":{"start":{"line":5,"column":23},"end":{"line":5,"column":48}},"4":{"start":{"line":6,"column":22},"end":{"line":6,"column":46}},"5":{"start":{"line":7,"column":30},"end":{"line":7,"column":62}},"6":{"start":{"line":9,"column":0},"end":{"line":12,"column":24}},"7":{"start":{"line":10,"column":4},"end":{"line":10,"column":43}},"8":{"start":{"line":11,"column":4},"end":{"line":11,"column":31}},"9":{"start":{"line":15,"column":8},"end":{"line":17,"column":9}},"10":{"start":{"line":16,"column":12},"end":{"line":16,"column":22}},"11":{"start":{"line":18,"column":21},"end":{"line":19,"column":29}},"12":{"start":{"line":20,"column":43},"end":{"line":20,"column":98}},"13":{"start":{"line":22,"column":28},"end":{"line":22,"column":110}},"14":{"start":{"line":22,"column":52},"end":{"line":22,"column":109}},"15":{"start":{"line":23,"column":22},"end":{"line":23,"column":98}},"16":{"start":{"line":23,"column":40},"end":{"line":23,"column":97}},"17":{"start":{"line":24,"column":8},"end":{"line":24,"column":62}},"18":{"start":{"line":24,"column":50},"end":{"line":24,"column":60}},"19":{"start":{"line":25,"column":8},"end":{"line":25,"column":50}},"20":{"start":{"line":25,"column":38},"end":{"line":25,"column":48}},"21":{"start":{"line":26,"column":25},"end":{"line":26,"column":55}},"22":{"start":{"line":27,"column":18},"end":{"line":27,"column":20}},"23":{"start":{"line":28,"column":8},"end":{"line":45,"column":11}},"24":{"start":{"line":29,"column":20},"end":{"line":43,"column":13}},"25":{"start":{"line":41,"column":125},"end":{"line":41,"column":162}},"26":{"start":{"line":44,"column":12},"end":{"line":44,"column":24}},"27":{"start":{"line":46,"column":8},"end":{"line":63,"column":11}},"28":{"start":{"line":47,"column":20},"end":{"line":61,"column":13}},"29":{"start":{"line":59,"column":125},"end":{"line":59,"column":162}},"30":{"start":{"line":62,"column":12},"end":{"line":62,"column":24}},"31":{"start":{"line":66,"column":8},"end":{"line":66,"column":19}},"32":{"start":{"line":69,"column":0},"end":{"line":69,"column":34}}},"fnMap":{"0":{"name":"(anonymous_0)","decl":{"start":{"line":9,"column":1},"end":{"line":9,"column":2}},"loc":{"start":{"line":9,"column":17},"end":{"line":12,"column":1}},"line":9},"1":{"name":"(anonymous_1)","decl":{"start":{"line":14,"column":4},"end":{"line":14,"column":5}},"loc":{"start":{"line":14,"column":32},"end":{"line":67,"column":5}},"line":14},"2":{"name":"(anonymous_2)","decl":{"start":{"line":22,"column":47},"end":{"line":22,"column":48}},"loc":{"start":{"line":22,"column":52},"end":{"line":22,"column":109}},"line":22},"3":{"name":"(anonymous_3)","decl":{"start":{"line":23,"column":35},"end":{"line":23,"column":36}},"loc":{"start":{"line":23,"column":40},"end":{"line":23,"column":97}},"line":23},"4":{"name":"(anonymous_4)","decl":{"start":{"line":24,"column":45},"end":{"line":24,"column":46}},"loc":{"start":{"line":24,"column":50},"end":{"line":24,"column":60}},"line":24},"5":{"name":"(anonymous_5)","decl":{"start":{"line":25,"column":33},"end":{"line":25,"column":34}},"loc":{"start":{"line":25,"column":38},"end":{"line":25,"column":48}},"line":25},"6":{"name":"(anonymous_6)","decl":{"start":{"line":28,"column":24},"end":{"line":28,"column":25}},"loc":{"start":{"line":28,"column":29},"end":{"line":45,"column":9}},"line":28},"7":{"name":"(anonymous_7)","decl":{"start":{"line":41,"column":120},"end":{"line":41,"column":121}},"loc":{"start":{"line":41,"column":125},"end":{"line":41,"column":162}},"line":41},"8":{"name":"(anonymous_8)","decl":{"start":{"line":46,"column":30},"end":{"line":46,"column":31}},"loc":{"start":{"line":46,"column":35},"end":{"line":63,"column":9}},"line":46},"9":{"name":"(anonymous_9)","decl":{"start":{"line":59,"column":120},"end":{"line":59,"column":121}},"loc":{"start":{"line":59,"column":125},"end":{"line":59,"column":162}},"line":59}},"branchMap":{"0":{"loc":{"start":{"line":12,"column":3},"end":{"line":12,"column":22}},"type":"binary-expr","locations":[{"start":{"line":12,"column":3},"end":{"line":12,"column":7}},{"start":{"line":12,"column":12},"end":{"line":12,"column":21}}],"line":12},"1":{"loc":{"start":{"line":15,"column":8},"end":{"line":17,"column":9}},"type":"if","locations":[{"start":{"line":15,"column":8},"end":{"line":17,"column":9}},{"start":{"line":15,"column":8},"end":{"line":17,"column":9}}],"line":15}},"s":{"0":1,"1":1,"2":1,"3":1,"4":1,"5":1,"6":1,"7":1,"8":1,"9":10,"10":1,"11":9,"12":9,"13":9,"14":10,"15":9,"16":20,"17":9,"18":10,"19":9,"20":20,"21":9,"22":9,"23":9,"24":16,"25":32,"26":16,"27":9,"28":10,"29":10,"30":10,"31":9,"32":1},"f":{"0":1,"1":10,"2":10,"3":20,"4":10,"5":20,"6":16,"7":32,"8":10,"9":10},"b":{"0":[1,1],"1":[1,9]},"_coverageSchema":"1a1c01bbd47fc00a2c39e90264f33305004495a9","hash":"5015769bd3e964f398f736728666fded6798d620","contentHash":"74764183268a40e2f1a63b9bef86716a00e959ce40516a34a65f4269c4336054"},"/Users/apple/dev/projects/mocha-parser/_out/esprima-util.js":{"path":"/Users/apple/dev/projects/mocha-parser/_out/esprima-util.js","statementMap":{"0":{"start":{"line":2,"column":0},"end":{"line":2,"column":62}},"1":{"start":{"line":3,"column":0},"end":{"line":3,"column":304}},"2":{"start":{"line":4,"column":16},"end":{"line":4,"column":34}},"3":{"start":{"line":5,"column":22},"end":{"line":5,"column":46}},"4":{"start":{"line":6,"column":0},"end":{"line":9,"column":2}},"5":{"start":{"line":17,"column":25},"end":{"line":19,"column":84}},"6":{"start":{"line":18,"column":21},"end":{"line":18,"column":44}},"7":{"start":{"line":19,"column":21},"end":{"line":19,"column":83}},"8":{"start":{"line":19,"column":69},"end":{"line":19,"column":82}},"9":{"start":{"line":24,"column":19},"end":{"line":26,"column":78}},"10":{"start":{"line":25,"column":21},"end":{"line":25,"column":44}},"11":{"start":{"line":26,"column":21},"end":{"line":26,"column":77}},"12":{"start":{"line":26,"column":63},"end":{"line":26,"column":76}},"13":{"start":{"line":31,"column":4},"end":{"line":31,"column":40}},"14":{"start":{"line":33,"column":0},"end":{"line":33,"column":60}},"15":{"start":{"line":42,"column":21},"end":{"line":44,"column":48}},"16":{"start":{"line":43,"column":21},"end":{"line":43,"column":45}},"17":{"start":{"line":44,"column":24},"end":{"line":44,"column":47}},"18":{"start":{"line":45,"column":4},"end":{"line":47,"column":5}},"19":{"start":{"line":46,"column":8},"end":{"line":46,"column":20}},"20":{"start":{"line":48,"column":4},"end":{"line":48,"column":25}},"21":{"start":{"line":62,"column":18},"end":{"line":62,"column":54}},"22":{"start":{"line":64,"column":8},"end":{"line":66,"column":9}},"23":{"start":{"line":65,"column":12},"end":{"line":65,"column":32}},"24":{"start":{"line":67,"column":8},"end":{"line":79,"column":9}},"25":{"start":{"line":68,"column":12},"end":{"line":70,"column":13}},"26":{"start":{"line":68,"column":32},"end":{"line":68,"column":48}},"27":{"start":{"line":69,"column":16},"end":{"line":69,"column":54}},"28":{"start":{"line":71,"column":12},"end":{"line":78,"column":13}},"29":{"start":{"line":71,"column":32},"end":{"line":71,"column":48}},"30":{"start":{"line":72,"column":37},"end":{"line":72,"column":73}},"31":{"start":{"line":72,"column":53},"end":{"line":72,"column":69}},"32":{"start":{"line":73,"column":16},"end":{"line":76,"column":17}},"33":{"start":{"line":74,"column":20},"end":{"line":75,"column":96}},"34":{"start":{"line":77,"column":16},"end":{"line":77,"column":57}},"35":{"start":{"line":80,"column":8},"end":{"line":80,"column":28}},"36":{"start":{"line":82,"column":28},"end":{"line":82,"column":48}},"37":{"start":{"line":83,"column":30},"end":{"line":83,"column":69}},"38":{"start":{"line":84,"column":4},"end":{"line":100,"column":5}},"39":{"start":{"line":85,"column":8},"end":{"line":85,"column":65}},"40":{"start":{"line":86,"column":8},"end":{"line":97,"column":9}},"41":{"start":{"line":87,"column":12},"end":{"line":87,"column":81}},"42":{"start":{"line":90,"column":12},"end":{"line":96,"column":13}},"43":{"start":{"line":92,"column":16},"end":{"line":92,"column":28}},"44":{"start":{"line":95,"column":16},"end":{"line":95,"column":26}},"45":{"start":{"line":101,"column":4},"end":{"line":103,"column":5}},"46":{"start":{"line":102,"column":8},"end":{"line":102,"column":20}},"47":{"start":{"line":104,"column":4},"end":{"line":107,"column":5}},"48":{"start":{"line":105,"column":8},"end":{"line":106,"column":25}},"49":{"start":{"line":108,"column":4},"end":{"line":108,"column":29}},"50":{"start":{"line":111,"column":4},"end":{"line":111,"column":54}},"51":{"start":{"line":116,"column":4},"end":{"line":116,"column":16}},"52":{"start":{"line":120,"column":4},"end":{"line":120,"column":17}},"53":{"start":{"line":131,"column":21},"end":{"line":131,"column":31}},"54":{"start":{"line":132,"column":38},"end":{"line":132,"column":58}},"55":{"start":{"line":133,"column":4},"end":{"line":135,"column":5}},"56":{"start":{"line":134,"column":8},"end":{"line":134,"column":85}},"57":{"start":{"line":136,"column":4},"end":{"line":139,"column":5}},"58":{"start":{"line":138,"column":8},"end":{"line":138,"column":20}},"59":{"start":{"line":140,"column":20},"end":{"line":140,"column":86}},"60":{"start":{"line":141,"column":4},"end":{"line":145,"column":5}},"61":{"start":{"line":144,"column":8},"end":{"line":144,"column":20}},"62":{"start":{"line":146,"column":23},"end":{"line":146,"column":70}},"63":{"start":{"line":147,"column":28},"end":{"line":147,"column":99}},"64":{"start":{"line":148,"column":4},"end":{"line":152,"column":5}},"65":{"start":{"line":150,"column":8},"end":{"line":150,"column":80}},"66":{"start":{"line":153,"column":4},"end":{"line":157,"column":5}},"67":{"start":{"line":156,"column":8},"end":{"line":156,"column":20}},"68":{"start":{"line":160,"column":25},"end":{"line":160,"column":105}},"69":{"start":{"line":161,"column":15},"end":{"line":161,"column":94}},"70":{"start":{"line":163,"column":16},"end":{"line":163,"column":37}},"71":{"start":{"line":164,"column":25},"end":{"line":164,"column":91}},"72":{"start":{"line":164,"column":43},"end":{"line":164,"column":90}},"73":{"start":{"line":165,"column":4},"end":{"line":168,"column":5}},"74":{"start":{"line":166,"column":8},"end":{"line":166,"column":36}},"75":{"start":{"line":167,"column":8},"end":{"line":167,"column":91}},"76":{"start":{"line":169,"column":4},"end":{"line":171,"column":5}},"77":{"start":{"line":170,"column":8},"end":{"line":170,"column":20}},"78":{"start":{"line":172,"column":15},"end":{"line":172,"column":32}},"79":{"start":{"line":174,"column":4},"end":{"line":176,"column":5}},"80":{"start":{"line":175,"column":8},"end":{"line":175,"column":20}},"81":{"start":{"line":178,"column":4},"end":{"line":178,"column":58}},"82":{"start":{"line":179,"column":4},"end":{"line":179,"column":70}},"83":{"start":{"line":180,"column":4},"end":{"line":180,"column":16}},"84":{"start":{"line":182,"column":0},"end":{"line":182,"column":58}},"85":{"start":{"line":184,"column":14},"end":{"line":184,"column":16}},"86":{"start":{"line":185,"column":25},"end":{"line":185,"column":31}},"87":{"start":{"line":186,"column":4},"end":{"line":195,"column":5}},"88":{"start":{"line":187,"column":8},"end":{"line":187,"column":75}},"89":{"start":{"line":187,"column":52},"end":{"line":187,"column":73}},"90":{"start":{"line":188,"column":28},"end":{"line":188,"column":50}},"91":{"start":{"line":189,"column":8},"end":{"line":194,"column":9}},"92":{"start":{"line":190,"column":12},"end":{"line":192,"column":13}},"93":{"start":{"line":191,"column":16},"end":{"line":191,"column":40}},"94":{"start":{"line":193,"column":12},"end":{"line":193,"column":65}},"95":{"start":{"line":196,"column":4},"end":{"line":196,"column":15}},"96":{"start":{"line":198,"column":0},"end":{"line":198,"column":42}},"97":{"start":{"line":200,"column":4},"end":{"line":200,"column":80}},"98":{"start":{"line":202,"column":0},"end":{"line":202,"column":44}},"99":{"start":{"line":204,"column":4},"end":{"line":204,"column":82}},"100":{"start":{"line":206,"column":0},"end":{"line":206,"column":28}},"101":{"start":{"line":214,"column":18},"end":{"line":214,"column":62}},"102":{"start":{"line":214,"column":36},"end":{"line":214,"column":61}},"103":{"start":{"line":215,"column":4},"end":{"line":215,"column":70}},"104":{"start":{"line":215,"column":44},"end":{"line":215,"column":67}},"105":{"start":{"line":217,"column":0},"end":{"line":217,"column":32}},"106":{"start":{"line":220,"column":15},"end":{"line":220,"column":17}},"107":{"start":{"line":221,"column":19},"end":{"line":221,"column":150}},"108":{"start":{"line":222,"column":4},"end":{"line":236,"column":5}},"109":{"start":{"line":229,"column":24},"end":{"line":229,"column":49}},"110":{"start":{"line":230,"column":22},"end":{"line":233,"column":32}},"111":{"start":{"line":231,"column":26},"end":{"line":231,"column":47}},"112":{"start":{"line":232,"column":36},"end":{"line":232,"column":121}},"113":{"start":{"line":233,"column":23},"end":{"line":233,"column":31}},"114":{"start":{"line":234,"column":8},"end":{"line":234,"column":33}},"115":{"start":{"line":237,"column":4},"end":{"line":237,"column":16}},"116":{"start":{"line":239,"column":0},"end":{"line":239,"column":34}},"117":{"start":{"line":241,"column":4},"end":{"line":241,"column":56}},"118":{"start":{"line":243,"column":0},"end":{"line":243,"column":36}},"119":{"start":{"line":276,"column":4},"end":{"line":276,"column":21}},"120":{"start":{"line":278,"column":0},"end":{"line":278,"column":28}},"121":{"start":{"line":280,"column":16},"end":{"line":280,"column":30}},"122":{"start":{"line":281,"column":15},"end":{"line":281,"column":29}},"123":{"start":{"line":282,"column":4},"end":{"line":282,"column":107}},"124":{"start":{"line":283,"column":4},"end":{"line":283,"column":18}},"125":{"start":{"line":285,"column":0},"end":{"line":285,"column":32}},"126":{"start":{"line":297,"column":25},"end":{"line":297,"column":73}},"127":{"start":{"line":298,"column":20},"end":{"line":298,"column":60}},"128":{"start":{"line":299,"column":25},"end":{"line":300,"column":46}},"129":{"start":{"line":299,"column":44},"end":{"line":300,"column":45}},"130":{"start":{"line":300,"column":30},"end":{"line":300,"column":44}},"131":{"start":{"line":301,"column":26},"end":{"line":302,"column":45}},"132":{"start":{"line":301,"column":45},"end":{"line":302,"column":44}},"133":{"start":{"line":302,"column":29},"end":{"line":302,"column":43}},"134":{"start":{"line":303,"column":15},"end":{"line":303,"column":19}},"135":{"start":{"line":304,"column":4},"end":{"line":315,"column":5}},"136":{"start":{"line":305,"column":8},"end":{"line":305,"column":21}},"137":{"start":{"line":306,"column":8},"end":{"line":314,"column":9}},"138":{"start":{"line":306,"column":21},"end":{"line":306,"column":22}},"139":{"start":{"line":307,"column":12},"end":{"line":313,"column":13}},"140":{"start":{"line":307,"column":41},"end":{"line":308,"column":53}},"141":{"start":{"line":309,"column":16},"end":{"line":309,"column":56}},"142":{"start":{"line":310,"column":16},"end":{"line":310,"column":60}},"143":{"start":{"line":311,"column":16},"end":{"line":311,"column":91}},"144":{"start":{"line":311,"column":67},"end":{"line":311,"column":89}},"145":{"start":{"line":312,"column":16},"end":{"line":312,"column":28}},"146":{"start":{"line":316,"column":4},"end":{"line":316,"column":26}},"147":{"start":{"line":318,"column":0},"end":{"line":318,"column":36}}},"fnMap":{"0":{"name":"retrieveDebuggableTokens","decl":{"start":{"line":16,"column":9},"end":{"line":16,"column":33}},"loc":{"start":{"line":16,"column":50},"end":{"line":32,"column":1}},"line":16},"1":{"name":"(anonymous_1)","decl":{"start":{"line":18,"column":16},"end":{"line":18,"column":17}},"loc":{"start":{"line":18,"column":21},"end":{"line":18,"column":44}},"line":18},"2":{"name":"(anonymous_2)","decl":{"start":{"line":19,"column":16},"end":{"line":19,"column":17}},"loc":{"start":{"line":19,"column":21},"end":{"line":19,"column":83}},"line":19},"3":{"name":"(anonymous_3)","decl":{"start":{"line":19,"column":64},"end":{"line":19,"column":65}},"loc":{"start":{"line":19,"column":69},"end":{"line":19,"column":82}},"line":19},"4":{"name":"(anonymous_4)","decl":{"start":{"line":25,"column":16},"end":{"line":25,"column":17}},"loc":{"start":{"line":25,"column":21},"end":{"line":25,"column":44}},"line":25},"5":{"name":"(anonymous_5)","decl":{"start":{"line":26,"column":16},"end":{"line":26,"column":17}},"loc":{"start":{"line":26,"column":21},"end":{"line":26,"column":77}},"line":26},"6":{"name":"(anonymous_6)","decl":{"start":{"line":26,"column":58},"end":{"line":26,"column":59}},"loc":{"start":{"line":26,"column":63},"end":{"line":26,"column":76}},"line":26},"7":{"name":"nextToken","decl":{"start":{"line":41,"column":9},"end":{"line":41,"column":18}},"loc":{"start":{"line":41,"column":30},"end":{"line":49,"column":1}},"line":41},"8":{"name":"(anonymous_8)","decl":{"start":{"line":43,"column":16},"end":{"line":43,"column":17}},"loc":{"start":{"line":43,"column":21},"end":{"line":43,"column":45}},"line":43},"9":{"name":"(anonymous_9)","decl":{"start":{"line":44,"column":14},"end":{"line":44,"column":15}},"loc":{"start":{"line":44,"column":24},"end":{"line":44,"column":47}},"line":44},"10":{"name":"nextPossibleEndToken","decl":{"start":{"line":61,"column":9},"end":{"line":61,"column":29}},"loc":{"start":{"line":61,"column":55},"end":{"line":109,"column":1}},"line":61},"11":{"name":"update","decl":{"start":{"line":63,"column":13},"end":{"line":63,"column":19}},"loc":{"start":{"line":63,"column":37},"end":{"line":81,"column":5}},"line":63},"12":{"name":"(anonymous_12)","decl":{"start":{"line":68,"column":27},"end":{"line":68,"column":28}},"loc":{"start":{"line":68,"column":32},"end":{"line":68,"column":48}},"line":68},"13":{"name":"(anonymous_13)","decl":{"start":{"line":71,"column":27},"end":{"line":71,"column":28}},"loc":{"start":{"line":71,"column":32},"end":{"line":71,"column":48}},"line":71},"14":{"name":"(anonymous_14)","decl":{"start":{"line":72,"column":48},"end":{"line":72,"column":49}},"loc":{"start":{"line":72,"column":53},"end":{"line":72,"column":69}},"line":72},"15":{"name":"isOpeningParenthesis","decl":{"start":{"line":110,"column":9},"end":{"line":110,"column":29}},"loc":{"start":{"line":110,"column":33},"end":{"line":112,"column":1}},"line":110},"16":{"name":"isIndeedDebuggable","decl":{"start":{"line":113,"column":9},"end":{"line":113,"column":27}},"loc":{"start":{"line":113,"column":31},"end":{"line":117,"column":1}},"line":113},"17":{"name":"interludeNotAmountingToADebuggable","decl":{"start":{"line":118,"column":9},"end":{"line":118,"column":43}},"loc":{"start":{"line":118,"column":55},"end":{"line":121,"column":1}},"line":118},"18":{"name":"debuggableNodeFromToken","decl":{"start":{"line":130,"column":9},"end":{"line":130,"column":32}},"loc":{"start":{"line":130,"column":52},"end":{"line":181,"column":1}},"line":130},"19":{"name":"(anonymous_19)","decl":{"start":{"line":164,"column":38},"end":{"line":164,"column":39}},"loc":{"start":{"line":164,"column":43},"end":{"line":164,"column":90}},"line":164},"20":{"name":"extractAllNodes","decl":{"start":{"line":183,"column":9},"end":{"line":183,"column":24}},"loc":{"start":{"line":183,"column":31},"end":{"line":197,"column":1}},"line":183},"21":{"name":"(anonymous_21)","decl":{"start":{"line":187,"column":47},"end":{"line":187,"column":48}},"loc":{"start":{"line":187,"column":52},"end":{"line":187,"column":73}},"line":187},"22":{"name":"isStricltyInside","decl":{"start":{"line":199,"column":9},"end":{"line":199,"column":25}},"loc":{"start":{"line":199,"column":41},"end":{"line":201,"column":1}},"line":199},"23":{"name":"isInside","decl":{"start":{"line":203,"column":9},"end":{"line":203,"column":17}},"loc":{"start":{"line":203,"column":33},"end":{"line":205,"column":1}},"line":203},"24":{"name":"getParents","decl":{"start":{"line":213,"column":9},"end":{"line":213,"column":19}},"loc":{"start":{"line":213,"column":33},"end":{"line":216,"column":1}},"line":213},"25":{"name":"(anonymous_25)","decl":{"start":{"line":214,"column":31},"end":{"line":214,"column":32}},"loc":{"start":{"line":214,"column":36},"end":{"line":214,"column":61}},"line":214},"26":{"name":"(anonymous_26)","decl":{"start":{"line":215,"column":34},"end":{"line":215,"column":35}},"loc":{"start":{"line":215,"column":44},"end":{"line":215,"column":67}},"line":215},"27":{"name":"extractName","decl":{"start":{"line":218,"column":9},"end":{"line":218,"column":20}},"loc":{"start":{"line":218,"column":63},"end":{"line":238,"column":1}},"line":218},"28":{"name":"(anonymous_28)","decl":{"start":{"line":231,"column":20},"end":{"line":231,"column":21}},"loc":{"start":{"line":231,"column":26},"end":{"line":231,"column":47}},"line":231},"29":{"name":"(anonymous_29)","decl":{"start":{"line":232,"column":20},"end":{"line":232,"column":21}},"loc":{"start":{"line":232,"column":26},"end":{"line":232,"column":123}},"line":232},"30":{"name":"(anonymous_30)","decl":{"start":{"line":233,"column":17},"end":{"line":233,"column":18}},"loc":{"start":{"line":233,"column":23},"end":{"line":233,"column":31}},"line":233},"31":{"name":"areSameToken","decl":{"start":{"line":240,"column":9},"end":{"line":240,"column":21}},"loc":{"start":{"line":240,"column":30},"end":{"line":242,"column":1}},"line":240},"32":{"name":"tokenMap","decl":{"start":{"line":258,"column":9},"end":{"line":258,"column":17}},"loc":{"start":{"line":258,"column":34},"end":{"line":277,"column":1}},"line":258},"33":{"name":"eraseToken","decl":{"start":{"line":279,"column":9},"end":{"line":279,"column":19}},"loc":{"start":{"line":279,"column":35},"end":{"line":284,"column":1}},"line":279},"34":{"name":"parityFilter","decl":{"start":{"line":296,"column":9},"end":{"line":296,"column":21}},"loc":{"start":{"line":296,"column":30},"end":{"line":317,"column":1}},"line":296},"35":{"name":"(anonymous_35)","decl":{"start":{"line":299,"column":39},"end":{"line":299,"column":40}},"loc":{"start":{"line":299,"column":44},"end":{"line":300,"column":45}},"line":299},"36":{"name":"(anonymous_36)","decl":{"start":{"line":300,"column":24},"end":{"line":300,"column":25}},"loc":{"start":{"line":300,"column":30},"end":{"line":300,"column":44}},"line":300},"37":{"name":"(anonymous_37)","decl":{"start":{"line":301,"column":40},"end":{"line":301,"column":41}},"loc":{"start":{"line":301,"column":45},"end":{"line":302,"column":44}},"line":301},"38":{"name":"(anonymous_38)","decl":{"start":{"line":302,"column":23},"end":{"line":302,"column":24}},"loc":{"start":{"line":302,"column":29},"end":{"line":302,"column":43}},"line":302},"39":{"name":"(anonymous_39)","decl":{"start":{"line":307,"column":36},"end":{"line":307,"column":37}},"loc":{"start":{"line":307,"column":41},"end":{"line":308,"column":53}},"line":307},"40":{"name":"(anonymous_40)","decl":{"start":{"line":311,"column":57},"end":{"line":311,"column":58}},"loc":{"start":{"line":311,"column":67},"end":{"line":311,"column":89}},"line":311}},"branchMap":{"0":{"loc":{"start":{"line":45,"column":4},"end":{"line":47,"column":5}},"type":"if","locations":[{"start":{"line":45,"column":4},"end":{"line":47,"column":5}},{"start":{"line":45,"column":4},"end":{"line":47,"column":5}}],"line":45},"1":{"loc":{"start":{"line":64,"column":8},"end":{"line":66,"column":9}},"type":"if","locations":[{"start":{"line":64,"column":8},"end":{"line":66,"column":9}},{"start":{"line":64,"column":8},"end":{"line":66,"column":9}}],"line":64},"2":{"loc":{"start":{"line":67,"column":8},"end":{"line":79,"column":9}},"type":"if","locations":[{"start":{"line":67,"column":8},"end":{"line":79,"column":9}},{"start":{"line":67,"column":8},"end":{"line":79,"column":9}}],"line":67},"3":{"loc":{"start":{"line":68,"column":12},"end":{"line":70,"column":13}},"type":"if","locations":[{"start":{"line":68,"column":12},"end":{"line":70,"column":13}},{"start":{"line":68,"column":12},"end":{"line":70,"column":13}}],"line":68},"4":{"loc":{"start":{"line":71,"column":12},"end":{"line":78,"column":13}},"type":"if","locations":[{"start":{"line":71,"column":12},"end":{"line":78,"column":13}},{"start":{"line":71,"column":12},"end":{"line":78,"column":13}}],"line":71},"5":{"loc":{"start":{"line":73,"column":16},"end":{"line":76,"column":17}},"type":"if","locations":[{"start":{"line":73,"column":16},"end":{"line":76,"column":17}},{"start":{"line":73,"column":16},"end":{"line":76,"column":17}}],"line":73},"6":{"loc":{"start":{"line":84,"column":11},"end":{"line":84,"column":62}},"type":"binary-expr","locations":[{"start":{"line":84,"column":11},"end":{"line":84,"column":41}},{"start":{"line":84,"column":45},"end":{"line":84,"column":62}}],"line":84},"7":{"loc":{"start":{"line":90,"column":12},"end":{"line":96,"column":13}},"type":"if","locations":[{"start":{"line":90,"column":12},"end":{"line":96,"column":13}},{"start":{"line":90,"column":12},"end":{"line":96,"column":13}}],"line":90},"8":{"loc":{"start":{"line":101,"column":4},"end":{"line":103,"column":5}},"type":"if","locations":[{"start":{"line":101,"column":4},"end":{"line":103,"column":5}},{"start":{"line":101,"column":4},"end":{"line":103,"column":5}}],"line":101},"9":{"loc":{"start":{"line":104,"column":4},"end":{"line":107,"column":5}},"type":"if","locations":[{"start":{"line":104,"column":4},"end":{"line":107,"column":5}},{"start":{"line":104,"column":4},"end":{"line":107,"column":5}}],"line":104},"10":{"loc":{"start":{"line":111,"column":11},"end":{"line":111,"column":53}},"type":"binary-expr","locations":[{"start":{"line":111,"column":11},"end":{"line":111,"column":34}},{"start":{"line":111,"column":38},"end":{"line":111,"column":53}}],"line":111},"11":{"loc":{"start":{"line":133,"column":11},"end":{"line":133,"column":92}},"type":"binary-expr","locations":[{"start":{"line":133,"column":11},"end":{"line":133,"column":38}},{"start":{"line":133,"column":42},"end":{"line":133,"column":92}}],"line":133},"12":{"loc":{"start":{"line":136,"column":4},"end":{"line":139,"column":5}},"type":"if","locations":[{"start":{"line":136,"column":4},"end":{"line":139,"column":5}},{"start":{"line":136,"column":4},"end":{"line":139,"column":5}}],"line":136},"13":{"loc":{"start":{"line":141,"column":4},"end":{"line":145,"column":5}},"type":"if","locations":[{"start":{"line":141,"column":4},"end":{"line":145,"column":5}},{"start":{"line":141,"column":4},"end":{"line":145,"column":5}}],"line":141},"14":{"loc":{"start":{"line":148,"column":11},"end":{"line":149,"column":90}},"type":"binary-expr","locations":[{"start":{"line":148,"column":11},"end":{"line":148,"column":28}},{"start":{"line":149,"column":8},"end":{"line":149,"column":90}}],"line":148},"15":{"loc":{"start":{"line":153,"column":4},"end":{"line":157,"column":5}},"type":"if","locations":[{"start":{"line":153,"column":4},"end":{"line":157,"column":5}},{"start":{"line":153,"column":4},"end":{"line":157,"column":5}}],"line":153},"16":{"loc":{"start":{"line":164,"column":43},"end":{"line":164,"column":90}},"type":"binary-expr","locations":[{"start":{"line":164,"column":43},"end":{"line":164,"column":59}},{"start":{"line":164,"column":63},"end":{"line":164,"column":90}}],"line":164},"17":{"loc":{"start":{"line":165,"column":4},"end":{"line":168,"column":5}},"type":"if","locations":[{"start":{"line":165,"column":4},"end":{"line":168,"column":5}},{"start":{"line":165,"column":4},"end":{"line":168,"column":5}}],"line":165},"18":{"loc":{"start":{"line":169,"column":4},"end":{"line":171,"column":5}},"type":"if","locations":[{"start":{"line":169,"column":4},"end":{"line":171,"column":5}},{"start":{"line":169,"column":4},"end":{"line":171,"column":5}}],"line":169},"19":{"loc":{"start":{"line":174,"column":4},"end":{"line":176,"column":5}},"type":"if","locations":[{"start":{"line":174,"column":4},"end":{"line":176,"column":5}},{"start":{"line":174,"column":4},"end":{"line":176,"column":5}}],"line":174},"20":{"loc":{"start":{"line":189,"column":8},"end":{"line":194,"column":9}},"type":"if","locations":[{"start":{"line":189,"column":8},"end":{"line":194,"column":9}},{"start":{"line":189,"column":8},"end":{"line":194,"column":9}}],"line":189},"21":{"loc":{"start":{"line":190,"column":12},"end":{"line":192,"column":13}},"type":"if","locations":[{"start":{"line":190,"column":12},"end":{"line":192,"column":13}},{"start":{"line":190,"column":12},"end":{"line":192,"column":13}}],"line":190},"22":{"loc":{"start":{"line":200,"column":11},"end":{"line":200,"column":79}},"type":"binary-expr","locations":[{"start":{"line":200,"column":11},"end":{"line":200,"column":43}},{"start":{"line":200,"column":47},"end":{"line":200,"column":79}}],"line":200},"23":{"loc":{"start":{"line":204,"column":11},"end":{"line":204,"column":81}},"type":"binary-expr","locations":[{"start":{"line":204,"column":11},"end":{"line":204,"column":44}},{"start":{"line":204,"column":48},"end":{"line":204,"column":81}}],"line":204},"24":{"loc":{"start":{"line":221,"column":19},"end":{"line":221,"column":150}},"type":"cond-expr","locations":[{"start":{"line":221,"column":136},"end":{"line":221,"column":142}},{"start":{"line":221,"column":145},"end":{"line":221,"column":150}}],"line":221},"25":{"loc":{"start":{"line":221,"column":19},"end":{"line":221,"column":133}},"type":"binary-expr","locations":[{"start":{"line":221,"column":19},"end":{"line":221,"column":116}},{"start":{"line":221,"column":120},"end":{"line":221,"column":133}}],"line":221},"26":{"loc":{"start":{"line":221,"column":25},"end":{"line":221,"column":106}},"type":"cond-expr","locations":[{"start":{"line":221,"column":85},"end":{"line":221,"column":91}},{"start":{"line":221,"column":94},"end":{"line":221,"column":106}}],"line":221},"27":{"loc":{"start":{"line":221,"column":25},"end":{"line":221,"column":82}},"type":"binary-expr","locations":[{"start":{"line":221,"column":25},"end":{"line":221,"column":65}},{"start":{"line":221,"column":69},"end":{"line":221,"column":82}}],"line":221},"28":{"loc":{"start":{"line":222,"column":4},"end":{"line":236,"column":5}},"type":"if","locations":[{"start":{"line":222,"column":4},"end":{"line":236,"column":5}},{"start":{"line":222,"column":4},"end":{"line":236,"column":5}}],"line":222},"29":{"loc":{"start":{"line":232,"column":51},"end":{"line":232,"column":106}},"type":"cond-expr","locations":[{"start":{"line":232,"column":89},"end":{"line":232,"column":95}},{"start":{"line":232,"column":98},"end":{"line":232,"column":106}}],"line":232},"30":{"loc":{"start":{"line":232,"column":51},"end":{"line":232,"column":86}},"type":"binary-expr","locations":[{"start":{"line":232,"column":51},"end":{"line":232,"column":69}},{"start":{"line":232,"column":73},"end":{"line":232,"column":86}}],"line":232},"31":{"loc":{"start":{"line":241,"column":11},"end":{"line":241,"column":55}},"type":"binary-expr","locations":[{"start":{"line":241,"column":11},"end":{"line":241,"column":30}},{"start":{"line":241,"column":34},"end":{"line":241,"column":55}}],"line":241},"32":{"loc":{"start":{"line":299,"column":44},"end":{"line":300,"column":45}},"type":"binary-expr","locations":[{"start":{"line":299,"column":44},"end":{"line":299,"column":67}},{"start":{"line":300,"column":8},"end":{"line":300,"column":45}}],"line":299},"33":{"loc":{"start":{"line":301,"column":45},"end":{"line":302,"column":44}},"type":"binary-expr","locations":[{"start":{"line":301,"column":45},"end":{"line":301,"column":68}},{"start":{"line":302,"column":8},"end":{"line":302,"column":44}}],"line":301},"34":{"loc":{"start":{"line":307,"column":12},"end":{"line":313,"column":13}},"type":"if","locations":[{"start":{"line":307,"column":12},"end":{"line":313,"column":13}},{"start":{"line":307,"column":12},"end":{"line":313,"column":13}}],"line":307},"35":{"loc":{"start":{"line":307,"column":41},"end":{"line":308,"column":53}},"type":"binary-expr","locations":[{"start":{"line":307,"column":41},"end":{"line":307,"column":74}},{"start":{"line":308,"column":16},"end":{"line":308,"column":53}}],"line":307},"36":{"loc":{"start":{"line":311,"column":67},"end":{"line":311,"column":89}},"type":"binary-expr","locations":[{"start":{"line":311,"column":67},"end":{"line":311,"column":74}},{"start":{"line":311,"column":78},"end":{"line":311,"column":89}}],"line":311}},"s":{"0":1,"1":1,"2":1,"3":1,"4":1,"5":9,"6":3132,"7":933,"8":2779,"9":9,"10":3132,"11":933,"12":2767,"13":9,"14":1,"15":2831,"16":931155,"17":408745,"18":2831,"19":1,"20":2830,"21":30,"22":2764,"23":0,"24":2764,"25":1630,"26":4106,"27":432,"28":1630,"29":4044,"30":464,"31":546,"32":464,"33":2,"34":462,"35":2762,"36":30,"37":30,"38":30,"39":2734,"40":2734,"41":2734,"42":2,"43":2,"44":0,"45":28,"46":0,"47":28,"48":0,"49":28,"50":66,"51":26,"52":29,"53":30,"54":30,"55":30,"56":37,"57":30,"58":1,"59":29,"60":29,"61":0,"62":29,"63":29,"64":29,"65":1,"66":29,"67":2,"68":27,"69":27,"70":27,"71":27,"72":2056,"73":27,"74":0,"75":0,"76":27,"77":1,"78":26,"79":26,"80":0,"81":26,"82":26,"83":26,"84":1,"85":69,"86":69,"87":69,"88":11262,"89":618699,"90":11262,"91":11262,"92":11112,"93":2110,"94":11112,"95":69,"96":1,"97":84,"98":1,"99":0,"100":1,"101":26,"102":84,"103":26,"104":0,"105":1,"106":42,"107":42,"108":42,"109":42,"110":42,"111":54,"112":45,"113":45,"114":42,"115":42,"116":1,"117":0,"118":1,"119":0,"120":1,"121":0,"122":0,"123":0,"124":0,"125":1,"126":0,"127":0,"128":0,"129":0,"130":0,"131":0,"132":0,"133":0,"134":0,"135":0,"136":0,"137":0,"138":0,"139":0,"140":0,"141":0,"142":0,"143":0,"144":0,"145":0,"146":0,"147":1},"f":{"0":9,"1":3132,"2":933,"3":2779,"4":3132,"5":933,"6":2767,"7":2831,"8":931155,"9":408745,"10":30,"11":2764,"12":4106,"13":4044,"14":546,"15":66,"16":26,"17":29,"18":30,"19":2056,"20":69,"21":618699,"22":84,"23":0,"24":26,"25":84,"26":0,"27":42,"28":54,"29":45,"30":45,"31":0,"32":0,"33":0,"34":0,"35":0,"36":0,"37":0,"38":0,"39":0,"40":0},"b":{"0":[1,2830],"1":[0,2764],"2":[1630,1134],"3":[432,1198],"4":[464,1166],"5":[2,462],"6":[2762,2734],"7":[2,0],"8":[0,28],"9":[0,28],"10":[66,54],"11":[67,66],"12":[1,29],"13":[0,29],"14":[30,28],"15":[2,27],"16":[2056,114],"17":[0,27],"18":[1,26],"19":[0,26],"20":[11112,150],"21":[2110,9002],"22":[84,29],"23":[0,0],"24":[0,42],"25":[42,42],"26":[0,42],"27":[42,42],"28":[42,0],"29":[0,45],"30":[45,45],"31":[0,0],"32":[0,0],"33":[0,0],"34":[0,0],"35":[0,0],"36":[0,0]},"_coverageSchema":"1a1c01bbd47fc00a2c39e90264f33305004495a9","hash":"d5e34e26c4d21d20b5cbc3966b8cb99576d708cf","contentHash":"3a34eaf9892d0cf705794b4b6518c1e5ff48434cf23935e420b7057b85729225"},"/Users/apple/dev/projects/mocha-parser/_out/is-valid-ts.js":{"path":"/Users/apple/dev/projects/mocha-parser/_out/is-valid-ts.js","statementMap":{"0":{"start":{"line":2,"column":0},"end":{"line":2,"column":62}},"1":{"start":{"line":3,"column":0},"end":{"line":3,"column":46}},"2":{"start":{"line":4,"column":15},"end":{"line":4,"column":33}},"3":{"start":{"line":6,"column":12},"end":{"line":6,"column":50}},"4":{"start":{"line":7,"column":4},"end":{"line":12,"column":5}},"5":{"start":{"line":8,"column":16},"end":{"line":8,"column":43}},"6":{"start":{"line":11,"column":8},"end":{"line":11,"column":21}},"7":{"start":{"line":13,"column":4},"end":{"line":13,"column":16}},"8":{"start":{"line":15,"column":0},"end":{"line":15,"column":30}},"9":{"start":{"line":17,"column":4},"end":{"line":17,"column":89}},"10":{"start":{"line":17,"column":67},"end":{"line":17,"column":87}},"11":{"start":{"line":18,"column":4},"end":{"line":18,"column":70}},"12":{"start":{"line":18,"column":48},"end":{"line":18,"column":68}},"13":{"start":{"line":19,"column":4},"end":{"line":19,"column":71}},"14":{"start":{"line":19,"column":49},"end":{"line":19,"column":69}},"15":{"start":{"line":20,"column":12},"end":{"line":20,"column":151}},"16":{"start":{"line":22,"column":4},"end":{"line":27,"column":5}},"17":{"start":{"line":23,"column":8},"end":{"line":23,"column":48}},"18":{"start":{"line":26,"column":8},"end":{"line":26,"column":20}},"19":{"start":{"line":28,"column":4},"end":{"line":28,"column":14}},"20":{"start":{"line":30,"column":0},"end":{"line":30,"column":28}}},"fnMap":{"0":{"name":"isValidTS","decl":{"start":{"line":5,"column":9},"end":{"line":5,"column":18}},"loc":{"start":{"line":5,"column":22},"end":{"line":14,"column":1}},"line":5},"1":{"name":"jsFromTs","decl":{"start":{"line":16,"column":9},"end":{"line":16,"column":17}},"loc":{"start":{"line":16,"column":28},"end":{"line":29,"column":1}},"line":16},"2":{"name":"(anonymous_2)","decl":{"start":{"line":17,"column":62},"end":{"line":17,"column":63}},"loc":{"start":{"line":17,"column":67},"end":{"line":17,"column":87}},"line":17},"3":{"name":"(anonymous_3)","decl":{"start":{"line":18,"column":43},"end":{"line":18,"column":44}},"loc":{"start":{"line":18,"column":48},"end":{"line":18,"column":68}},"line":18},"4":{"name":"(anonymous_4)","decl":{"start":{"line":19,"column":44},"end":{"line":19,"column":45}},"loc":{"start":{"line":19,"column":49},"end":{"line":19,"column":69}},"line":19}},"branchMap":{},"s":{"0":1,"1":1,"2":1,"3":38,"4":38,"5":38,"6":2,"7":36,"8":1,"9":27,"10":0,"11":27,"12":0,"13":27,"14":0,"15":27,"16":27,"17":27,"18":0,"19":27,"20":1},"f":{"0":38,"1":27,"2":0,"3":0,"4":0},"b":{},"_coverageSchema":"1a1c01bbd47fc00a2c39e90264f33305004495a9","hash":"da92801928cefd6ebfeb6f846fb4f3d7e2dda6e9","contentHash":"3a9f5c13a566ce53f6a5b9ab1cb774a4a6aeda5dbbf888332b61ecc5b5284f27"},"/Users/apple/dev/projects/mocha-parser/_out/text-treatment-util.js":{"path":"/Users/apple/dev/projects/mocha-parser/_out/text-treatment-util.js","statementMap":{"0":{"start":{"line":2,"column":0},"end":{"line":2,"column":62}},"1":{"start":{"line":3,"column":0},"end":{"line":3,"column":69}},"2":{"start":{"line":5,"column":23},"end":{"line":5,"column":25}},"3":{"start":{"line":6,"column":4},"end":{"line":6,"column":84}},"4":{"start":{"line":6,"column":21},"end":{"line":6,"column":36}},"5":{"start":{"line":6,"column":55},"end":{"line":6,"column":82}},"6":{"start":{"line":7,"column":23},"end":{"line":7,"column":86}},"7":{"start":{"line":7,"column":51},"end":{"line":7,"column":68}},"8":{"start":{"line":8,"column":17},"end":{"line":8,"column":41}},"9":{"start":{"line":9,"column":4},"end":{"line":9,"column":18}},"10":{"start":{"line":11,"column":0},"end":{"line":11,"column":68}},"11":{"start":{"line":15,"column":14},"end":{"line":15,"column":94}},"12":{"start":{"line":16,"column":4},"end":{"line":16,"column":41}},"13":{"start":{"line":16,"column":27},"end":{"line":16,"column":39}},"14":{"start":{"line":18,"column":0},"end":{"line":18,"column":36}}},"fnMap":{"0":{"name":"getRegExpForMatchingAllWords","decl":{"start":{"line":4,"column":9},"end":{"line":4,"column":37}},"loc":{"start":{"line":4,"column":47},"end":{"line":10,"column":1}},"line":4},"1":{"name":"(anonymous_1)","decl":{"start":{"line":6,"column":16},"end":{"line":6,"column":17}},"loc":{"start":{"line":6,"column":21},"end":{"line":6,"column":36}},"line":6},"2":{"name":"(anonymous_2)","decl":{"start":{"line":6,"column":46},"end":{"line":6,"column":47}},"loc":{"start":{"line":6,"column":55},"end":{"line":6,"column":82}},"line":6},"3":{"name":"(anonymous_3)","decl":{"start":{"line":7,"column":46},"end":{"line":7,"column":47}},"loc":{"start":{"line":7,"column":51},"end":{"line":7,"column":68}},"line":7},"4":{"name":"extractWords","decl":{"start":{"line":12,"column":9},"end":{"line":12,"column":21}},"loc":{"start":{"line":12,"column":30},"end":{"line":17,"column":1}},"line":12},"5":{"name":"(anonymous_5)","decl":{"start":{"line":16,"column":22},"end":{"line":16,"column":23}},"loc":{"start":{"line":16,"column":27},"end":{"line":16,"column":39}},"line":16}},"branchMap":{},"s":{"0":1,"1":1,"2":26,"3":26,"4":42,"5":42,"6":26,"7":117,"8":26,"9":26,"10":1,"11":42,"12":42,"13":185,"14":1},"f":{"0":26,"1":42,"2":42,"3":117,"4":42,"5":185},"b":{},"_coverageSchema":"1a1c01bbd47fc00a2c39e90264f33305004495a9","hash":"08e5e32052cfdbd39173e7ddfbee5671310cc118","contentHash":"e084372fb6632a3d25d2ac5d2d5ebc08efeeed7f8408799dd8b62ab4a7aec830"},"/Users/apple/dev/projects/mocha-parser/src/ts-stripper.ts":{"path":"/Users/apple/dev/projects/mocha-parser/src/ts-stripper.ts","statementMap":{"0":{"start":{"line":2,"column":0},"end":{"line":2,"column":62}},"1":{"start":{"line":3,"column":0},"end":{"line":3,"column":39}},"2":{"start":{"line":4,"column":16},"end":{"line":4,"column":34}},"3":{"start":{"line":5,"column":23},"end":{"line":5,"column":48}},"4":{"start":{"line":16,"column":17},"end":{"line":16,"column":85}},"5":{"start":{"line":17,"column":19},"end":{"line":17,"column":83}},"6":{"start":{"line":18,"column":19},"end":{"line":26,"column":5}},"7":{"start":{"line":19,"column":8},"end":{"line":24,"column":9}},"8":{"start":{"line":20,"column":12},"end":{"line":20,"column":84}},"9":{"start":{"line":23,"column":12},"end":{"line":23,"column":23}},"10":{"start":{"line":25,"column":8},"end":{"line":25,"column":20}},"11":{"start":{"line":28,"column":4},"end":{"line":110,"column":5}},"12":{"start":{"line":29,"column":36},"end":{"line":35,"column":13}},"13":{"start":{"line":31,"column":12},"end":{"line":31,"column":42}},"14":{"start":{"line":33,"column":20},"end":{"line":33,"column":27}},"15":{"start":{"line":34,"column":12},"end":{"line":34,"column":69}},"16":{"start":{"line":36,"column":8},"end":{"line":36,"column":36}},"17":{"start":{"line":37,"column":34},"end":{"line":38,"column":49}},"18":{"start":{"line":37,"column":58},"end":{"line":37,"column":89}},"19":{"start":{"line":38,"column":25},"end":{"line":38,"column":48}},"20":{"start":{"line":39,"column":30},"end":{"line":40,"column":49}},"21":{"start":{"line":39,"column":54},"end":{"line":39,"column":85}},"22":{"start":{"line":40,"column":25},"end":{"line":40,"column":48}},"23":{"start":{"line":42,"column":32},"end":{"line":44,"column":55}},"24":{"start":{"line":43,"column":37},"end":{"line":43,"column":61}},"25":{"start":{"line":44,"column":25},"end":{"line":44,"column":54}},"26":{"start":{"line":45,"column":32},"end":{"line":47,"column":55}},"27":{"start":{"line":46,"column":37},"end":{"line":46,"column":61}},"28":{"start":{"line":47,"column":25},"end":{"line":47,"column":54}},"29":{"start":{"line":48,"column":22},"end":{"line":56,"column":10}},"30":{"start":{"line":49,"column":26},"end":{"line":49,"column":28}},"31":{"start":{"line":50,"column":12},"end":{"line":54,"column":15}},"32":{"start":{"line":51,"column":16},"end":{"line":53,"column":17}},"33":{"start":{"line":52,"column":20},"end":{"line":52,"column":43}},"34":{"start":{"line":55,"column":12},"end":{"line":55,"column":58}},"35":{"start":{"line":58,"column":12},"end":{"line":65,"column":15}},"36":{"start":{"line":59,"column":16},"end":{"line":64,"column":18}},"37":{"start":{"line":63,"column":53},"end":{"line":63,"column":62}},"38":{"start":{"line":66,"column":12},"end":{"line":66,"column":27}},"39":{"start":{"line":68,"column":8},"end":{"line":68,"column":41}},"40":{"start":{"line":69,"column":18},"end":{"line":69,"column":19}},"41":{"start":{"line":70,"column":8},"end":{"line":76,"column":9}},"42":{"start":{"line":70,"column":21},"end":{"line":70,"column":22}},"43":{"start":{"line":71,"column":39},"end":{"line":71,"column":57}},"44":{"start":{"line":72,"column":12},"end":{"line":72,"column":76}},"45":{"start":{"line":72,"column":66},"end":{"line":72,"column":74}},"46":{"start":{"line":73,"column":12},"end":{"line":75,"column":13}},"47":{"start":{"line":74,"column":16},"end":{"line":74,"column":70}},"48":{"start":{"line":74,"column":56},"end":{"line":74,"column":61}},"49":{"start":{"line":77,"column":8},"end":{"line":77,"column":41}},"50":{"start":{"line":78,"column":18},"end":{"line":78,"column":28}},"51":{"start":{"line":79,"column":8},"end":{"line":85,"column":9}},"52":{"start":{"line":79,"column":21},"end":{"line":79,"column":39}},"53":{"start":{"line":80,"column":39},"end":{"line":80,"column":57}},"54":{"start":{"line":81,"column":12},"end":{"line":81,"column":76}},"55":{"start":{"line":81,"column":66},"end":{"line":81,"column":74}},"56":{"start":{"line":82,"column":12},"end":{"line":84,"column":13}},"57":{"start":{"line":83,"column":16},"end":{"line":83,"column":70}},"58":{"start":{"line":83,"column":56},"end":{"line":83,"column":61}},"59":{"start":{"line":86,"column":8},"end":{"line":86,"column":41}},"60":{"start":{"line":87,"column":30},"end":{"line":91,"column":10}},"61":{"start":{"line":88,"column":12},"end":{"line":90,"column":15}},"62":{"start":{"line":89,"column":16},"end":{"line":89,"column":84}},"63":{"start":{"line":92,"column":32},"end":{"line":93,"column":68}},"64":{"start":{"line":93,"column":30},"end":{"line":93,"column":67}},"65":{"start":{"line":94,"column":37},"end":{"line":94,"column":249}},"66":{"start":{"line":95,"column":31},"end":{"line":96,"column":68}},"67":{"start":{"line":96,"column":30},"end":{"line":96,"column":67}},"68":{"start":{"line":97,"column":37},"end":{"line":97,"column":267}},"69":{"start":{"line":98,"column":27},"end":{"line":98,"column":110}},"70":{"start":{"line":98,"column":51},"end":{"line":98,"column":109}},"71":{"start":{"line":99,"column":38},"end":{"line":100,"column":79}},"72":{"start":{"line":100,"column":25},"end":{"line":100,"column":67}},"73":{"start":{"line":101,"column":37},"end":{"line":102,"column":79}},"74":{"start":{"line":102,"column":25},"end":{"line":102,"column":67}},"75":{"start":{"line":103,"column":27},"end":{"line":103,"column":113}},"76":{"start":{"line":103,"column":53},"end":{"line":103,"column":112}},"77":{"start":{"line":104,"column":28},"end":{"line":106,"column":10}},"78":{"start":{"line":105,"column":12},"end":{"line":105,"column":81}},"79":{"start":{"line":105,"column":44},"end":{"line":105,"column":79}},"80":{"start":{"line":107,"column":8},"end":{"line":107,"column":67}},"81":{"start":{"line":108,"column":8},"end":{"line":108,"column":82}},"82":{"start":{"line":108,"column":35},"end":{"line":108,"column":80}},"83":{"start":{"line":111,"column":4},"end":{"line":111,"column":18}},"84":{"start":{"line":113,"column":0},"end":{"line":113,"column":54}}},"fnMap":{"0":{"name":"stripIntoEsprimableJS","decl":{"start":{"line":6,"column":9},"end":{"line":6,"column":30}},"loc":{"start":{"line":6,"column":43},"end":{"line":112,"column":1}},"line":6},"1":{"name":"(anonymous_1)","decl":{"start":{"line":18,"column":19},"end":{"line":18,"column":20}},"loc":{"start":{"line":18,"column":25},"end":{"line":26,"column":5}},"line":18},"2":{"name":"(anonymous_2)","decl":{"start":{"line":30,"column":17},"end":{"line":30,"column":18}},"loc":{"start":{"line":30,"column":27},"end":{"line":32,"column":9}},"line":30},"3":{"name":"(anonymous_3)","decl":{"start":{"line":32,"column":18},"end":{"line":32,"column":19}},"loc":{"start":{"line":32,"column":23},"end":{"line":35,"column":9}},"line":32},"4":{"name":"(anonymous_4)","decl":{"start":{"line":37,"column":48},"end":{"line":37,"column":49}},"loc":{"start":{"line":37,"column":58},"end":{"line":37,"column":89}},"line":37},"5":{"name":"(anonymous_5)","decl":{"start":{"line":38,"column":20},"end":{"line":38,"column":21}},"loc":{"start":{"line":38,"column":25},"end":{"line":38,"column":48}},"line":38},"6":{"name":"(anonymous_6)","decl":{"start":{"line":39,"column":44},"end":{"line":39,"column":45}},"loc":{"start":{"line":39,"column":54},"end":{"line":39,"column":85}},"line":39},"7":{"name":"(anonymous_7)","decl":{"start":{"line":40,"column":20},"end":{"line":40,"column":21}},"loc":{"start":{"line":40,"column":25},"end":{"line":40,"column":48}},"line":40},"8":{"name":"(anonymous_8)","decl":{"start":{"line":43,"column":17},"end":{"line":43,"column":18}},"loc":{"start":{"line":43,"column":35},"end":{"line":43,"column":63}},"line":43},"9":{"name":"(anonymous_9)","decl":{"start":{"line":44,"column":20},"end":{"line":44,"column":21}},"loc":{"start":{"line":44,"column":25},"end":{"line":44,"column":54}},"line":44},"10":{"name":"(anonymous_10)","decl":{"start":{"line":46,"column":17},"end":{"line":46,"column":18}},"loc":{"start":{"line":46,"column":35},"end":{"line":46,"column":63}},"line":46},"11":{"name":"(anonymous_11)","decl":{"start":{"line":47,"column":20},"end":{"line":47,"column":21}},"loc":{"start":{"line":47,"column":25},"end":{"line":47,"column":54}},"line":47},"12":{"name":"(anonymous_12)","decl":{"start":{"line":48,"column":44},"end":{"line":48,"column":45}},"loc":{"start":{"line":48,"column":49},"end":{"line":56,"column":9}},"line":48},"13":{"name":"(anonymous_13)","decl":{"start":{"line":50,"column":38},"end":{"line":50,"column":39}},"loc":{"start":{"line":50,"column":44},"end":{"line":54,"column":13}},"line":50},"14":{"name":"updateMatches","decl":{"start":{"line":57,"column":17},"end":{"line":57,"column":30}},"loc":{"start":{"line":57,"column":40},"end":{"line":67,"column":9}},"line":57},"15":{"name":"(anonymous_15)","decl":{"start":{"line":58,"column":34},"end":{"line":58,"column":35}},"loc":{"start":{"line":58,"column":39},"end":{"line":65,"column":13}},"line":58},"16":{"name":"(anonymous_16)","decl":{"start":{"line":63,"column":48},"end":{"line":63,"column":49}},"loc":{"start":{"line":63,"column":53},"end":{"line":63,"column":62}},"line":63},"17":{"name":"(anonymous_17)","decl":{"start":{"line":72,"column":61},"end":{"line":72,"column":62}},"loc":{"start":{"line":72,"column":66},"end":{"line":72,"column":74}},"line":72},"18":{"name":"(anonymous_18)","decl":{"start":{"line":74,"column":46},"end":{"line":74,"column":47}},"loc":{"start":{"line":74,"column":56},"end":{"line":74,"column":61}},"line":74},"19":{"name":"(anonymous_19)","decl":{"start":{"line":81,"column":61},"end":{"line":81,"column":62}},"loc":{"start":{"line":81,"column":66},"end":{"line":81,"column":74}},"line":81},"20":{"name":"(anonymous_20)","decl":{"start":{"line":83,"column":46},"end":{"line":83,"column":47}},"loc":{"start":{"line":83,"column":56},"end":{"line":83,"column":61}},"line":83},"21":{"name":"(anonymous_21)","decl":{"start":{"line":87,"column":55},"end":{"line":87,"column":56}},"loc":{"start":{"line":87,"column":62},"end":{"line":91,"column":9}},"line":87},"22":{"name":"(anonymous_22)","decl":{"start":{"line":88,"column":32},"end":{"line":88,"column":33}},"loc":{"start":{"line":88,"column":41},"end":{"line":90,"column":13}},"line":88},"23":{"name":"(anonymous_23)","decl":{"start":{"line":93,"column":20},"end":{"line":93,"column":21}},"loc":{"start":{"line":93,"column":30},"end":{"line":93,"column":67}},"line":93},"24":{"name":"(anonymous_24)","decl":{"start":{"line":96,"column":20},"end":{"line":96,"column":21}},"loc":{"start":{"line":96,"column":30},"end":{"line":96,"column":67}},"line":96},"25":{"name":"(anonymous_25)","decl":{"start":{"line":98,"column":41},"end":{"line":98,"column":42}},"loc":{"start":{"line":98,"column":51},"end":{"line":98,"column":109}},"line":98},"26":{"name":"(anonymous_26)","decl":{"start":{"line":100,"column":20},"end":{"line":100,"column":21}},"loc":{"start":{"line":100,"column":25},"end":{"line":100,"column":67}},"line":100},"27":{"name":"(anonymous_27)","decl":{"start":{"line":102,"column":20},"end":{"line":102,"column":21}},"loc":{"start":{"line":102,"column":25},"end":{"line":102,"column":67}},"line":102},"28":{"name":"(anonymous_28)","decl":{"start":{"line":103,"column":43},"end":{"line":103,"column":44}},"loc":{"start":{"line":103,"column":53},"end":{"line":103,"column":112}},"line":103},"29":{"name":"(anonymous_29)","decl":{"start":{"line":104,"column":48},"end":{"line":104,"column":49}},"loc":{"start":{"line":104,"column":54},"end":{"line":106,"column":9}},"line":104},"30":{"name":"(anonymous_30)","decl":{"start":{"line":105,"column":38},"end":{"line":105,"column":39}},"loc":{"start":{"line":105,"column":44},"end":{"line":105,"column":79}},"line":105},"31":{"name":"(anonymous_31)","decl":{"start":{"line":108,"column":30},"end":{"line":108,"column":31}},"loc":{"start":{"line":108,"column":35},"end":{"line":108,"column":80}},"line":108}},"branchMap":{"0":{"loc":{"start":{"line":34,"column":19},"end":{"line":34,"column":68}},"type":"binary-expr","locations":[{"start":{"line":34,"column":19},"end":{"line":34,"column":42}},{"start":{"line":34,"column":46},"end":{"line":34,"column":68}}],"line":34},"1":{"loc":{"start":{"line":51,"column":16},"end":{"line":53,"column":17}},"type":"if","locations":[{"start":{"line":51,"column":16},"end":{"line":53,"column":17}},{"start":{"line":51,"column":16},"end":{"line":53,"column":17}}],"line":51},"2":{"loc":{"start":{"line":73,"column":12},"end":{"line":75,"column":13}},"type":"if","locations":[{"start":{"line":73,"column":12},"end":{"line":75,"column":13}},{"start":{"line":73,"column":12},"end":{"line":75,"column":13}}],"line":73},"3":{"loc":{"start":{"line":82,"column":12},"end":{"line":84,"column":13}},"type":"if","locations":[{"start":{"line":82,"column":12},"end":{"line":84,"column":13}},{"start":{"line":82,"column":12},"end":{"line":84,"column":13}}],"line":82},"4":{"loc":{"start":{"line":89,"column":23},"end":{"line":89,"column":83}},"type":"binary-expr","locations":[{"start":{"line":89,"column":23},"end":{"line":89,"column":49}},{"start":{"line":89,"column":53},"end":{"line":89,"column":83}}],"line":89},"5":{"loc":{"start":{"line":94,"column":37},"end":{"line":94,"column":249}},"type":"cond-expr","locations":[{"start":{"line":94,"column":243},"end":{"line":94,"column":245}},{"start":{"line":94,"column":248},"end":{"line":94,"column":249}}],"line":94},"6":{"loc":{"start":{"line":94,"column":37},"end":{"line":94,"column":240}},"type":"binary-expr","locations":[{"start":{"line":94,"column":37},"end":{"line":94,"column":223}},{"start":{"line":94,"column":227},"end":{"line":94,"column":240}}],"line":94},"7":{"loc":{"start":{"line":94,"column":43},"end":{"line":94,"column":213}},"type":"cond-expr","locations":[{"start":{"line":94,"column":196},"end":{"line":94,"column":202}},{"start":{"line":94,"column":205},"end":{"line":94,"column":213}}],"line":94},"8":{"loc":{"start":{"line":94,"column":43},"end":{"line":94,"column":193}},"type":"binary-expr","locations":[{"start":{"line":94,"column":43},"end":{"line":94,"column":176}},{"start":{"line":94,"column":180},"end":{"line":94,"column":193}}],"line":94},"9":{"loc":{"start":{"line":94,"column":49},"end":{"line":94,"column":166}},"type":"cond-expr","locations":[{"start":{"line":94,"column":110},"end":{"line":94,"column":116}},{"start":{"line":94,"column":119},"end":{"line":94,"column":166}}],"line":94},"10":{"loc":{"start":{"line":94,"column":49},"end":{"line":94,"column":107}},"type":"binary-expr","locations":[{"start":{"line":94,"column":49},"end":{"line":94,"column":75}},{"start":{"line":94,"column":79},"end":{"line":94,"column":107}}],"line":94},"11":{"loc":{"start":{"line":97,"column":37},"end":{"line":97,"column":267}},"type":"cond-expr","locations":[{"start":{"line":97,"column":213},"end":{"line":97,"column":215}},{"start":{"line":97,"column":218},"end":{"line":97,"column":267}}],"line":97},"12":{"loc":{"start":{"line":97,"column":37},"end":{"line":97,"column":210}},"type":"binary-expr","locations":[{"start":{"line":97,"column":37},"end":{"line":97,"column":193}},{"start":{"line":97,"column":197},"end":{"line":97,"column":210}}],"line":97},"13":{"loc":{"start":{"line":97,"column":43},"end":{"line":97,"column":183}},"type":"cond-expr","locations":[{"start":{"line":97,"column":166},"end":{"line":97,"column":172}},{"start":{"line":97,"column":175},"end":{"line":97,"column":183}}],"line":97},"14":{"loc":{"start":{"line":97,"column":43},"end":{"line":97,"column":163}},"type":"binary-expr","locations":[{"start":{"line":97,"column":43},"end":{"line":97,"column":146}},{"start":{"line":97,"column":150},"end":{"line":97,"column":163}}],"line":97},"15":{"loc":{"start":{"line":97,"column":49},"end":{"line":97,"column":136}},"type":"cond-expr","locations":[{"start":{"line":97,"column":108},"end":{"line":97,"column":114}},{"start":{"line":97,"column":117},"end":{"line":97,"column":136}}],"line":97},"16":{"loc":{"start":{"line":97,"column":49},"end":{"line":97,"column":105}},"type":"binary-expr","locations":[{"start":{"line":97,"column":49},"end":{"line":97,"column":74}},{"start":{"line":97,"column":78},"end":{"line":97,"column":105}}],"line":97},"17":{"loc":{"start":{"line":98,"column":51},"end":{"line":98,"column":109}},"type":"binary-expr","locations":[{"start":{"line":98,"column":51},"end":{"line":98,"column":78}},{"start":{"line":98,"column":82},"end":{"line":98,"column":109}}],"line":98},"18":{"loc":{"start":{"line":103,"column":53},"end":{"line":103,"column":112}},"type":"binary-expr","locations":[{"start":{"line":103,"column":53},"end":{"line":103,"column":81}},{"start":{"line":103,"column":85},"end":{"line":103,"column":112}}],"line":103}},"s":{"0":1,"1":1,"2":1,"3":1,"4":1,"5":1,"6":1,"7":5,"8":5,"9":4,"10":1,"11":1,"12":4,"13":1668,"14":1668,"15":1668,"16":4,"17":4,"18":1668,"19":929,"20":4,"21":1668,"22":735,"23":4,"24":1668,"25":1668,"26":4,"27":1440,"28":1440,"29":4,"30":372,"31":372,"32":42408,"33":1536,"34":372,"35":12,"36":1116,"37":2828,"38":12,"39":4,"40":4,"41":4,"42":4,"43":372,"44":372,"45":1536,"46":372,"47":372,"48":548,"49":4,"50":4,"51":4,"52":4,"53":372,"54":372,"55":920,"56":372,"57":372,"58":0,"59":4,"60":4,"61":456,"62":25296,"63":4,"64":372,"65":4,"66":4,"67":372,"68":4,"69":4,"70":1668,"71":4,"72":372,"73":4,"74":372,"75":4,"76":1440,"77":4,"78":31,"79":81,"80":4,"81":4,"82":16,"83":1,"84":1},"f":{"0":1,"1":5,"2":1668,"3":1668,"4":1668,"5":929,"6":1668,"7":735,"8":1668,"9":1668,"10":1440,"11":1440,"12":372,"13":42408,"14":12,"15":1116,"16":2828,"17":1536,"18":548,"19":920,"20":0,"21":456,"22":25296,"23":372,"24":372,"25":1668,"26":372,"27":372,"28":1440,"29":31,"30":81,"31":16},"b":{"0":[1668,933],"1":[1536,40872],"2":[372,0],"3":[372,0],"4":[25296,25296],"5":[4,0],"6":[4,4],"7":[0,4],"8":[4,4],"9":[0,4],"10":[4,4],"11":[4,0],"12":[4,4],"13":[0,4],"14":[4,4],"15":[0,4],"16":[4,4],"17":[1668,743],"18":[1440,691]},"inputSourceMap":{"version":3,"file":"/Users/apple/dev/projects/mocha-parser/src/ts-stripper.ts","sources":["/Users/apple/dev/projects/mocha-parser/src/ts-stripper.ts"],"names":[],"mappings":";;;AACA,mCAAmC;AACnC,iDAAwE;AAExE,SAAgB,qBAAqB,CAAC,MAAc,EAAE,EAAU;;IAE5D;;;;;;;MAOE;IACF,IAAI,MAAM,GAAG,OAAO,CAAC,QAAQ,CAAC,MAAM,EAAE,EAAE,GAAG,EAAE,IAAI,EAAE,KAAK,EAAE,IAAI,EAAE,QAAQ,EAAE,IAAI,EAAE,CAAC,CAAC;IAClF,IAAI,QAAQ,GAAG,OAAO,CAAC,QAAQ,CAAC,EAAE,EAAE,EAAE,GAAG,EAAE,IAAI,EAAE,KAAK,EAAE,IAAI,EAAE,QAAQ,EAAE,IAAI,EAAE,CAAC,CAAC;IAChF,IAAI,QAAQ,GAAG,GAAY,EAAE;QACzB,IAAI;YACA,OAAO,CAAC,WAAW,CAAC,MAAM,EAAE,EAAE,GAAG,EAAE,IAAI,EAAE,KAAK,EAAE,IAAI,EAAE,QAAQ,EAAE,IAAI,EAAE,CAAC,CAAC;SAC3E;QAAC,OAAO,GAAG,EAAE;YACV,OAAO,GAAG,CAAC;SACd;QACD,OAAO,IAAI,CAAC;IAChB,CAAC,CAAA;IACD,IAAI,GAAG,CAAC;IACR,OAAO,GAAG,GAAG,QAAQ,EAAE,EAAE;QACrB,IAAI,qBAAqB,GAAG,MAAM;aAC7B,GAAG,CAAC,CAAC,CAAC,EAAE,CAAC,EAAE,EAAE;YACV,OAAO,EAAE,KAAK,EAAE,CAAC,EAAE,KAAK,EAAE,CAAC,EAAE,CAAC;QAClC,CAAC,CAAC,CAAC,MAAM,CAAC,CAAC,CAAC,EAAE;YACV,IAAI,CAAC,GAAQ,CAAC,CAAC,KAAK,CAAC;YACrB,OAAO,CAAC,CAAC,KAAK,CAAC,CAAC,CAAC,IAAI,GAAG,CAAC,KAAK,IAAI,CAAC,CAAC,KAAK,CAAC,CAAC,CAAC,GAAG,GAAG,CAAC,KAAK,CAAC;QAC7D,CAAC,CAAC,CAAC,CAAC,CAAC,CAAC;QACV,qBAAqB,CAAC,KAAK,CAAA;QAE3B,IAAI,mBAAmB,GAAG,MAAM,CAAC,MAAM,CAAC,CAAC,CAAC,EAAE,CAAC,EAAE,EAAE,CAAC,CAAC,GAAG,qBAAqB,CAAC,KAAK,CAAC;aAC7E,MAAM,CAAC,CAAC,CAAC,EAAE,CAAC,CAAC,CAAC,IAAI,KAAK,YAAY,CAAC,CAAC;QAC1C,IAAI,eAAe,GAAG,MAAM,CAAC,MAAM,CAAC,CAAC,CAAC,EAAE,CAAC,EAAE,EAAE,CAAC,CAAC,GAAG,qBAAqB,CAAC,KAAK,CAAC;aACzE,MAAM,CAAC,CAAC,CAAC,EAAE,CAAC,CAAC,CAAC,IAAI,KAAK,YAAY,CAAC,CAAC;QAC1C,sBAAsB;QAGtB,IAAI,iBAAiB,GAAG,MAAM;aACzB,GAAG,CAAC,CAAC,KAAK,EAAE,KAAK,EAAE,EAAE,GAAG,OAAO,EAAE,KAAK,EAAE,KAAK,EAAE,CAAC,CAAC,CAAC,CAAC;aACnD,MAAM,CAAC,CAAC,CAAC,EAAE,CAAC,CAAC,CAAC,KAAK,CAAC,IAAI,KAAK,YAAY,CAAC,CAAC;QAChD,IAAI,iBAAiB,GAAG,QAAQ;aAC3B,GAAG,CAAC,CAAC,KAAK,EAAE,KAAK,EAAE,EAAE,GAAG,OAAO,EAAE,KAAK,EAAE,KAAK,EAAE,CAAC,CAAC,CAAC,CAAC;aACnD,MAAM,CAAC,CAAC,CAAC,EAAE,CAAC,CAAC,CAAC,KAAK,CAAC,IAAI,KAAK,YAAY,CAAC,CAAC;QAEhD,IAAI,OAAO,GAA0C,iBAAiB,CAAC,GAAG,CAAC,CAAC,CAAC,EAAE;YAC3E,IAAI,OAAO,GAAa,EAAE,CAAC;YAC3B,iBAAiB,CAAC,OAAO,CAAC,EAAE,CAAC,EAAE;gBAC3B,IAAI,2BAAY,CAAC,CAAC,CAAC,KAAK,EAAE,EAAE,CAAC,KAAK,CAAC,EAAE;oBACjC,OAAO,CAAC,IAAI,CAAC,EAAE,CAAC,KAAK,CAAC,CAAC;iBAC1B;YACL,CAAC,CAAC,CAAC;YACH,OAAO,EAAC,OAAO,EAAE,CAAC,CAAC,KAAK,EAAE,OAAO,EAAE,OAAO,EAAC,CAAC;QAChD,CAAC,CAAC,CAAC;QAEH,SAAS,aAAa,CAAC,OAA8C;YACjE,OAAO,GAAG,OAAO,CAAC,GAAG,CAAC,CAAC,CAAA,EAAE;gBACrB,OAAO;oBACH,OAAO,EAAG,CAAC,CAAC,OAAO;oBACnB,OAAO,EAAG,CAAC,CAAC,OAAO;oBACnB,WAAW,EAAG,QAAQ,CAAC,CAAC,CAAC,OAAO,CAAC;oBACjC,YAAY,EAAG,CAAC,CAAC,OAAO,CAAC,GAAG,CAAC,CAAC,CAAA,EAAE,CAC5B,MAAM,CAAC,CAAC,CAAC,CAAC;iBACjB,CAAA;YACL,CAAC,CAAC,CAAA;YACF,OAAO,OAAO,CAAC;QACnB,CAAC;QAED,OAAO,GAAG,aAAa,CAAC,OAAO,CAAC,CAAC;QAGjC,IAAI,GAAG,GAAG,CAAC,CAAC;QACZ,KAAK,IAAI,CAAC,GAAG,CAAC,EAAE,CAAC,GAAG,OAAO,CAAC,MAAM,EAAE,CAAC,EAAE,EAAE;YACrC,IAAI,oBAAoB,GAAG,OAAO,CAAC,CAAC,CAAC,CAAC,OAAO,CAAC;YAC9C,OAAO,CAAC,CAAC,CAAC,CAAC,OAAO,GAAG,oBAAoB,CAAC,MAAM,CAAC,CAAC,CAAC,EAAE,CAAC,CAAC,IAAI,GAAG,CAAC,CAAC;YAChE,IAAI,OAAO,CAAC,CAAC,CAAC,CAAC,OAAO,CAAC,MAAM,GAAG,CAAC,EAAE;gBAC/B,GAAG,GAAG,OAAO,CAAC,CAAC,CAAC,CAAC,OAAO,CAAC,IAAI,CAAC,CAAC,CAAC,EAAE,CAAC,EAAE,EAAE,CAAC,CAAC,GAAG,CAAC,CAAC,CAAC,CAAC,CAAC,GAAG,CAAC,CAAC;aACzD;SACJ;QAED,OAAO,GAAG,aAAa,CAAC,OAAO,CAAC,CAAC;QAGjC,IAAI,GAAG,GAAG,UAAU,CAAC;QACrB,KAAK,IAAI,CAAC,GAAG,OAAO,CAAC,MAAM,GAAG,CAAC,EAAE,CAAC,GAAG,CAAC,CAAC,EAAE,CAAC,EAAE,EAAE;YAC1C,IAAI,oBAAoB,GAAG,OAAO,CAAC,CAAC,CAAC,CAAC,OAAO,CAAC;YAC9C,OAAO,CAAC,CAAC,CAAC,CAAC,OAAO,GAAG,oBAAoB,CAAC,MAAM,CAAC,CAAC,CAAC,EAAE,CAAC,CAAC,IAAI,GAAG,CAAC,CAAC;YAChE,IAAI,OAAO,CAAC,CAAC,CAAC,CAAC,OAAO,CAAC,MAAM,GAAG,CAAC,EAAE;gBAC/B,GAAG,GAAG,OAAO,CAAC,CAAC,CAAC,CAAC,OAAO,CAAC,IAAI,CAAC,CAAC,CAAC,EAAE,CAAC,EAAE,EAAE,CAAC,CAAC,GAAG,CAAC,CAAC,CAAC,CAAC,CAAC,GAAG,CAAC,CAAC;aACzD;SACJ;QAED,OAAO,GAAG,aAAa,CAAC,OAAO,CAAC,CAAC;QAEjC,IAAI,eAAe,GAAG,iBAAiB,CAAC,MAAM,CAAC,GAAG,CAAA,EAAE;YAChD,OAAO,OAAO,CAAC,IAAI,CAAC,KAAK,CAAA,EAAE;gBACvB,OAAO,KAAK,CAAC,OAAO,CAAC,MAAM,KAAK,CAAC,IAAI,KAAK,CAAC,OAAO,CAAC,CAAC,CAAC,KAAK,GAAG,CAAC,KAAK,CAAC;YACxE,CAAC,CAAC,CAAA;QACN,CAAC,CAAC,CAAA;QAEF,IAAI,iBAAiB,GAAG,eAAe;aAClC,MAAM,CAAC,CAAC,CAAC,EAAE,CAAC,EAAE,EAAE,CAAC,CAAC,CAAC,KAAK,GAAG,qBAAqB,CAAC,KAAK,CAAC,CAAC;QAC7D,IAAI,sBAAsB,eAAG,iBAAiB,aAAjB,iBAAiB,uBAAjB,iBAAiB,CAAG,iBAAiB,CAAC,MAAM,GAAG,CAAC,2CAAG,KAAK,mCAAI,CAAC,CAAC;QAC3F,IAAI,gBAAgB,GAAG,eAAe;aACrC,MAAM,CAAC,CAAC,CAAC,EAAE,CAAC,EAAE,EAAE,CAAC,CAAC,CAAC,KAAK,GAAG,qBAAqB,CAAC,KAAK,CAAC,CAAC;QACzD,IAAI,sBAAsB,eAAG,gBAAgB,aAAhB,gBAAgB,uBAAhB,gBAAgB,CAAG,CAAC,2CAAG,KAAK,mCAAI,eAAe,CAAC,eAAe,CAAC,MAAM,GAAE,CAAC,CAAC,CAAC,KAAK,CAAC;QAE9G,IAAI,YAAY,GAAG,MAAM,CAAC,MAAM,CAAC,CAAC,CAAC,EAAC,CAAC,EAAC,EAAE,CAAC,CAAC,IAAG,sBAAsB,IAAI,CAAC,IAAI,sBAAsB,CAAC,CAAC;QAEpG,IAAI,uBAAuB,GAAG,OAAO;aAChC,MAAM,CAAC,CAAC,CAAA,EAAE,CACP,CAAC,CAAC,OAAO,CAAC,QAAQ,CAAC,sBAAsB,CAAC,CAAC,CAAC,CAAC,CAAC,CAAC,OAAO,CAAC;QAC/D,IAAI,sBAAsB,GAAG,OAAO;aACnC,MAAM,CAAC,CAAC,CAAA,EAAE,CAAA,CAAC,CAAC,OAAO,CAAC,QAAQ,CAAC,sBAAsB,CAAC,CAAC,CAAC,CAAC,CAAC,CAAC,OAAO,CAAC;QAElE,IAAI,YAAY,GAAG,QAAQ,CAAC,MAAM,CAAC,CAAC,CAAC,EAAC,CAAC,EAAC,EAAE,CAAC,CAAC,IAAG,uBAAuB,IAAI,CAAC,IAAI,sBAAsB,CAAC,CAAC;QAEvG,IAAI,aAAa,GAAG,YAAY,CAAC,MAAM,CAAC,EAAE,CAAA,EAAE;YACxC,OAAO,CAAE,YAAY,CAAC,IAAI,CAAC,EAAE,CAAA,EAAE,CAAA,2BAAY,CAAC,EAAE,EAAE,EAAE,CAAC,CAAC,CAAC;QACzD,CAAC,CAAC,CAAC;QAEH,aAAa,GAAG,2BAAY,CAAE,aAAa,CAAC,CAAC;QAE7C,aAAa,CAAC,OAAO,CAAC,CAAC,CAAA,EAAE,CAAA,MAAM,GAAG,yBAAU,CAAC,MAAM,EAAE,CAAC,CAAC,CAAC,CAAC;QAEzD,sBAAsB;KAKzB;IACD,OAAO,MAAM,CAAC;AAClB,CAAC;AApID,sDAoIC","sourcesContent":["import { match } from 'assert';\nimport * as esprima from 'esprima';\nimport { areSameToken, eraseToken, parityFilter } from './esprima-util';\n\nexport function stripIntoEsprimableJS(script: string, js: string): string {\n\n    /*TODO : change method : \n        1. retrieve debuggable tokens.\n        2. for each dtoken find its block (expand until it is valid ts)\n        3. isolate block and transpile\n        4. compare compilation result with original and arrange\n\n\n    */\n    let tokens = esprima.tokenize(script, { loc: true, range: true, tolerant: true });\n    let jsTokens = esprima.tokenize(js, { loc: true, range: true, tolerant: true });\n    let getError = (): boolean => {\n        try {\n            esprima.parseScript(script, { loc: true, range: true, tolerant: true });\n        } catch (err) {\n            return err;\n        }\n        return null;\n    }\n    let err;\n    while (err = getError()) {\n        let matchingTokenAndIndex = tokens\n            .map((t, i) => {\n                return { token: t, index: i };\n            }).filter(o => {\n                let t: any = o.token;\n                return t.range[0] <= err.index && t.range[1] > err.index;\n            })[0];\n        matchingTokenAndIndex.token\n\n        let previousIdentifiers = tokens.filter((t, i) => i < matchingTokenAndIndex.index)\n            .filter(t => t.type === 'Identifier');\n        let nextIdentifiers = tokens.filter((t, i) => i > matchingTokenAndIndex.index)\n            .filter(t => t.type === 'Identifier');\n        //console.log('here');\n\n\n        let sourceIdentifiers = tokens\n            .map((token, index) => { return { token, index }; })\n            .filter(t => t.token.type === 'Identifier');\n        let targetIdentifiers = jsTokens\n            .map((token, index) => { return { token, index }; })\n            .filter(t => t.token.type === 'Identifier');\n\n        let matches: {targetI: number, sourceI:number[]}[] = targetIdentifiers.map(o => {\n            let matches: number[] = [];\n            sourceIdentifiers.forEach(o2 => {\n                if (areSameToken(o.token, o2.token)) {\n                    matches.push(o2.index);\n                }\n            });\n            return {targetI: o.index, sourceI: matches};\n        });\n\n        function updateMatches(matches: {targetI: number, sourceI:number[]}[]) {\n            matches = matches.map(m=>{\n                return {\n                    targetI : m.targetI,\n                    sourceI : m.sourceI,\n                    targetToken : jsTokens[m.targetI],\n                    sourceTokens : m.sourceI.map(i=>\n                        tokens[i])\n                }\n            })\n            return matches;\n        }\n\n        matches = updateMatches(matches);\n\n\n        let min = 0;\n        for (var i = 0; i < matches.length; i++) {\n            let currentPossibilities = matches[i].sourceI;\n            matches[i].sourceI = currentPossibilities.filter(n => n >= min);\n            if (matches[i].sourceI.length > 0) {\n                min = matches[i].sourceI.sort((a, b) => a - b)[0] + 1;\n            }\n        }\n\n        matches = updateMatches(matches);\n\n\n        let max = 9999999999;\n        for (var i = matches.length - 1; i > -1; i--) {\n            let currentPossibilities = matches[i].sourceI;\n            matches[i].sourceI = currentPossibilities.filter(n => n <= max);\n            if (matches[i].sourceI.length > 0) {\n                max = matches[i].sourceI.sort((a, b) => b - a)[0] - 1;\n            }\n        }\n\n        matches = updateMatches(matches);\n\n        let keptIdentifiers = sourceIdentifiers.filter(obj=>{\n            return matches.some(match=>{\n                return match.sourceI.length === 1 && match.sourceI[0] === obj.index;\n            })\n        })\n\n        let identifiersBefore = keptIdentifiers\n            .filter((o, i) => o.index < matchingTokenAndIndex.index);\n        let minIndexOfSourceTokens = identifiersBefore?.[identifiersBefore.length - 1]?.index ?? 0;\n        let identifiersAfter = keptIdentifiers\n        .filter((o, i) => o.index > matchingTokenAndIndex.index);\n        let maxIndexOfSourceTokens = identifiersAfter?.[0]?.index ?? keptIdentifiers[keptIdentifiers.length -1].index;\n\n        let sourceTokens = tokens.filter((t,i)=> i>= minIndexOfSourceTokens && i <= maxIndexOfSourceTokens);\n\n        let targetIdentifierBeforeI = matches\n            .filter(o=>\n                o.sourceI.includes(minIndexOfSourceTokens))[0].targetI;\n        let targetIdentifierAfterI = matches\n        .filter(o=>o.sourceI.includes(maxIndexOfSourceTokens))[0].targetI;\n\n        let targetTokens = jsTokens.filter((t,i)=> i>= targetIdentifierBeforeI && i <= targetIdentifierAfterI);\n\n        let toEraseTokens = sourceTokens.filter(st=>{\n            return ! targetTokens.some(tt=>areSameToken(tt, st));\n        });\n\n        toEraseTokens = parityFilter( toEraseTokens);\n\n        toEraseTokens.forEach(t=>script = eraseToken(script, t));\n\n        //console.log(\"here\");\n\n\n\n\n    }\n    return script;\n}"]},"_coverageSchema":"1a1c01bbd47fc00a2c39e90264f33305004495a9","hash":"e37fd063f7bf4ab03b97c27a444342a017a08f4b","contentHash":"005fdb54ea42684e4c69acfb985c0087d12c4467a53cffd074a91c8034d231f7"},"/Users/apple/dev/projects/mocha-parser/src/esprima-util.ts":{"path":"/Users/apple/dev/projects/mocha-parser/src/esprima-util.ts","statementMap":{"0":{"start":{"line":2,"column":0},"end":{"line":2,"column":62}},"1":{"start":{"line":3,"column":0},"end":{"line":3,"column":304}},"2":{"start":{"line":4,"column":16},"end":{"line":4,"column":34}},"3":{"start":{"line":5,"column":22},"end":{"line":5,"column":46}},"4":{"start":{"line":6,"column":0},"end":{"line":9,"column":2}},"5":{"start":{"line":17,"column":25},"end":{"line":19,"column":84}},"6":{"start":{"line":18,"column":21},"end":{"line":18,"column":44}},"7":{"start":{"line":19,"column":21},"end":{"line":19,"column":83}},"8":{"start":{"line":19,"column":69},"end":{"line":19,"column":82}},"9":{"start":{"line":24,"column":19},"end":{"line":26,"column":78}},"10":{"start":{"line":25,"column":21},"end":{"line":25,"column":44}},"11":{"start":{"line":26,"column":21},"end":{"line":26,"column":77}},"12":{"start":{"line":26,"column":63},"end":{"line":26,"column":76}},"13":{"start":{"line":31,"column":4},"end":{"line":31,"column":40}},"14":{"start":{"line":33,"column":0},"end":{"line":33,"column":60}},"15":{"start":{"line":42,"column":21},"end":{"line":44,"column":48}},"16":{"start":{"line":43,"column":21},"end":{"line":43,"column":45}},"17":{"start":{"line":44,"column":24},"end":{"line":44,"column":47}},"18":{"start":{"line":45,"column":4},"end":{"line":47,"column":5}},"19":{"start":{"line":46,"column":8},"end":{"line":46,"column":20}},"20":{"start":{"line":48,"column":4},"end":{"line":48,"column":25}},"21":{"start":{"line":62,"column":18},"end":{"line":62,"column":54}},"22":{"start":{"line":64,"column":8},"end":{"line":66,"column":9}},"23":{"start":{"line":65,"column":12},"end":{"line":65,"column":32}},"24":{"start":{"line":67,"column":8},"end":{"line":79,"column":9}},"25":{"start":{"line":68,"column":12},"end":{"line":70,"column":13}},"26":{"start":{"line":68,"column":32},"end":{"line":68,"column":48}},"27":{"start":{"line":69,"column":16},"end":{"line":69,"column":54}},"28":{"start":{"line":71,"column":12},"end":{"line":78,"column":13}},"29":{"start":{"line":71,"column":32},"end":{"line":71,"column":48}},"30":{"start":{"line":72,"column":37},"end":{"line":72,"column":73}},"31":{"start":{"line":72,"column":53},"end":{"line":72,"column":69}},"32":{"start":{"line":73,"column":16},"end":{"line":76,"column":17}},"33":{"start":{"line":74,"column":20},"end":{"line":75,"column":96}},"34":{"start":{"line":77,"column":16},"end":{"line":77,"column":57}},"35":{"start":{"line":80,"column":8},"end":{"line":80,"column":28}},"36":{"start":{"line":82,"column":28},"end":{"line":82,"column":48}},"37":{"start":{"line":83,"column":30},"end":{"line":83,"column":69}},"38":{"start":{"line":84,"column":4},"end":{"line":100,"column":5}},"39":{"start":{"line":85,"column":8},"end":{"line":85,"column":65}},"40":{"start":{"line":86,"column":8},"end":{"line":97,"column":9}},"41":{"start":{"line":87,"column":12},"end":{"line":87,"column":81}},"42":{"start":{"line":90,"column":12},"end":{"line":96,"column":13}},"43":{"start":{"line":92,"column":16},"end":{"line":92,"column":28}},"44":{"start":{"line":95,"column":16},"end":{"line":95,"column":26}},"45":{"start":{"line":101,"column":4},"end":{"line":103,"column":5}},"46":{"start":{"line":102,"column":8},"end":{"line":102,"column":20}},"47":{"start":{"line":104,"column":4},"end":{"line":107,"column":5}},"48":{"start":{"line":105,"column":8},"end":{"line":106,"column":25}},"49":{"start":{"line":108,"column":4},"end":{"line":108,"column":29}},"50":{"start":{"line":111,"column":4},"end":{"line":111,"column":54}},"51":{"start":{"line":116,"column":4},"end":{"line":116,"column":16}},"52":{"start":{"line":120,"column":4},"end":{"line":120,"column":17}},"53":{"start":{"line":131,"column":21},"end":{"line":131,"column":31}},"54":{"start":{"line":132,"column":38},"end":{"line":132,"column":58}},"55":{"start":{"line":133,"column":4},"end":{"line":135,"column":5}},"56":{"start":{"line":134,"column":8},"end":{"line":134,"column":85}},"57":{"start":{"line":136,"column":4},"end":{"line":139,"column":5}},"58":{"start":{"line":138,"column":8},"end":{"line":138,"column":20}},"59":{"start":{"line":140,"column":20},"end":{"line":140,"column":86}},"60":{"start":{"line":141,"column":4},"end":{"line":145,"column":5}},"61":{"start":{"line":144,"column":8},"end":{"line":144,"column":20}},"62":{"start":{"line":146,"column":23},"end":{"line":146,"column":70}},"63":{"start":{"line":147,"column":28},"end":{"line":147,"column":99}},"64":{"start":{"line":148,"column":4},"end":{"line":152,"column":5}},"65":{"start":{"line":150,"column":8},"end":{"line":150,"column":80}},"6
[...]
,CAAC,GAAG,CAAC,CAAC;QAC7B,OAAO;KACV;IACD,OAAO,IAAI,CAAC;AAChB,CAAC;AArBD,kCAqBC;AAOD,SAAgB,YAAY,CAAC,EAAS,EAAE,EAAS;IAC7C,OAAO,EAAE,CAAC,IAAI,KAAK,EAAE,CAAC,IAAI,IAAI,EAAE,CAAC,KAAK,KAAK,EAAE,CAAC,KAAK,CAAC;AACxD,CAAC;AAFD,oCAEC;AAYD;;;;;;;;;;;;;GAaG;AACH,SAAgB,QAAQ,CAAC,MAAe,EAAE,MAAe;IACrD;;;;;;;;;;;;;;;;kBAgBc;IACd,OAAO,SAAS,CAAC;AACrB,CAAC;AAnBD,4BAmBC;AAED,SAAgB,UAAU,CAAC,MAAc,EAAE,KAAY;IACnD,IAAI,KAAK,GAAI,KAAa,CAAC,KAAK,CAAC,CAAC,CAAC,CAAC;IACpC,IAAI,IAAI,GAAI,KAAa,CAAC,KAAK,CAAC,CAAC,CAAC,CAAC;IACnC,MAAM,GAAG,MAAM,CAAC,SAAS,CAAC,CAAC,EAAE,KAAK,CAAC,GAAG,GAAG,CAAC,MAAM,CAAC,IAAI,GAAG,KAAK,CAAC,GAAG,MAAM,CAAC,SAAS,CAAC,IAAI,EAAE,MAAM,CAAC,MAAM,CAAC,CAAC;IACvG,OAAO,MAAM,CAAA;AACjB,CAAC;AALD,gCAKC;AAED;;;;;;;;;GASG;AACH,SAAgB,YAAY,CAAC,MAAe;IACxC,IAAI,cAAc,GAAG,CAAC,CAAC,GAAG,EAAE,GAAG,CAAC,EAAE,CAAC,GAAG,EAAE,GAAG,CAAC,EAAE,CAAC,GAAG,EAAE,GAAG,CAAC,EAAE,CAAC,GAAG,EAAE,GAAG,CAAC,CAAC,CAAC;IACtE,IAAI,SAAS,GAAG,CAAC,GAAG,EAAE,GAAG,EAAE,GAAG,EAAE,GAAG,EAAE,GAAG,EAAE,GAAG,EAAE,GAAG,EAAE,GAAG,CAAC,CAAC;IACzD,IAAI,cAAc,GAAY,MAAM,CAAC,MAAM,CAAC,CAAC,CAAC,EAAE,CAAC,CAAC,CAAC,IAAI,KAAK,YAAY;QACpE,CAAC,SAAS,CAAC,IAAI,CAAC,EAAE,CAAC,EAAE,CAAC,EAAE,KAAK,CAAC,CAAC,KAAK,CAAC,CAAC,CAAC;IAC3C,IAAI,eAAe,GAAG,MAAM,CAAC,MAAM,CAAC,CAAC,CAAC,EAAE,CAAC,CAAC,CAAC,IAAI,KAAK,YAAY;QAC5D,SAAS,CAAC,IAAI,CAAC,EAAE,CAAC,EAAE,CAAC,EAAE,KAAK,CAAC,CAAC,KAAK,CAAC,CAAC,CAAA;IAEzC,IAAI,IAAI,GAAG,IAAI,CAAA;IACf,OAAO,IAAI,EAAE;QACT,IAAI,GAAG,KAAK,CAAC;QACb,KAAK,IAAI,CAAC,GAAG,CAAC,EAAE,CAAC,GAAG,eAAe,CAAC,MAAM,GAAG,CAAC,EAAE,CAAC,EAAE,EAAE;YACjD,IAAI,cAAc,CAAC,IAAI,CAAC,CAAC,CAAC,EAAE,CAAC,CAAC,CAAC,CAAC,CAAC,KAAK,eAAe,CAAC,CAAC,CAAC,CAAC,KAAK;gBAC1D,CAAC,CAAC,CAAC,CAAC,KAAK,eAAe,CAAC,CAAC,GAAG,CAAC,CAAC,CAAC,KAAK,CAAC,EAAE;gBACxC,cAAc,CAAC,IAAI,CAAC,eAAe,CAAC,CAAC,CAAC,CAAC,CAAC;gBACxC,cAAc,CAAC,IAAI,CAAC,eAAe,CAAC,CAAC,GAAG,CAAC,CAAC,CAAC,CAAC;gBAC5C,eAAe,GAAG,eAAe,CAAC,MAAM,CAAC,CAAC,CAAC,EAAE,CAAC,EAAE,EAAE,CAAC,CAAC,KAAK,CAAC,IAAI,CAAC,KAAK,CAAC,GAAG,CAAC,CAAC,CAAC;gBAC3E,IAAI,GAAG,IAAI,CAAC;aACf;SACJ;KACJ;IACD,OAAO,cAAc,CAAC;AAC1B,CAAC;AAtBD,oCAsBC","sourcesContent":["import * as esprima from 'esprima';\nimport { isValidTS, jsFromTs } from './is-valid-ts';\n\nexport interface Node {\n    type: string;\n    range?: [number, number];\n    loc?: LocationRange;\n}\n\nexport interface Position {\n    line: number;\n    column: number;\n}\n\nexport interface LocationRange {\n    start: Position;\n    end: Position;\n}\n\nexport const knownIdentifiers =\n{\n    describeLike: ['describe', 'context', 'suite'],\n    itLike: ['it', 'specify', 'test']\n}\n\nexport interface RangedToken extends esprima.Token {\n    range: [number, number];\n    loc: LocationRange;\n}\n\n/**\n * Filters tokens (by `type `('Identifier')\n * and `value` [must be inside `knwowIdentifiers` - either 'describe', 'context' etc.\n * or 'it', 'test' etc.]), sorts them out and returns.\n * @param script \n */\nexport function retrieveDebuggableTokens(script: string, tokens: RangedToken[]) {\n    let describeTokens = (tokens\n        .filter(t => t.type === 'Identifier')\n        .filter(t => knownIdentifiers.describeLike.some(e => e === t.value)) as RangedToken[]);\n    /* .filter(t=>{\n        let indeedDebuggable = script.charAt((t as any).range[1])==='(';\n        return indeedDebuggable;\n    }) */\n    let itTokens = (tokens\n        .filter(t => t.type === 'Identifier')\n        .filter(t => knownIdentifiers.itLike.some(e => e === t.value)) as RangedToken[]);\n    /* .filter(t=>{\n        let indeedDebuggable = script.charAt((t as any).range[1])==='(';\n        return indeedDebuggable;\n    }) */\n    return { describeTokens, itTokens }\n}\n\n/**\n * \n * @param t \n * @param tokens \n * \n * Note : returns null if no following token found in list\n */\nfunction nextToken(t: RangedToken, tokens: RangedToken[]) {\n    let nextTokens = tokens\n        .filter(u => u.range[0] >= t.range[1])\n        .sort((u, v) => u.range[0] - v.range[0]);\n    if (nextTokens.length < 1) {\n        return null;\n    }\n    return nextTokens[0];\n}\n\n/**\n * Note : returns null only if not possible to find any spot where to stop and resulting\n * script would be at ease : that is all opening tokens have been orderly closed\n * \n * Else returns a not null token.\n * \n * @param t \n * @param tokens should be those of valid TS script !\n * @param accumulation a string representing state of opened '(', '[' and ’{'\n * ex: '({(([' waiting to be closed\n */\nfunction nextPossibleEndToken(t: RangedToken, tokens: RangedToken[], accumulation: string) {\n    const pairs = [['(', ')'], ['{', '}'], ['[', ']']];\n    function update(accumulation: string, t: RangedToken): string {\n        if (!t) {\n            return accumulation;\n        }\n        if (t.type === 'Punctuator') {\n            if (pairs.some(p => p[0] === t.value)) {\n                accumulation = accumulation + t.value;\n            }\n            if (pairs.some(p => p[1] === t.value)) {\n                let matchingOpener = pairs.find(p => p[1] === t.value)[0];\n                if (!accumulation.endsWith(matchingOpener)) {\n                    throw new Error('Programmatic assumption broken : ' +\n                        'met closing token but accumulation not ending with matching opener !');\n                }\n                accumulation = accumulation.slice(0, -1);\n            }\n        }\n        return accumulation;\n    }\n    let candidateEndToken = nextToken(t, tokens);\n    let updatedAccumulation = update(accumulation, candidateEndToken);\n    while (updatedAccumulation.length > 0 && candidateEndToken) {\n        candidateEndToken = nextToken(candidateEndToken, tokens);\n        try {\n            updatedAccumulation = update(updatedAccumulation, candidateEndToken);\n        } catch (err) {\n            if (err.message === 'Programmatic assumption broken : met closing token' +\n                ' but accumulation not ending with matching opener !') {\n                return null;\n            } else {\n                throw err;\n            }\n        }\n        //DEBUG ONLY\n        //console.log(JSON.stringify([candidateEndToken?.value, updatedAccumulation]));\n    }\n    if (updatedAccumulation.length > 0) {\n        return null;\n    }\n    if (candidateEndToken === null) {\n        throw new Error('Programmatic belief broken : it can go until candidateEndToken ' +\n            'is null !');\n    }\n    return candidateEndToken;\n}\n\nfunction isOpeningParenthesis(t: Token): boolean {\n    return t.type === 'Punctuator' && t.value === '(';\n}\n\nfunction isIndeedDebuggable(n: Node) {\n    //TODO\n    //console.log(n);\n    return true;\n}\n\nfunction interludeNotAmountingToADebuggable(interlude: string): boolean {\n    //TODO example /\\s/.test(interlude)\n    return false;\n}\n\n\n\n/**\n * Note : Returns `null` if it is found out this token does not mark the start of a debuggable\n * region !\n * \n * @param t should be an identifier token for 'describe' or 'it' etc... ie 'debuggable'\n * @param script \n * @param tokens \n */\nexport function debuggableNodeFromToken(t: RangedToken, script: string, tokens: RangedToken[]): Node {\n    let startIndex = t.range[0];\n    let firstNextOpeningParenthesis = nextToken(t, tokens);\n    while (firstNextOpeningParenthesis && !isOpeningParenthesis(firstNextOpeningParenthesis)) {\n        firstNextOpeningParenthesis = nextToken(firstNextOpeningParenthesis, tokens);\n    }\n    if (!firstNextOpeningParenthesis) {\n        //Fake alarm - this is not a debuggable ! : no following opening parenthesis\n        return null;\n    }\n    let interlude = script.substring(t.range[0], firstNextOpeningParenthesis.range[0]);\n    if (interludeNotAmountingToADebuggable(interlude)) {\n        //Fake alarm - this is not a debuggable ! : something's not right in the substring\n        //      between the describe or it token and the following opening parenthesis\n        return null;\n    }\n    let accumulation = interlude.replace(/[^\\]\\[\\)\\}\\(\\{]/g, \"\") + \"(\";\n    let candidateEndToken = nextPossibleEndToken(firstNextOpeningParenthesis, tokens, accumulation);\n    while (candidateEndToken &&\n        !isValidTS(script.substring(startIndex, candidateEndToken.range[1]))) {\n        candidateEndToken = nextPossibleEndToken(candidateEndToken, tokens, \"\");;\n    }\n    if (!candidateEndToken) {\n        //another case of fake alarm : impossible to extract region as\n        //  valid ts\n        return null;\n    }\n\n    //Now return as node \n    //1.use esprima to get node\n    let jsScriptOfNode = jsFromTs(script.substring(startIndex, candidateEndToken.range[1]))\n    let root = esprima.parseScript(jsScriptOfNode, { loc: true, range: true, tolerant: true })\n    //console.log(root);\n    let nodes = extractAllNodes(root);\n    let candidateNodes = nodes.filter(n => n.range[0] === 0 && n.type === 'CallExpression');\n    if (candidateNodes.length > 1) {\n        console.log(candidateNodes);\n        throw new Error('Programmatic assumption broken: Maximum one node will be found.');\n    }\n    if (candidateNodes.length < 1) {\n        return null;\n    }\n    let node: Node = candidateNodes[0];\n    //Check it is indeed debuggable \n    if (!isIndeedDebuggable(node)) {\n        return null;\n    }\n    //2, tweak range and loc to match original script context\n    node.range = [t.range[0], candidateEndToken.range[1]];\n    node.loc = { start: t.loc.start, end: candidateEndToken.loc.end };\n    return node;\n}\n\nexport function extractAllNodes(root) {\n    let res = [];\n    let nodesToInspect = [root];\n    while (nodesToInspect.length > 0) {\n        nodesToInspect = nodesToInspect.filter(n => typeof n === 'object');\n        let inspectedNode = nodesToInspect.shift();\n        if (inspectedNode) {\n            if (inspectedNode.type) {\n                res.push(inspectedNode);\n            }\n            nodesToInspect.push(...Object.values(inspectedNode));\n        }\n\n    }\n    return res;\n}\n\nexport function isStricltyInside(child: Node, parent: Node): boolean {\n    return child.range[0] > parent.range[0] && child.range[1] < parent.range[1];\n}\n\nexport function isInside(child: Node, parent: Node): boolean {\n    return child.range[0] >= parent.range[0] && child.range[1] <= parent.range[1];\n}\n\n/** Should be used on arrays of nodes where no two nodes have coinciding range (same range[0] \n * __or__ same range[1]) \n * \n * @returns {any[]} an array, starting with node, and with parent nodes following from closest\n * to largest\n * */\nexport function getParents(node: Node, nodes: Node[]): Node[] {\n    let parents = nodes.filter(p => isStricltyInside(node, p));\n    return [node, ...parents.sort((n, m) => m.range[0] - n.range[0])];\n}\n\nexport function extractName(itOrDescribeLikeProbably: Node, wholeTokenList: Node[]): string {\n    let name = \"\";\n    let firstArg = (itOrDescribeLikeProbably as any)?.arguments?.[0]\n    if (firstArg) {\n        /* if (firstArg.type === 'Literal') {\n            if (typeof firstArg.value === 'string') {\n                name = firstArg.value;\n            }\n        }\n        else { */\n            let wholeList = extractAllNodes(firstArg);\n            let strings = wholeList\n                .filter(el=>el.type === 'Literal')\n                .filter(el=>typeof (el as any)?.value === 'string')\n                .map(el=> (el as any).value);\n\n\n            name = strings.join(' ');\n        /* } */\n    }\n    return name;\n}\n\nexport interface Token {\n    type: string;\n    value: string;\n}\n\nexport function areSameToken(t1: Token, t2: Token): boolean {\n    return t1.type === t2.type && t1.value === t2.value;\n}\n\nexport interface IndexMapping {\n    sourceIndex: number,\n    targetIndex: number,\n}\n\nexport interface PossibleIndexMappings {\n    sourceIndex: number,\n    targetIndexes: number[]\n}\n\n/**\n * The goal is to get a map that allows, given a token from the 'source' (an index\n * referring to a token from the source list) to get\n * its 'equivalent' inside the target list \n * example :    source = t1, t2, t3, t4, t5, t1Bis, t7, t8\n *                  where t1 and t1Bis are 'same token' (`function areSameToken(...)`)\n *              target = t1', t3', t4', t1Bis', t8\n * \n * then tokenMap includes {0,0}, {2,1} {3,2} {5,3} {7,4} \n *             \n * \n * @param source list of tokens in source file (say ts file)\n * @param target list of tokens in target file (say output of basic transpiling into js)\n */\nexport function tokenMap(source: Token[], target: Token[]): IndexMapping[] {\n    /* let res: IndexMapping[] = [];\n\n    \n    let intermediateRes: PossibleIndexMappings[] = [];\n    source.forEach((tSource,iSource)=>{\n        let matchingTargetIndexes = []:\n        target.forEach((tTarget,iTarget)=>{\n            if (areSameToken(tSource, tTarget)) {\n                matchingTargetIndexes.push(iTarget);\n            }\n        })\n        if (matchingTargetIndexes.length>0) {\n            intermediateRes.push({sourceIndex: iSource, targetIndexes: matchingTargetIndexes});\n        }\n    });\n\n    return res; */\n    return undefined;\n}\n\nexport function eraseToken(script: string, token: Token): string {\n    let first = (token as any).range[0];\n    let last = (token as any).range[1];\n    script = script.substring(0, first) + \" \".repeat(last - first) + script.substring(last, script.length);\n    return script\n}\n\n/**\n * Example tokens: 'as, 'any, '[', ']' et ')'\n *      -> filter out last parenthesis cause single\n *      and return 'as, 'any, '[', ']'\n * \n * CAUTION items might (will) be shuffled : all non puctuator first then all punctuators\n * starting with those able to match first....\n * \n * @param tokens \n */\nexport function parityFilter(tokens: Token[]): Token[] {\n    let sensitivePairs = [['<', '>'], ['(', ')'], ['{', '}'], ['[', ']']];\n    let sensitive = ['<', '>', '(', ')', '{', '}', '[', ']'];\n    let returnedTokens: Token[] = tokens.filter(t => t.type !== 'Punctuator' ||\n        !sensitive.some(el => el === t.value));\n    let sensitiveTokens = tokens.filter(t => t.type === 'Punctuator' &&\n        sensitive.some(el => el === t.value))\n\n    let hope = true\n    while (hope) {\n        hope = false;\n        for (let i = 0; i < sensitiveTokens.length - 1; i++) {\n            if (sensitivePairs.some(p => p[0] === sensitiveTokens[i].value &&\n                p[1] === sensitiveTokens[i + 1].value)) {\n                returnedTokens.push(sensitiveTokens[i]);\n                returnedTokens.push(sensitiveTokens[i + 1]);\n                sensitiveTokens = sensitiveTokens.filter((s, j) => j !== i && j !== i + 1);\n                hope = true;\n            }\n        }\n    }\n    return returnedTokens;\n}"]},"_coverageSchema":"1a1c01bbd47fc00a2c39e90264f33305004495a9","hash":"a2af76732db07d73a648fb43a1336e0b06f1a72e","contentHash":"4c92881717a136042b1db1acaabf5c8b1a9c6cfadd502a3f0ddbbc9a9cb15294"},"/Users/apple/dev/projects/mocha-parser/src/is-valid-ts.ts":{"path":"/Users/apple/dev/projects/mocha-parser/src/is-valid-ts.ts","statementMap":{"0":{"start":{"line":2,"column":0},"end":{"line":2,"column":62}},"1":{"start":{"line":3,"column":0},"end":{"line":3,"column":46}},"2":{"start":{"line":4,"column":15},"end":{"line":4,"column":33}},"3":{"start":{"line":6,"column":12},"end":{"line":6,"column":50}},"4":{"start":{"line":7,"column":4},"end":{"line":12,"column":5}},"5":{"start":{"line":8,"column":16},"end":{"line":8,"column":43}},"6":{"start":{"line":11,"column":8},"end":{"line":11,"column":21}},"7":{"start":{"line":13,"column":4},"end":{"line":13,"column":16}},"8":{"start":{"line":15,"column":0},"end":{"line":15,"column":30}},"9":{"start":{"line":17,"column":4},"end":{"line":17,"column":89}},"10":{"start":{"line":17,"column":67},"end":{"line":17,"column":87}},"11":{"start":{"line":18,"column":4},"end":{"line":18,"column":70}},"12":{"start":{"line":18,"column":48},"end":{"line":18,"column":68}},"13":{"start":{"line":19,"column":4},"end":{"line":19,"column":71}},"14":{"start":{"line":19,"column":49},"end":{"line":19,"column":69}},"15":{"start":{"line":20,"column":12},"end":{"line":20,"column":151}},"16":{"start":{"line":22,"column":4},"end":{"line":27,"column":5}},"17":{"start":{"line":23,"column":8},"end":{"line":23,"column":48}},"18":{"start":{"line":26,"column":8},"end":{"line":26,"column":20}},"19":{"start":{"line":28,"column":4},"end":{"line":28,"column":14}},"20":{"start":{"line":30,"column":0},"end":{"line":30,"column":28}}},"fnMap":{"0":{"name":"isValidTS","decl":{"start":{"line":5,"column":9},"end":{"line":5,"column":18}},"loc":{"start":{"line":5,"column":22},"end":{"line":14,"column":1}},"line":5},"1":{"name":"jsFromTs","decl":{"start":{"line":16,"column":9},"end":{"line":16,"column":17}},"loc":{"start":{"line":16,"column":28},"end":{"line":29,"column":1}},"line":16},"2":{"name":"(anonymous_2)","decl":{"start":{"line":17,"column":62},"end":{"line":17,"column":63}},"loc":{"start":{"line":17,"column":67},"end":{"line":17,"column":87}},"line":17},"3":{"name":"(anonymous_3)","decl":{"start":{"line":18,"column":43},"end":{"line":18,"column":44}},"loc":{"start":{"line":18,"column":48},"end":{"line":18,"column":68}},"line":18},"4":{"name":"(anonymous_4)","decl":{"start":{"line":19,"column":44},"end":{"line":19,"column":45}},"loc":{"start":{"line":19,"column":49},"end":{"line":19,"column":69}},"line":19}},"branchMap":{},"s":{"0":1,"1":1,"2":1,"3":0,"4":0,"5":0,"6":0,"7":0,"8":1,"9":1,"10":5,"11":1,"12":0,"13":1,"14":0,"15":1,"16":1,"17":1,"18":0,"19":1,"20":1},"f":{"0":0,"1":1,"2":5,"3":0,"4":0},"b":{},"inputSourceMap":{"version":3,"file":"/Users/apple/dev/projects/mocha-parser/src/is-valid-ts.ts","sources":["/Users/apple/dev/projects/mocha-parser/src/is-valid-ts.ts"],"names":[],"mappings":";;;AAAA,kCAAkC;AAElC,SAAgB,SAAS,CAAC,CAAS;IAC/B,IAAI,CAAC,GAAG,MAAM,CAAC,MAAM,CAAC,EAAC,aAAa,EAAG,IAAI,EAAC,CAAC,CAAC;IAC9C,IAAI;QACA,IAAI,CAAC,GAAG,CAAC,CAAC,OAAO,CAAC,CAAC,EAAE,UAAU,EAAC,CAAC,CAAC,CAAC;KACtC;IAAC,OAAO,CAAC,EAAE;QACR,OAAO,KAAK,CAAC;KAChB;IACD,OAAO,IAAI,CAAC;AAChB,CAAC;AARD,8BAQC;AAED,SAAgB,QAAQ,CAAC,QAAgB;IACrC,QAAQ,GAAG,QAAQ,CAAC,OAAO,CAAC,4BAA4B,EAAE,CAAC,CAAC,EAAE,CAAC,GAAG,CAAC,MAAM,CAAC,CAAC,CAAC,MAAM,CAAC,CAAC,CAAC;IACrF,QAAQ,GAAG,QAAQ,CAAC,OAAO,CAAC,SAAS,EAAE,CAAC,CAAC,EAAE,CAAC,GAAG,CAAC,MAAM,CAAC,CAAC,CAAC,MAAM,CAAC,CAAC,CAAC;IAClE,QAAQ,GAAG,QAAQ,CAAC,OAAO,CAAC,UAAU,EAAE,CAAC,CAAC,EAAE,CAAC,GAAG,CAAC,MAAM,CAAC,CAAC,CAAC,MAAM,CAAC,CAAC,CAAC;IAEnE,IAAI,CAAC,GAAG,MAAM,CAAC,MAAM,CAAC,EAAC,aAAa,EAAG,IAAI,EAAE,eAAe,EAAE,EAAE,MAAM,EAAE,QAAQ,EAAE,MAAM,EAAE,UAAU,EAAE,SAAS,EAAE,KAAK,EAAE,eAAe,EAAE,KAAK,EAAE,EAAC,CAAC,CAAC;IACnJ,IAAI,EAAU,CAAC;IACf,IAAI;QACA,EAAE,GAAG,CAAC,CAAC,OAAO,CAAC,QAAQ,EAAE,UAAU,EAAE,CAAC,CAAC,CAAC;KAC3C;IAAC,OAAO,CAAC,EAAE;QACR,OAAO,IAAI,CAAC;KACf;IACD,OAAO,EAAE,CAAC;AACd,CAAC;AAbD,4BAaC","sourcesContent":["import * as tsnode from 'ts-node';\n\nexport function isValidTS(s: string):boolean {\n    let r = tsnode.create({transpileOnly : true});\n    try {\n        let c = r.compile(s, \"whatever\",0);\n    } catch (e) {\n        return false;\n    }\n    return true;\n}\n\nexport function jsFromTs(tsScript: string):string {\n    tsScript = tsScript.replace(/^import .* from \\S.*;.*$/gm, m => ' '.repeat(m.length));\n    tsScript = tsScript.replace(/export/g, m => ' '.repeat(m.length));\n    tsScript = tsScript.replace(/default/g, m => ' '.repeat(m.length));\n\n    let r = tsnode.create({transpileOnly : true, compilerOptions: { target: \"es2020\", module: \"commonjs\", sourceMap: false, inlineSourceMap: false }});\n    let js: string;\n    try {\n        js = r.compile(tsScript, \"whatever\", 0);\n    } catch (e) {\n        return null;\n    }\n    return js;\n}"]},"_coverageSchema":"1a1c01bbd47fc00a2c39e90264f33305004495a9","hash":"745acd029c79832d007215ff628fd857a7756614","contentHash":"cc61f2919c8fccfa3c0d20f9afbec7f0a97b90698c7f4f794bad2dc168cb1fc3"}}