{"/Users/apple/dev/projects/mocha-parser/_examples-files/aux.ts":{"path":"/Users/apple/dev/projects/mocha-parser/_examples-files/aux.ts","statementMap":{"0":{"start":{"line":2,"column":0},"end":{"line":2,"column":62}},"1":{"start":{"line":3,"column":0},"end":{"line":3,"column":192}},"2":{"start":{"line":4,"column":11},"end":{"line":4,"column":24}},"3":{"start":{"line":5,"column":20},"end":{"line":5,"column":50}},"4":{"start":{"line":6,"column":20},"end":{"line":6,"column":50}},"5":{"start":{"line":7,"column":20},"end":{"line":7,"column":50}},"6":{"start":{"line":8,"column":20},"end":{"line":8,"column":50}},"7":{"start":{"line":9,"column":20},"end":{"line":9,"column":46}},"8":{"start":{"line":10,"column":20},"end":{"line":10,"column":46}},"9":{"start":{"line":11,"column":20},"end":{"line":11,"column":46}},"10":{"start":{"line":12,"column":20},"end":{"line":12,"column":46}},"11":{"start":{"line":13,"column":20},"end":{"line":13,"column":46}},"12":{"start":{"line":14,"column":0},"end":{"line":23,"column":2}},"13":{"start":{"line":15,"column":4},"end":{"line":22,"column":7}},"14":{"start":{"line":16,"column":16},"end":{"line":20,"column":10}},"15":{"start":{"line":17,"column":12},"end":{"line":19,"column":15}},"16":{"start":{"line":18,"column":16},"end":{"line":18,"column":37}},"17":{"start":{"line":21,"column":8},"end":{"line":21,"column":17}},"18":{"start":{"line":24,"column":0},"end":{"line":24,"column":52}},"19":{"start":{"line":25,"column":0},"end":{"line":25,"column":52}},"20":{"start":{"line":26,"column":0},"end":{"line":26,"column":52}},"21":{"start":{"line":27,"column":0},"end":{"line":27,"column":52}},"22":{"start":{"line":28,"column":0},"end":{"line":28,"column":52}},"23":{"start":{"line":29,"column":0},"end":{"line":29,"column":52}},"24":{"start":{"line":30,"column":0},"end":{"line":30,"column":52}},"25":{"start":{"line":31,"column":0},"end":{"line":31,"column":52}},"26":{"start":{"line":32,"column":0},"end":{"line":32,"column":52}}},"fnMap":{"0":{"name":"(anonymous_0)","decl":{"start":{"line":14,"column":23},"end":{"line":14,"column":24}},"loc":{"start":{"line":14,"column":33},"end":{"line":23,"column":1}},"line":14},"1":{"name":"(anonymous_1)","decl":{"start":{"line":15,"column":12},"end":{"line":15,"column":13}},"loc":{"start":{"line":15,"column":18},"end":{"line":22,"column":5}},"line":15},"2":{"name":"(anonymous_2)","decl":{"start":{"line":16,"column":28},"end":{"line":16,"column":29}},"loc":{"start":{"line":16,"column":35},"end":{"line":20,"column":9}},"line":16},"3":{"name":"(anonymous_3)","decl":{"start":{"line":17,"column":30},"end":{"line":17,"column":31}},"loc":{"start":{"line":17,"column":45},"end":{"line":19,"column":13}},"line":17}},"branchMap":{},"s":{"0":1,"1":1,"2":1,"3":1,"4":1,"5":1,"6":1,"7":1,"8":1,"9":1,"10":1,"11":1,"12":1,"13":9,"14":10,"15":10,"16":10,"17":10,"18":1,"19":1,"20":1,"21":1,"22":1,"23":1,"24":1,"25":1,"26":1},"f":{"0":9,"1":10,"2":10,"3":10},"b":{},"inputSourceMap":{"version":3,"file":"/Users/apple/dev/projects/mocha-parser/_examples-files/aux.ts","sources":["/Users/apple/dev/projects/mocha-parser/_examples-files/aux.ts"],"names":[],"mappings":";;;AAAA,yBAAyB;AAEzB,MAAM,WAAW,GAAG,SAAS,GAAG,kBAAkB,CAAC;AACnD,MAAM,WAAW,GAAG,SAAS,GAAG,kBAAkB,CAAC;AACnD,MAAM,WAAW,GAAG,SAAS,GAAG,kBAAkB,CAAC;AACnD,MAAM,WAAW,GAAG,SAAS,GAAG,kBAAkB,CAAC;AACnD,MAAM,WAAW,GAAG,SAAS,GAAG,cAAc,CAAC;AAC/C,MAAM,WAAW,GAAG,SAAS,GAAG,cAAc,CAAC;AAC/C,MAAM,WAAW,GAAG,SAAS,GAAG,cAAc,CAAC;AAC/C,MAAM,WAAW,GAAG,SAAS,GAAG,cAAc,CAAC;AAC/C,MAAM,WAAW,GAAG,SAAS,GAAG,cAAc,CAAC;AAOlC,QAAA,YAAY,GAAG,CAAC,IAAY,EAAE,EAAE;IACzC,OAAO,CAAC,GAAG,EAAE;QACT,IAAI,CAAC,GAAoB,IAAI,OAAO,CAAC,GAAG,CAAC,EAAE;YACvC,EAAE,CAAC,QAAQ,CAAC,IAAI,EAAE,CAAC,GAAG,EAAE,IAAI,EAAE,EAAE;gBAC5B,GAAG,CAAC,IAAI,CAAC,QAAQ,EAAE,CAAC,CAAC;YACzB,CAAC,CAAC,CAAA;QACN,CAAC,CAAC,CAAC;QACH,OAAO,CAAC,CAAC;IACb,CAAC,CAAC,CAAC;AACP,CAAC,CAAA;AAEY,QAAA,OAAO,GAA0B,oBAAY,CAAC,WAAW,CAAC,CAAC;AAC3D,QAAA,OAAO,GAA0B,oBAAY,CAAC,WAAW,CAAC,CAAC;AAC3D,QAAA,OAAO,GAA0B,oBAAY,CAAC,WAAW,CAAC,CAAC;AAC3D,QAAA,OAAO,GAA0B,oBAAY,CAAC,WAAW,CAAC,CAAC;AAC3D,QAAA,OAAO,GAA0B,oBAAY,CAAC,WAAW,CAAC,CAAC;AAC3D,QAAA,OAAO,GAA0B,oBAAY,CAAC,WAAW,CAAC,CAAC;AAC3D,QAAA,OAAO,GAA0B,oBAAY,CAAC,WAAW,CAAC,CAAC;AAC3D,QAAA,OAAO,GAA0B,oBAAY,CAAC,WAAW,CAAC,CAAC;AAC3D,QAAA,OAAO,GAA0B,oBAAY,CAAC,WAAW,CAAC,CAAC","sourcesContent":["import * as fs from 'fs';\n\nconst sample1Path = __dirname + '/sample1.test.js';\nconst sample2Path = __dirname + '/sample2.test.js';\nconst sample3Path = __dirname + '/sample3.test.js';\nconst sample4Path = __dirname + '/sample4.test.js';\nconst sample5Path = __dirname + '/sample5.txt';\nconst sample6Path = __dirname + '/sample6.txt';\nconst sample7Path = __dirname + '/sample7.txt';\nconst sample8Path = __dirname + '/sample8.txt';\nconst sample9Path = __dirname + '/sample9.txt';\n\n\n\n\n\n\nexport const readFileFunc = (path: string) => {\n    return (() => {\n        let p: Promise<string> = new Promise(res => {\n            fs.readFile(path, (err, data) => {\n                res(data.toString());\n            })\n        });\n        return p;\n    });\n}\n\nexport const sample1: () => Promise<string> = readFileFunc(sample1Path);\nexport const sample2: () => Promise<string> = readFileFunc(sample2Path);\nexport const sample3: () => Promise<string> = readFileFunc(sample3Path);\nexport const sample4: () => Promise<string> = readFileFunc(sample4Path);\nexport const sample5: () => Promise<string> = readFileFunc(sample5Path);\nexport const sample6: () => Promise<string> = readFileFunc(sample6Path);\nexport const sample7: () => Promise<string> = readFileFunc(sample7Path);\nexport const sample8: () => Promise<string> = readFileFunc(sample8Path);\nexport const sample9: () => Promise<string> = readFileFunc(sample9Path);"]},"_coverageSchema":"1a1c01bbd47fc00a2c39e90264f33305004495a9","hash":"d16b48d694a769fed5e312d3f57892e86ae2e709","contentHash":"cc593501477b7aec283f6fd355d56f83544d7596b028302dedb4cac155ea0a0c"},"/Users/apple/dev/projects/mocha-parser/_out/mocha-parser.js":{"path":"/Users/apple/dev/projects/mocha-parser/_out/mocha-parser.js","statementMap":{"0":{"start":{"line":2,"column":0},"end":{"line":2,"column":62}},"1":{"start":{"line":3,"column":0},"end":{"line":3,"column":29}},"2":{"start":{"line":4,"column":16},"end":{"line":4,"column":34}},"3":{"start":{"line":5,"column":23},"end":{"line":5,"column":48}},"4":{"start":{"line":6,"column":22},"end":{"line":6,"column":46}},"5":{"start":{"line":7,"column":30},"end":{"line":7,"column":62}},"6":{"start":{"line":8,"column":22},"end":{"line":8,"column":46}},"7":{"start":{"line":10,"column":0},"end":{"line":13,"column":24}},"8":{"start":{"line":11,"column":4},"end":{"line":11,"column":43}},"9":{"start":{"line":12,"column":4},"end":{"line":12,"column":31}},"10":{"start":{"line":16,"column":8},"end":{"line":18,"column":9}},"11":{"start":{"line":17,"column":12},"end":{"line":17,"column":22}},"12":{"start":{"line":19,"column":17},"end":{"line":19,"column":47}},"13":{"start":{"line":20,"column":8},"end":{"line":22,"column":9}},"14":{"start":{"line":21,"column":12},"end":{"line":21,"column":90}},"15":{"start":{"line":23,"column":8},"end":{"line":23,"column":65}},"16":{"start":{"line":24,"column":18},"end":{"line":24,"column":20}},"17":{"start":{"line":25,"column":19},"end":{"line":25,"column":90}},"18":{"start":{"line":26,"column":21},"end":{"line":26,"column":89}},"19":{"start":{"line":27,"column":43},"end":{"line":27,"column":90}},"20":{"start":{"line":28,"column":20},"end":{"line":28,"column":56}},"21":{"start":{"line":29,"column":28},"end":{"line":39,"column":34}},"22":{"start":{"line":30,"column":29},"end":{"line":30,"column":104}},"23":{"start":{"line":30,"column":47},"end":{"line":30,"column":103}},"24":{"start":{"line":32,"column":12},"end":{"line":34,"column":13}},"25":{"start":{"line":33,"column":16},"end":{"line":33,"column":58}},"26":{"start":{"line":35,"column":12},"end":{"line":37,"column":13}},"27":{"start":{"line":36,"column":16},"end":{"line":36,"column":37}},"28":{"start":{"line":38,"column":12},"end":{"line":38,"column":24}},"29":{"start":{"line":39,"column":23},"end":{"line":39,"column":33}},"30":{"start":{"line":40,"column":22},"end":{"line":50,"column":34}},"31":{"start":{"line":41,"column":29},"end":{"line":41,"column":104}},"32":{"start":{"line":41,"column":47},"end":{"line":41,"column":103}},"33":{"start":{"line":43,"column":12},"end":{"line":45,"column":13}},"34":{"start":{"line":44,"column":16},"end":{"line":44,"column":58}},"35":{"start":{"line":46,"column":12},"end":{"line":48,"column":13}},"36":{"start":{"line":47,"column":16},"end":{"line":47,"column":37}},"37":{"start":{"line":49,"column":12},"end":{"line":49,"column":24}},"38":{"start":{"line":50,"column":23},"end":{"line":50,"column":33}},"39":{"start":{"line":51,"column":25},"end":{"line":51,"column":55}},"40":{"start":{"line":52,"column":8},"end":{"line":68,"column":11}},"41":{"start":{"line":53,"column":20},"end":{"line":66,"column":13}},"42":{"start":{"line":65,"column":125},"end":{"line":65,"column":162}},"43":{"start":{"line":67,"column":12},"end":{"line":67,"column":24}},"44":{"start":{"line":69,"column":8},"end":{"line":85,"column":11}},"45":{"start":{"line":70,"column":20},"end":{"line":83,"column":13}},"46":{"start":{"line":82,"column":125},"end":{"line":82,"column":162}},"47":{"start":{"line":84,"column":12},"end":{"line":84,"column":24}},"48":{"start":{"line":86,"column":8},"end":{"line":86,"column":19}},"49":{"start":{"line":89,"column":0},"end":{"line":89,"column":34}}},"fnMap":{"0":{"name":"(anonymous_0)","decl":{"start":{"line":10,"column":1},"end":{"line":10,"column":2}},"loc":{"start":{"line":10,"column":17},"end":{"line":13,"column":1}},"line":10},"1":{"name":"(anonymous_1)","decl":{"start":{"line":15,"column":4},"end":{"line":15,"column":5}},"loc":{"start":{"line":15,"column":32},"end":{"line":87,"column":5}},"line":15},"2":{"name":"(anonymous_2)","decl":{"start":{"line":29,"column":47},"end":{"line":29,"column":48}},"loc":{"start":{"line":29,"column":52},"end":{"line":39,"column":9}},"line":29},"3":{"name":"(anonymous_3)","decl":{"start":{"line":30,"column":42},"end":{"line":30,"column":43}},"loc":{"start":{"line":30,"column":47},"end":{"line":30,"column":103}},"line":30},"4":{"name":"(anonymous_4)","decl":{"start":{"line":39,"column":18},"end":{"line":39,"column":19}},"loc":{"start":{"line":39,"column":23},"end":{"line":39,"column":33}},"line":39},"5":{"name":"(anonymous_5)","decl":{"start":{"line":40,"column":35},"end":{"line":40,"column":36}},"loc":{"start":{"line":40,"column":40},"end":{"line":50,"column":9}},"line":40},"6":{"name":"(anonymous_6)","decl":{"start":{"line":41,"column":42},"end":{"line":41,"column":43}},"loc":{"start":{"line":41,"column":47},"end":{"line":41,"column":103}},"line":41},"7":{"name":"(anonymous_7)","decl":{"start":{"line":50,"column":18},"end":{"line":50,"column":19}},"loc":{"start":{"line":50,"column":23},"end":{"line":50,"column":33}},"line":50},"8":{"name":"(anonymous_8)","decl":{"start":{"line":52,"column":24},"end":{"line":52,"column":25}},"loc":{"start":{"line":52,"column":29},"end":{"line":68,"column":9}},"line":52},"9":{"name":"(anonymous_9)","decl":{"start":{"line":65,"column":120},"end":{"line":65,"column":121}},"loc":{"start":{"line":65,"column":125},"end":{"line":65,"column":162}},"line":65},"10":{"name":"(anonymous_10)","decl":{"start":{"line":69,"column":30},"end":{"line":69,"column":31}},"loc":{"start":{"line":69,"column":35},"end":{"line":85,"column":9}},"line":69},"11":{"name":"(anonymous_11)","decl":{"start":{"line":82,"column":120},"end":{"line":82,"column":121}},"loc":{"start":{"line":82,"column":125},"end":{"line":82,"column":162}},"line":82}},"branchMap":{"0":{"loc":{"start":{"line":13,"column":3},"end":{"line":13,"column":22}},"type":"binary-expr","locations":[{"start":{"line":13,"column":3},"end":{"line":13,"column":7}},{"start":{"line":13,"column":12},"end":{"line":13,"column":21}}],"line":13},"1":{"loc":{"start":{"line":16,"column":8},"end":{"line":18,"column":9}},"type":"if","locations":[{"start":{"line":16,"column":8},"end":{"line":18,"column":9}},{"start":{"line":16,"column":8},"end":{"line":18,"column":9}}],"line":16},"2":{"loc":{"start":{"line":20,"column":8},"end":{"line":22,"column":9}},"type":"if","locations":[{"start":{"line":20,"column":8},"end":{"line":22,"column":9}},{"start":{"line":20,"column":8},"end":{"line":22,"column":9}}],"line":20},"3":{"loc":{"start":{"line":30,"column":47},"end":{"line":30,"column":103}},"type":"binary-expr","locations":[{"start":{"line":30,"column":47},"end":{"line":30,"column":72}},{"start":{"line":30,"column":76},"end":{"line":30,"column":103}}],"line":30},"4":{"loc":{"start":{"line":32,"column":12},"end":{"line":34,"column":13}},"type":"if","locations":[{"start":{"line":32,"column":12},"end":{"line":34,"column":13}},{"start":{"line":32,"column":12},"end":{"line":34,"column":13}}],"line":32},"5":{"loc":{"start":{"line":35,"column":12},"end":{"line":37,"column":13}},"type":"if","locations":[{"start":{"line":35,"column":12},"end":{"line":37,"column":13}},{"start":{"line":35,"column":12},"end":{"line":37,"column":13}}],"line":35},"6":{"loc":{"start":{"line":41,"column":47},"end":{"line":41,"column":103}},"type":"binary-expr","locations":[{"start":{"line":41,"column":47},"end":{"line":41,"column":72}},{"start":{"line":41,"column":76},"end":{"line":41,"column":103}}],"line":41},"7":{"loc":{"start":{"line":43,"column":12},"end":{"line":45,"column":13}},"type":"if","locations":[{"start":{"line":43,"column":12},"end":{"line":45,"column":13}},{"start":{"line":43,"column":12},"end":{"line":45,"column":13}}],"line":43},"8":{"loc":{"start":{"line":46,"column":12},"end":{"line":48,"column":13}},"type":"if","locations":[{"start":{"line":46,"column":12},"end":{"line":48,"column":13}},{"start":{"line":46,"column":12},"end":{"line":48,"column":13}}],"line":46}},"s":{"0":1,"1":1,"2":1,"3":1,"4":1,"5":1,"6":1,"7":1,"8":1,"9":1,"10":9,"11":1,"12":8,"13":8,"14":0,"15":8,"16":8,"17":8,"18":8,"19":8,"20":8,"21":8,"22":9,"23":1569,"24":9,"25":0,"26":9,"27":9,"28":0,"29":9,"30":8,"31":19,"32":2916,"33":19,"34":0,"35":19,"36":15,"37":4,"38":19,"39":8,"40":8,"41":15,"42":30,"43":15,"44":8,"45":9,"46":9,"47":9,"48":8,"49":1},"f":{"0":1,"1":9,"2":9,"3":1569,"4":9,"5":19,"6":2916,"7":19,"8":15,"9":30,"10":9,"11":9},"b":{"0":[1,1],"1":[1,8],"2":[0,8],"3":[1569,30],"4":[0,9],"5":[9,0],"6":[2916,54],"7":[0,19],"8":[15,4]},"_coverageSchema":"1a1c01bbd47fc00a2c39e90264f33305004495a9","hash":"be9785feb5b37dc85f8c45eae5098f46499f567b","contentHash":"fe0eb1410eb32774fcde666c5755037d9638d961bd9c3cdf54ff0186b1315846"},"/Users/apple/dev/projects/mocha-parser/_out/esprima-util.js":{"path":"/Users/apple/dev/projects/mocha-parser/_out/esprima-util.js","statementMap":{"0":{"start":{"line":2,"column":0},"end":{"line":2,"column":62}},"1":{"start":{"line":3,"column":0},"end":{"line":3,"column":270}},"2":{"start":{"line":4,"column":16},"end":{"line":4,"column":34}},"3":{"start":{"line":5,"column":0},"end":{"line":8,"column":2}},"4":{"start":{"line":10,"column":17},"end":{"line":10,"column":69}},"5":{"start":{"line":11,"column":25},"end":{"line":13,"column":84}},"6":{"start":{"line":12,"column":21},"end":{"line":12,"column":44}},"7":{"start":{"line":13,"column":21},"end":{"line":13,"column":83}},"8":{"start":{"line":13,"column":69},"end":{"line":13,"column":82}},"9":{"start":{"line":14,"column":19},"end":{"line":16,"column":78}},"10":{"start":{"line":15,"column":21},"end":{"line":15,"column":44}},"11":{"start":{"line":16,"column":21},"end":{"line":16,"column":77}},"12":{"start":{"line":16,"column":63},"end":{"line":16,"column":76}},"13":{"start":{"line":17,"column":4},"end":{"line":17,"column":40}},"14":{"start":{"line":19,"column":0},"end":{"line":19,"column":60}},"15":{"start":{"line":21,"column":14},"end":{"line":21,"column":16}},"16":{"start":{"line":22,"column":25},"end":{"line":22,"column":31}},"17":{"start":{"line":23,"column":4},"end":{"line":32,"column":5}},"18":{"start":{"line":24,"column":8},"end":{"line":24,"column":75}},"19":{"start":{"line":24,"column":52},"end":{"line":24,"column":73}},"20":{"start":{"line":25,"column":28},"end":{"line":25,"column":50}},"21":{"start":{"line":26,"column":8},"end":{"line":31,"column":9}},"22":{"start":{"line":27,"column":12},"end":{"line":29,"column":13}},"23":{"start":{"line":28,"column":16},"end":{"line":28,"column":40}},"24":{"start":{"line":30,"column":12},"end":{"line":30,"column":65}},"25":{"start":{"line":33,"column":4},"end":{"line":33,"column":15}},"26":{"start":{"line":35,"column":0},"end":{"line":35,"column":42}},"27":{"start":{"line":37,"column":4},"end":{"line":37,"column":80}},"28":{"start":{"line":39,"column":0},"end":{"line":39,"column":44}},"29":{"start":{"line":41,"column":4},"end":{"line":41,"column":82}},"30":{"start":{"line":43,"column":0},"end":{"line":43,"column":28}},"31":{"start":{"line":51,"column":18},"end":{"line":51,"column":62}},"32":{"start":{"line":51,"column":36},"end":{"line":51,"column":61}},"33":{"start":{"line":52,"column":4},"end":{"line":52,"column":70}},"34":{"start":{"line":52,"column":44},"end":{"line":52,"column":67}},"35":{"start":{"line":54,"column":0},"end":{"line":54,"column":32}},"36":{"start":{"line":57,"column":15},"end":{"line":57,"column":17}},"37":{"start":{"line":58,"column":19},"end":{"line":58,"column":150}},"38":{"start":{"line":59,"column":4},"end":{"line":72,"column":5}},"39":{"start":{"line":60,"column":8},"end":{"line":71,"column":9}},"40":{"start":{"line":61,"column":12},"end":{"line":63,"column":13}},"41":{"start":{"line":62,"column":16},"end":{"line":62,"column":38}},"42":{"start":{"line":66,"column":30},"end":{"line":69,"column":67}},"43":{"start":{"line":67,"column":29},"end":{"line":67,"column":50}},"44":{"start":{"line":68,"column":29},"end":{"line":68,"column":48}},"45":{"start":{"line":69,"column":26},"end":{"line":69,"column":66}},"46":{"start":{"line":70,"column":12},"end":{"line":70,"column":41}},"47":{"start":{"line":73,"column":4},"end":{"line":73,"column":16}},"48":{"start":{"line":75,"column":0},"end":{"line":75,"column":34}},"49":{"start":{"line":77,"column":4},"end":{"line":77,"column":56}},"50":{"start":{"line":79,"column":0},"end":{"line":79,"column":36}},"51":{"start":{"line":112,"column":4},"end":{"line":112,"column":21}},"52":{"start":{"line":114,"column":0},"end":{"line":114,"column":28}},"53":{"start":{"line":116,"column":16},"end":{"line":116,"column":30}},"54":{"start":{"line":117,"column":15},"end":{"line":117,"column":29}},"55":{"start":{"line":118,"column":4},"end":{"line":118,"column":107}},"56":{"start":{"line":119,"column":4},"end":{"line":119,"column":18}},"57":{"start":{"line":121,"column":0},"end":{"line":121,"column":32}},"58":{"start":{"line":133,"column":25},"end":{"line":133,"column":73}},"59":{"start":{"line":134,"column":20},"end":{"line":134,"column":60}},"60":{"start":{"line":135,"column":25},"end":{"line":136,"column":46}},"61":{"start":{"line":135,"column":44},"end":{"line":136,"column":45}},"62":{"start":{"line":136,"column":30},"end":{"line":136,"column":44}},"63":{"start":{"line":137,"column":26},"end":{"line":138,"column":45}},"64":{"start":{"line":137,"column":45},"end":{"line":138,"column":44}},"65":{"start":{"line":138,"column":29},"end":{"line":138,"column":43}},"66":{"start":{"line":139,"column":15},"end":{"line":139,"column":19}},"67":{"start":{"line":140,"column":4},"end":{"line":151,"column":5}},"68":{"start":{"line":141,"column":8},"end":{"line":141,"column":21}},"69":{"start":{"line":142,"column":8},"end":{"line":150,"column":9}},"70":{"start":{"line":142,"column":21},"end":{"line":142,"column":22}},"71":{"start":{"line":143,"column":12},"end":{"line":149,"column":13}},"72":{"start":{"line":143,"column":41},"end":{"line":144,"column":53}},"73":{"start":{"line":145,"column":16},"end":{"line":145,"column":56}},"74":{"start":{"line":146,"column":16},"end":{"line":146,"column":60}},"75":{"start":{"line":147,"column":16},"end":{"line":147,"column":91}},"76":{"start":{"line":147,"column":67},"end":{"line":147,"column":89}},"77":{"start":{"line":148,"column":16},"end":{"line":148,"column":28}},"78":{"start":{"line":152,"column":4},"end":{"line":152,"column":26}},"79":{"start":{"line":154,"column":0},"end":{"line":154,"column":36}}},"fnMap":{"0":{"name":"retrieveDebuggableTokens","decl":{"start":{"line":9,"column":9},"end":{"line":9,"column":33}},"loc":{"start":{"line":9,"column":42},"end":{"line":18,"column":1}},"line":9},"1":{"name":"(anonymous_1)","decl":{"start":{"line":12,"column":16},"end":{"line":12,"column":17}},"loc":{"start":{"line":12,"column":21},"end":{"line":12,"column":44}},"line":12},"2":{"name":"(anonymous_2)","decl":{"start":{"line":13,"column":16},"end":{"line":13,"column":17}},"loc":{"start":{"line":13,"column":21},"end":{"line":13,"column":83}},"line":13},"3":{"name":"(anonymous_3)","decl":{"start":{"line":13,"column":64},"end":{"line":13,"column":65}},"loc":{"start":{"line":13,"column":69},"end":{"line":13,"column":82}},"line":13},"4":{"name":"(anonymous_4)","decl":{"start":{"line":15,"column":16},"end":{"line":15,"column":17}},"loc":{"start":{"line":15,"column":21},"end":{"line":15,"column":44}},"line":15},"5":{"name":"(anonymous_5)","decl":{"start":{"line":16,"column":16},"end":{"line":16,"column":17}},"loc":{"start":{"line":16,"column":21},"end":{"line":16,"column":77}},"line":16},"6":{"name":"(anonymous_6)","decl":{"start":{"line":16,"column":58},"end":{"line":16,"column":59}},"loc":{"start":{"line":16,"column":63},"end":{"line":16,"column":76}},"line":16},"7":{"name":"extractAllNodes","decl":{"start":{"line":20,"column":9},"end":{"line":20,"column":24}},"loc":{"start":{"line":20,"column":31},"end":{"line":34,"column":1}},"line":20},"8":{"name":"(anonymous_8)","decl":{"start":{"line":24,"column":47},"end":{"line":24,"column":48}},"loc":{"start":{"line":24,"column":52},"end":{"line":24,"column":73}},"line":24},"9":{"name":"isStricltyInside","decl":{"start":{"line":36,"column":9},"end":{"line":36,"column":25}},"loc":{"start":{"line":36,"column":41},"end":{"line":38,"column":1}},"line":36},"10":{"name":"isInside","decl":{"start":{"line":40,"column":9},"end":{"line":40,"column":17}},"loc":{"start":{"line":40,"column":33},"end":{"line":42,"column":1}},"line":40},"11":{"name":"getParents","decl":{"start":{"line":50,"column":9},"end":{"line":50,"column":19}},"loc":{"start":{"line":50,"column":33},"end":{"line":53,"column":1}},"line":50},"12":{"name":"(anonymous_12)","decl":{"start":{"line":51,"column":31},"end":{"line":51,"column":32}},"loc":{"start":{"line":51,"column":36},"end":{"line":51,"column":61}},"line":51},"13":{"name":"(anonymous_13)","decl":{"start":{"line":52,"column":34},"end":{"line":52,"column":35}},"loc":{"start":{"line":52,"column":44},"end":{"line":52,"column":67}},"line":52},"14":{"name":"extractName","decl":{"start":{"line":55,"column":9},"end":{"line":55,"column":20}},"loc":{"start":{"line":55,"column":63},"end":{"line":74,"column":1}},"line":55},"15":{"name":"(anonymous_15)","decl":{"start":{"line":67,"column":24},"end":{"line":67,"column":25}},"loc":{"start":{"line":67,"column":29},"end":{"line":67,"column":50}},"line":67},"16":{"name":"(anonymous_16)","decl":{"start":{"line":68,"column":24},"end":{"line":68,"column":25}},"loc":{"start":{"line":68,"column":29},"end":{"line":68,"column":48}},"line":68},"17":{"name":"(anonymous_17)","decl":{"start":{"line":69,"column":21},"end":{"line":69,"column":22}},"loc":{"start":{"line":69,"column":26},"end":{"line":69,"column":66}},"line":69},"18":{"name":"areSameToken","decl":{"start":{"line":76,"column":9},"end":{"line":76,"column":21}},"loc":{"start":{"line":76,"column":30},"end":{"line":78,"column":1}},"line":76},"19":{"name":"tokenMap","decl":{"start":{"line":94,"column":9},"end":{"line":94,"column":17}},"loc":{"start":{"line":94,"column":34},"end":{"line":113,"column":1}},"line":94},"20":{"name":"eraseToken","decl":{"start":{"line":115,"column":9},"end":{"line":115,"column":19}},"loc":{"start":{"line":115,"column":35},"end":{"line":120,"column":1}},"line":115},"21":{"name":"parityFilter","decl":{"start":{"line":132,"column":9},"end":{"line":132,"column":21}},"loc":{"start":{"line":132,"column":30},"end":{"line":153,"column":1}},"line":132},"22":{"name":"(anonymous_22)","decl":{"start":{"line":135,"column":39},"end":{"line":135,"column":40}},"loc":{"start":{"line":135,"column":44},"end":{"line":136,"column":45}},"line":135},"23":{"name":"(anonymous_23)","decl":{"start":{"line":136,"column":24},"end":{"line":136,"column":25}},"loc":{"start":{"line":136,"column":30},"end":{"line":136,"column":44}},"line":136},"24":{"name":"(anonymous_24)","decl":{"start":{"line":137,"column":40},"end":{"line":137,"column":41}},"loc":{"start":{"line":137,"column":45},"end":{"line":138,"column":44}},"line":137},"25":{"name":"(anonymous_25)","decl":{"start":{"line":138,"column":23},"end":{"line":138,"column":24}},"loc":{"start":{"line":138,"column":29},"end":{"line":138,"column":43}},"line":138},"26":{"name":"(anonymous_26)","decl":{"start":{"line":143,"column":36},"end":{"line":143,"column":37}},"loc":{"start":{"line":143,"column":41},"end":{"line":144,"column":53}},"line":143},"27":{"name":"(anonymous_27)","decl":{"start":{"line":147,"column":57},"end":{"line":147,"column":58}},"loc":{"start":{"line":147,"column":67},"end":{"line":147,"column":89}},"line":147}},"branchMap":{"0":{"loc":{"start":{"line":26,"column":8},"end":{"line":31,"column":9}},"type":"if","locations":[{"start":{"line":26,"column":8},"end":{"line":31,"column":9}},{"start":{"line":26,"column":8},"end":{"line":31,"column":9}}],"line":26},"1":{"loc":{"start":{"line":27,"column":12},"end":{"line":29,"column":13}},"type":"if","locations":[{"start":{"line":27,"column":12},"end":{"line":29,"column":13}},{"start":{"line":27,"column":12},"end":{"line":29,"column":13}}],"line":27},"2":{"loc":{"start":{"line":37,"column":11},"end":{"line":37,"column":79}},"type":"binary-expr","locations":[{"start":{"line":37,"column":11},"end":{"line":37,"column":43}},{"start":{"line":37,"column":47},"end":{"line":37,"column":79}}],"line":37},"3":{"loc":{"start":{"line":41,"column":11},"end":{"line":41,"column":81}},"type":"binary-expr","locations":[{"start":{"line":41,"column":11},"end":{"line":41,"column":44}},{"start":{"line":41,"column":48},"end":{"line":41,"column":81}}],"line":41},"4":{"loc":{"start":{"line":58,"column":19},"end":{"line":58,"column":150}},"type":"cond-expr","locations":[{"start":{"line":58,"column":136},"end":{"line":58,"column":142}},{"start":{"line":58,"column":145},"end":{"line":58,"column":150}}],"line":58},"5":{"loc":{"start":{"line":58,"column":19},"end":{"line":58,"column":133}},"type":"binary-expr","locations":[{"start":{"line":58,"column":19},"end":{"line":58,"column":116}},{"start":{"line":58,"column":120},"end":{"line":58,"column":133}}],"line":58},"6":{"loc":{"start":{"line":58,"column":25},"end":{"line":58,"column":106}},"type":"cond-expr","locations":[{"start":{"line":58,"column":85},"end":{"line":58,"column":91}},{"start":{"line":58,"column":94},"end":{"line":58,"column":106}}],"line":58},"7":{"loc":{"start":{"line":58,"column":25},"end":{"line":58,"column":82}},"type":"binary-expr","locations":[{"start":{"line":58,"column":25},"end":{"line":58,"column":65}},{"start":{"line":58,"column":69},"end":{"line":58,"column":82}}],"line":58},"8":{"loc":{"start":{"line":59,"column":4},"end":{"line":72,"column":5}},"type":"if","locations":[{"start":{"line":59,"column":4},"end":{"line":72,"column":5}},{"start":{"line":59,"column":4},"end":{"line":72,"column":5}}],"line":59},"9":{"loc":{"start":{"line":60,"column":8},"end":{"line":71,"column":9}},"type":"if","locations":[{"start":{"line":60,"column":8},"end":{"line":71,"column":9}},{"start":{"line":60,"column":8},"end":{"line":71,"column":9}}],"line":60},"10":{"loc":{"start":{"line":61,"column":12},"end":{"line":63,"column":13}},"type":"if","locations":[{"start":{"line":61,"column":12},"end":{"line":63,"column":13}},{"start":{"line":61,"column":12},"end":{"line":63,"column":13}}],"line":61},"11":{"loc":{"start":{"line":77,"column":11},"end":{"line":77,"column":55}},"type":"binary-expr","locations":[{"start":{"line":77,"column":11},"end":{"line":77,"column":30}},{"start":{"line":77,"column":34},"end":{"line":77,"column":55}}],"line":77},"12":{"loc":{"start":{"line":135,"column":44},"end":{"line":136,"column":45}},"type":"binary-expr","locations":[{"start":{"line":135,"column":44},"end":{"line":135,"column":67}},{"start":{"line":136,"column":8},"end":{"line":136,"column":45}}],"line":135},"13":{"loc":{"start":{"line":137,"column":45},"end":{"line":138,"column":44}},"type":"binary-expr","locations":[{"start":{"line":137,"column":45},"end":{"line":137,"column":68}},{"start":{"line":138,"column":8},"end":{"line":138,"column":44}}],"line":137},"14":{"loc":{"start":{"line":143,"column":12},"end":{"line":149,"column":13}},"type":"if","locations":[{"start":{"line":143,"column":12},"end":{"line":149,"column":13}},{"start":{"line":143,"column":12},"end":{"line":149,"column":13}}],"line":143},"15":{"loc":{"start":{"line":143,"column":41},"end":{"line":144,"column":53}},"type":"binary-expr","locations":[{"start":{"line":143,"column":41},"end":{"line":143,"column":74}},{"start":{"line":144,"column":16},"end":{"line":144,"column":53}}],"line":143},"16":{"loc":{"start":{"line":147,"column":67},"end":{"line":147,"column":89}},"type":"binary-expr","locations":[{"start":{"line":147,"column":67},"end":{"line":147,"column":74}},{"start":{"line":147,"column":78},"end":{"line":147,"column":89}}],"line":147}},"s":{"0":1,"1":1,"2":1,"3":1,"4":8,"5":8,"6":2050,"7":581,"8":1725,"9":8,"10":2050,"11":581,"12":1713,"13":8,"14":1,"15":8,"16":8,"17":8,"18":8089,"19":541307,"20":8089,"21":8089,"22":8024,"23":1518,"24":8024,"25":8,"26":1,"27":80,"28":1,"29":602,"30":1,"31":24,"32":80,"33":24,"34":0,"35":1,"36":39,"37":39,"38":39,"39":39,"40":37,"41":37,"42":2,"43":602,"44":14,"45":5,"46":2,"47":39,"48":1,"49":123427,"50":1,"51":0,"52":1,"53":40,"54":40,"55":40,"56":40,"57":1,"58":10,"59":10,"60":10,"61":43,"62":133,"63":10,"64":43,"65":133,"66":10,"67":10,"68":17,"69":17,"70":17,"71":7,"72":16,"73":7,"74":7,"75":7,"76":17,"77":7,"78":10,"79":1},"f":{"0":8,"1":2050,"2":581,"3":1725,"4":2050,"5":581,"6":1713,"7":8,"8":541307,"9":80,"10":602,"11":24,"12":80,"13":0,"14":39,"15":602,"16":14,"17":5,"18":123427,"19":0,"20":40,"21":10,"22":43,"23":133,"24":43,"25":133,"26":16,"27":17},"b":{"0":[8024,65],"1":[1518,6506],"2":[80,28],"3":[602,377],"4":[0,39],"5":[39,39],"6":[0,39],"7":[39,39],"8":[39,0],"9":[37,2],"10":[37,0],"11":[123427,123275],"12":[43,25],"13":[43,25],"14":[7,0],"15":[16,7],"16":[17,10]},"_coverageSchema":"1a1c01bbd47fc00a2c39e90264f33305004495a9","hash":"9539d1a5bd4497081067d5c3e7eeddc7e1dd94cd","contentHash":"250f8bfc409f7b0ad4dddec8dc862bc816cf8263e69e421cb46dec4def58385c"},"/Users/apple/dev/projects/mocha-parser/_out/is-valid-ts.js":{"path":"/Users/apple/dev/projects/mocha-parser/_out/is-valid-ts.js","statementMap":{"0":{"start":{"line":2,"column":0},"end":{"line":2,"column":62}},"1":{"start":{"line":3,"column":0},"end":{"line":3,"column":46}},"2":{"start":{"line":4,"column":15},"end":{"line":4,"column":33}},"3":{"start":{"line":6,"column":12},"end":{"line":6,"column":50}},"4":{"start":{"line":7,"column":4},"end":{"line":12,"column":5}},"5":{"start":{"line":8,"column":16},"end":{"line":8,"column":43}},"6":{"start":{"line":11,"column":8},"end":{"line":11,"column":21}},"7":{"start":{"line":13,"column":4},"end":{"line":13,"column":16}},"8":{"start":{"line":15,"column":0},"end":{"line":15,"column":30}},"9":{"start":{"line":17,"column":4},"end":{"line":17,"column":88}},"10":{"start":{"line":17,"column":66},"end":{"line":17,"column":86}},"11":{"start":{"line":18,"column":12},"end":{"line":18,"column":151}},"12":{"start":{"line":20,"column":4},"end":{"line":25,"column":5}},"13":{"start":{"line":21,"column":8},"end":{"line":21,"column":48}},"14":{"start":{"line":24,"column":8},"end":{"line":24,"column":20}},"15":{"start":{"line":26,"column":4},"end":{"line":26,"column":14}},"16":{"start":{"line":28,"column":0},"end":{"line":28,"column":28}}},"fnMap":{"0":{"name":"isValidTS","decl":{"start":{"line":5,"column":9},"end":{"line":5,"column":18}},"loc":{"start":{"line":5,"column":22},"end":{"line":14,"column":1}},"line":5},"1":{"name":"jsFromTs","decl":{"start":{"line":16,"column":9},"end":{"line":16,"column":17}},"loc":{"start":{"line":16,"column":28},"end":{"line":27,"column":1}},"line":16},"2":{"name":"(anonymous_2)","decl":{"start":{"line":17,"column":61},"end":{"line":17,"column":62}},"loc":{"start":{"line":17,"column":66},"end":{"line":17,"column":86}},"line":17}},"branchMap":{},"s":{"0":1,"1":1,"2":1,"3":9,"4":9,"5":9,"6":1,"7":8,"8":1,"9":8,"10":18,"11":8,"12":8,"13":8,"14":0,"15":8,"16":1},"f":{"0":9,"1":8,"2":18},"b":{},"_coverageSchema":"1a1c01bbd47fc00a2c39e90264f33305004495a9","hash":"477bdde9739e06175d839e635dda54842a644adc","contentHash":"e75ed52db49f83ae2c5a630445bc1f6516a7a133959ff191413c52cbe6e28641"},"/Users/apple/dev/projects/mocha-parser/_out/text-treatment-util.js":{"path":"/Users/apple/dev/projects/mocha-parser/_out/text-treatment-util.js","statementMap":{"0":{"start":{"line":2,"column":0},"end":{"line":2,"column":62}},"1":{"start":{"line":3,"column":0},"end":{"line":3,"column":69}},"2":{"start":{"line":5,"column":23},"end":{"line":5,"column":25}},"3":{"start":{"line":6,"column":4},"end":{"line":6,"column":84}},"4":{"start":{"line":6,"column":21},"end":{"line":6,"column":36}},"5":{"start":{"line":6,"column":55},"end":{"line":6,"column":82}},"6":{"start":{"line":7,"column":23},"end":{"line":7,"column":86}},"7":{"start":{"line":7,"column":51},"end":{"line":7,"column":68}},"8":{"start":{"line":8,"column":17},"end":{"line":8,"column":41}},"9":{"start":{"line":9,"column":4},"end":{"line":9,"column":18}},"10":{"start":{"line":11,"column":0},"end":{"line":11,"column":68}},"11":{"start":{"line":15,"column":14},"end":{"line":15,"column":94}},"12":{"start":{"line":16,"column":4},"end":{"line":16,"column":41}},"13":{"start":{"line":16,"column":27},"end":{"line":16,"column":39}},"14":{"start":{"line":18,"column":0},"end":{"line":18,"column":36}}},"fnMap":{"0":{"name":"getRegExpForMatchingAllWords","decl":{"start":{"line":4,"column":9},"end":{"line":4,"column":37}},"loc":{"start":{"line":4,"column":47},"end":{"line":10,"column":1}},"line":4},"1":{"name":"(anonymous_1)","decl":{"start":{"line":6,"column":16},"end":{"line":6,"column":17}},"loc":{"start":{"line":6,"column":21},"end":{"line":6,"column":36}},"line":6},"2":{"name":"(anonymous_2)","decl":{"start":{"line":6,"column":46},"end":{"line":6,"column":47}},"loc":{"start":{"line":6,"column":55},"end":{"line":6,"column":82}},"line":6},"3":{"name":"(anonymous_3)","decl":{"start":{"line":7,"column":46},"end":{"line":7,"column":47}},"loc":{"start":{"line":7,"column":51},"end":{"line":7,"column":68}},"line":7},"4":{"name":"extractWords","decl":{"start":{"line":12,"column":9},"end":{"line":12,"column":21}},"loc":{"start":{"line":12,"column":30},"end":{"line":17,"column":1}},"line":12},"5":{"name":"(anonymous_5)","decl":{"start":{"line":16,"column":22},"end":{"line":16,"column":23}},"loc":{"start":{"line":16,"column":27},"end":{"line":16,"column":39}},"line":16}},"branchMap":{},"s":{"0":1,"1":1,"2":24,"3":24,"4":39,"5":39,"6":24,"7":114,"8":24,"9":24,"10":1,"11":39,"12":39,"13":179,"14":1},"f":{"0":24,"1":39,"2":39,"3":114,"4":39,"5":179},"b":{},"_coverageSchema":"1a1c01bbd47fc00a2c39e90264f33305004495a9","hash":"08e5e32052cfdbd39173e7ddfbee5671310cc118","contentHash":"e084372fb6632a3d25d2ac5d2d5ebc08efeeed7f8408799dd8b62ab4a7aec830"},"/Users/apple/dev/projects/mocha-parser/_out/ts-stripper.js":{"path":"/Users/apple/dev/projects/mocha-parser/_out/ts-stripper.js","statementMap":{"0":{"start":{"line":2,"column":0},"end":{"line":2,"column":62}},"1":{"start":{"line":3,"column":0},"end":{"line":3,"column":39}},"2":{"start":{"line":4,"column":16},"end":{"line":4,"column":34}},"3":{"start":{"line":5,"column":23},"end":{"line":5,"column":48}},"4":{"start":{"line":8,"column":17},"end":{"line":8,"column":85}},"5":{"start":{"line":9,"column":19},"end":{"line":9,"column":83}},"6":{"start":{"line":10,"column":19},"end":{"line":18,"column":5}},"7":{"start":{"line":11,"column":8},"end":{"line":16,"column":9}},"8":{"start":{"line":12,"column":12},"end":{"line":12,"column":84}},"9":{"start":{"line":15,"column":12},"end":{"line":15,"column":23}},"10":{"start":{"line":17,"column":8},"end":{"line":17,"column":20}},"11":{"start":{"line":20,"column":4},"end":{"line":87,"column":5}},"12":{"start":{"line":21,"column":36},"end":{"line":27,"column":13}},"13":{"start":{"line":23,"column":12},"end":{"line":23,"column":42}},"14":{"start":{"line":25,"column":20},"end":{"line":25,"column":27}},"15":{"start":{"line":26,"column":12},"end":{"line":26,"column":69}},"16":{"start":{"line":28,"column":8},"end":{"line":28,"column":36}},"17":{"start":{"line":29,"column":34},"end":{"line":30,"column":49}},"18":{"start":{"line":29,"column":58},"end":{"line":29,"column":89}},"19":{"start":{"line":30,"column":25},"end":{"line":30,"column":48}},"20":{"start":{"line":31,"column":30},"end":{"line":32,"column":49}},"21":{"start":{"line":31,"column":54},"end":{"line":31,"column":85}},"22":{"start":{"line":32,"column":25},"end":{"line":32,"column":48}},"23":{"start":{"line":34,"column":32},"end":{"line":36,"column":55}},"24":{"start":{"line":35,"column":37},"end":{"line":35,"column":61}},"25":{"start":{"line":36,"column":25},"end":{"line":36,"column":54}},"26":{"start":{"line":37,"column":32},"end":{"line":39,"column":55}},"27":{"start":{"line":38,"column":37},"end":{"line":38,"column":61}},"28":{"start":{"line":39,"column":25},"end":{"line":39,"column":54}},"29":{"start":{"line":40,"column":22},"end":{"line":48,"column":10}},"30":{"start":{"line":41,"column":26},"end":{"line":41,"column":28}},"31":{"start":{"line":42,"column":12},"end":{"line":46,"column":15}},"32":{"start":{"line":43,"column":16},"end":{"line":45,"column":17}},"33":{"start":{"line":44,"column":20},"end":{"line":44,"column":43}},"34":{"start":{"line":47,"column":12},"end":{"line":47,"column":58}},"35":{"start":{"line":50,"column":18},"end":{"line":50,"column":19}},"36":{"start":{"line":51,"column":8},"end":{"line":55,"column":9}},"37":{"start":{"line":51,"column":21},"end":{"line":51,"column":22}},"38":{"start":{"line":52,"column":39},"end":{"line":52,"column":57}},"39":{"start":{"line":53,"column":12},"end":{"line":53,"column":76}},"40":{"start":{"line":53,"column":66},"end":{"line":53,"column":74}},"41":{"start":{"line":54,"column":12},"end":{"line":54,"column":66}},"42":{"start":{"line":54,"column":52},"end":{"line":54,"column":57}},"43":{"start":{"line":57,"column":18},"end":{"line":57,"column":28}},"44":{"start":{"line":58,"column":8},"end":{"line":62,"column":9}},"45":{"start":{"line":58,"column":21},"end":{"line":58,"column":39}},"46":{"start":{"line":59,"column":39},"end":{"line":59,"column":57}},"47":{"start":{"line":60,"column":12},"end":{"line":60,"column":76}},"48":{"start":{"line":60,"column":66},"end":{"line":60,"column":74}},"49":{"start":{"line":61,"column":12},"end":{"line":61,"column":66}},"50":{"start":{"line":61,"column":52},"end":{"line":61,"column":57}},"51":{"start":{"line":64,"column":30},"end":{"line":68,"column":10}},"52":{"start":{"line":65,"column":12},"end":{"line":67,"column":15}},"53":{"start":{"line":66,"column":16},"end":{"line":66,"column":84}},"54":{"start":{"line":69,"column":32},"end":{"line":70,"column":68}},"55":{"start":{"line":70,"column":30},"end":{"line":70,"column":67}},"56":{"start":{"line":71,"column":37},"end":{"line":71,"column":249}},"57":{"start":{"line":72,"column":31},"end":{"line":73,"column":68}},"58":{"start":{"line":73,"column":30},"end":{"line":73,"column":67}},"59":{"start":{"line":74,"column":37},"end":{"line":74,"column":267}},"60":{"start":{"line":75,"column":27},"end":{"line":75,"column":110}},"61":{"start":{"line":75,"column":51},"end":{"line":75,"column":109}},"62":{"start":{"line":76,"column":38},"end":{"line":77,"column":79}},"63":{"start":{"line":77,"column":25},"end":{"line":77,"column":67}},"64":{"start":{"line":78,"column":37},"end":{"line":79,"column":79}},"65":{"start":{"line":79,"column":25},"end":{"line":79,"column":67}},"66":{"start":{"line":80,"column":27},"end":{"line":80,"column":113}},"67":{"start":{"line":80,"column":53},"end":{"line":80,"column":112}},"68":{"start":{"line":81,"column":28},"end":{"line":83,"column":10}},"69":{"start":{"line":82,"column":12},"end":{"line":82,"column":81}},"70":{"start":{"line":82,"column":44},"end":{"line":82,"column":79}},"71":{"start":{"line":84,"column":8},"end":{"line":84,"column":67}},"72":{"start":{"line":85,"column":8},"end":{"line":85,"column":82}},"73":{"start":{"line":85,"column":35},"end":{"line":85,"column":80}},"74":{"start":{"line":88,"column":4},"end":{"line":88,"column":18}},"75":{"start":{"line":90,"column":0},"end":{"line":90,"column":54}}},"fnMap":{"0":{"name":"stripIntoEsprimableJS","decl":{"start":{"line":6,"column":9},"end":{"line":6,"column":30}},"loc":{"start":{"line":6,"column":43},"end":{"line":89,"column":1}},"line":6},"1":{"name":"(anonymous_1)","decl":{"start":{"line":10,"column":19},"end":{"line":10,"column":20}},"loc":{"start":{"line":10,"column":25},"end":{"line":18,"column":5}},"line":10},"2":{"name":"(anonymous_2)","decl":{"start":{"line":22,"column":17},"end":{"line":22,"column":18}},"loc":{"start":{"line":22,"column":27},"end":{"line":24,"column":9}},"line":22},"3":{"name":"(anonymous_3)","decl":{"start":{"line":24,"column":18},"end":{"line":24,"column":19}},"loc":{"start":{"line":24,"column":23},"end":{"line":27,"column":9}},"line":24},"4":{"name":"(anonymous_4)","decl":{"start":{"line":29,"column":48},"end":{"line":29,"column":49}},"loc":{"start":{"line":29,"column":58},"end":{"line":29,"column":89}},"line":29},"5":{"name":"(anonymous_5)","decl":{"start":{"line":30,"column":20},"end":{"line":30,"column":21}},"loc":{"start":{"line":30,"column":25},"end":{"line":30,"column":48}},"line":30},"6":{"name":"(anonymous_6)","decl":{"start":{"line":31,"column":44},"end":{"line":31,"column":45}},"loc":{"start":{"line":31,"column":54},"end":{"line":31,"column":85}},"line":31},"7":{"name":"(anonymous_7)","decl":{"start":{"line":32,"column":20},"end":{"line":32,"column":21}},"loc":{"start":{"line":32,"column":25},"end":{"line":32,"column":48}},"line":32},"8":{"name":"(anonymous_8)","decl":{"start":{"line":35,"column":17},"end":{"line":35,"column":18}},"loc":{"start":{"line":35,"column":35},"end":{"line":35,"column":63}},"line":35},"9":{"name":"(anonymous_9)","decl":{"start":{"line":36,"column":20},"end":{"line":36,"column":21}},"loc":{"start":{"line":36,"column":25},"end":{"line":36,"column":54}},"line":36},"10":{"name":"(anonymous_10)","decl":{"start":{"line":38,"column":17},"end":{"line":38,"column":18}},"loc":{"start":{"line":38,"column":35},"end":{"line":38,"column":63}},"line":38},"11":{"name":"(anonymous_11)","decl":{"start":{"line":39,"column":20},"end":{"line":39,"column":21}},"loc":{"start":{"line":39,"column":25},"end":{"line":39,"column":54}},"line":39},"12":{"name":"(anonymous_12)","decl":{"start":{"line":40,"column":44},"end":{"line":40,"column":45}},"loc":{"start":{"line":40,"column":49},"end":{"line":48,"column":9}},"line":40},"13":{"name":"(anonymous_13)","decl":{"start":{"line":42,"column":38},"end":{"line":42,"column":39}},"loc":{"start":{"line":42,"column":44},"end":{"line":46,"column":13}},"line":42},"14":{"name":"(anonymous_14)","decl":{"start":{"line":53,"column":61},"end":{"line":53,"column":62}},"loc":{"start":{"line":53,"column":66},"end":{"line":53,"column":74}},"line":53},"15":{"name":"(anonymous_15)","decl":{"start":{"line":54,"column":42},"end":{"line":54,"column":43}},"loc":{"start":{"line":54,"column":52},"end":{"line":54,"column":57}},"line":54},"16":{"name":"(anonymous_16)","decl":{"start":{"line":60,"column":61},"end":{"line":60,"column":62}},"loc":{"start":{"line":60,"column":66},"end":{"line":60,"column":74}},"line":60},"17":{"name":"(anonymous_17)","decl":{"start":{"line":61,"column":42},"end":{"line":61,"column":43}},"loc":{"start":{"line":61,"column":52},"end":{"line":61,"column":57}},"line":61},"18":{"name":"(anonymous_18)","decl":{"start":{"line":64,"column":55},"end":{"line":64,"column":56}},"loc":{"start":{"line":64,"column":62},"end":{"line":68,"column":9}},"line":64},"19":{"name":"(anonymous_19)","decl":{"start":{"line":65,"column":32},"end":{"line":65,"column":33}},"loc":{"start":{"line":65,"column":41},"end":{"line":67,"column":13}},"line":65},"20":{"name":"(anonymous_20)","decl":{"start":{"line":70,"column":20},"end":{"line":70,"column":21}},"loc":{"start":{"line":70,"column":30},"end":{"line":70,"column":67}},"line":70},"21":{"name":"(anonymous_21)","decl":{"start":{"line":73,"column":20},"end":{"line":73,"column":21}},"loc":{"start":{"line":73,"column":30},"end":{"line":73,"column":67}},"line":73},"22":{"name":"(anonymous_22)","decl":{"start":{"line":75,"column":41},"end":{"line":75,"column":42}},"loc":{"start":{"line":75,"column":51},"end":{"line":75,"column":109}},"line":75},"23":{"name":"(anonymous_23)","decl":{"start":{"line":77,"column":20},"end":{"line":77,"column":21}},"loc":{"start":{"line":77,"column":25},"end":{"line":77,"column":67}},"line":77},"24":{"name":"(anonymous_24)","decl":{"start":{"line":79,"column":20},"end":{"line":79,"column":21}},"loc":{"start":{"line":79,"column":25},"end":{"line":79,"column":67}},"line":79},"25":{"name":"(anonymous_25)","decl":{"start":{"line":80,"column":43},"end":{"line":80,"column":44}},"loc":{"start":{"line":80,"column":53},"end":{"line":80,"column":112}},"line":80},"26":{"name":"(anonymous_26)","decl":{"start":{"line":81,"column":48},"end":{"line":81,"column":49}},"loc":{"start":{"line":81,"column":54},"end":{"line":83,"column":9}},"line":81},"27":{"name":"(anonymous_27)","decl":{"start":{"line":82,"column":38},"end":{"line":82,"column":39}},"loc":{"start":{"line":82,"column":44},"end":{"line":82,"column":79}},"line":82},"28":{"name":"(anonymous_28)","decl":{"start":{"line":85,"column":30},"end":{"line":85,"column":31}},"loc":{"start":{"line":85,"column":35},"end":{"line":85,"column":80}},"line":85}},"branchMap":{"0":{"loc":{"start":{"line":26,"column":19},"end":{"line":26,"column":68}},"type":"binary-expr","locations":[{"start":{"line":26,"column":19},"end":{"line":26,"column":42}},{"start":{"line":26,"column":46},"end":{"line":26,"column":68}}],"line":26},"1":{"loc":{"start":{"line":43,"column":16},"end":{"line":45,"column":17}},"type":"if","locations":[{"start":{"line":43,"column":16},"end":{"line":45,"column":17}},{"start":{"line":43,"column":16},"end":{"line":45,"column":17}}],"line":43},"2":{"loc":{"start":{"line":66,"column":23},"end":{"line":66,"column":83}},"type":"binary-expr","locations":[{"start":{"line":66,"column":23},"end":{"line":66,"column":49}},{"start":{"line":66,"column":53},"end":{"line":66,"column":83}}],"line":66},"3":{"loc":{"start":{"line":71,"column":37},"end":{"line":71,"column":249}},"type":"cond-expr","locations":[{"start":{"line":71,"column":243},"end":{"line":71,"column":245}},{"start":{"line":71,"column":248},"end":{"line":71,"column":249}}],"line":71},"4":{"loc":{"start":{"line":71,"column":37},"end":{"line":71,"column":240}},"type":"binary-expr","locations":[{"start":{"line":71,"column":37},"end":{"line":71,"column":223}},{"start":{"line":71,"column":227},"end":{"line":71,"column":240}}],"line":71},"5":{"loc":{"start":{"line":71,"column":43},"end":{"line":71,"column":213}},"type":"cond-expr","locations":[{"start":{"line":71,"column":196},"end":{"line":71,"column":202}},{"start":{"line":71,"column":205},"end":{"line":71,"column":213}}],"line":71},"6":{"loc":{"start":{"line":71,"column":43},"end":{"line":71,"column":193}},"type":"binary-expr","locations":[{"start":{"line":71,"column":43},"end":{"line":71,"column":176}},{"start":{"line":71,"column":180},"end":{"line":71,"column":193}}],"line":71},"7":{"loc":{"start":{"line":71,"column":49},"end":{"line":71,"column":166}},"type":"cond-expr","locations":[{"start":{"line":71,"column":110},"end":{"line":71,"column":116}},{"start":{"line":71,"column":119},"end":{"line":71,"column":166}}],"line":71},"8":{"loc":{"start":{"line":71,"column":49},"end":{"line":71,"column":107}},"type":"binary-expr","locations":[{"start":{"line":71,"column":49},"end":{"line":71,"column":75}},{"start":{"line":71,"column":79},"end":{"line":71,"column":107}}],"line":71},"9":{"loc":{"start":{"line":74,"column":37},"end":{"line":74,"column":267}},"type":"cond-expr","locations":[{"start":{"line":74,"column":213},"end":{"line":74,"column":215}},{"start":{"line":74,"column":218},"end":{"line":74,"column":267}}],"line":74},"10":{"loc":{"start":{"line":74,"column":37},"end":{"line":74,"column":210}},"type":"binary-expr","locations":[{"start":{"line":74,"column":37},"end":{"line":74,"column":193}},{"start":{"line":74,"column":197},"end":{"line":74,"column":210}}],"line":74},"11":{"loc":{"start":{"line":74,"column":43},"end":{"line":74,"column":183}},"type":"cond-expr","locations":[{"start":{"line":74,"column":166},"end":{"line":74,"column":172}},{"start":{"line":74,"column":175},"end":{"line":74,"column":183}}],"line":74},"12":{"loc":{"start":{"line":74,"column":43},"end":{"line":74,"column":163}},"type":"binary-expr","locations":[{"start":{"line":74,"column":43},"end":{"line":74,"column":146}},{"start":{"line":74,"column":150},"end":{"line":74,"column":163}}],"line":74},"13":{"loc":{"start":{"line":74,"column":49},"end":{"line":74,"column":136}},"type":"cond-expr","locations":[{"start":{"line":74,"column":108},"end":{"line":74,"column":114}},{"start":{"line":74,"column":117},"end":{"line":74,"column":136}}],"line":74},"14":{"loc":{"start":{"line":74,"column":49},"end":{"line":74,"column":105}},"type":"binary-expr","locations":[{"start":{"line":74,"column":49},"end":{"line":74,"column":74}},{"start":{"line":74,"column":78},"end":{"line":74,"column":105}}],"line":74},"15":{"loc":{"start":{"line":75,"column":51},"end":{"line":75,"column":109}},"type":"binary-expr","locations":[{"start":{"line":75,"column":51},"end":{"line":75,"column":78}},{"start":{"line":75,"column":82},"end":{"line":75,"column":109}}],"line":75},"16":{"loc":{"start":{"line":80,"column":53},"end":{"line":80,"column":112}},"type":"binary-expr","locations":[{"start":{"line":80,"column":53},"end":{"line":80,"column":81}},{"start":{"line":80,"column":85},"end":{"line":80,"column":112}}],"line":80}},"s":{"0":1,"1":1,"2":1,"3":1,"4":8,"5":8,"6":8,"7":18,"8":18,"9":10,"10":8,"11":8,"12":10,"13":4110,"14":4110,"15":4110,"16":10,"17":10,"18":4110,"19":2323,"20":10,"21":4110,"22":1777,"23":10,"24":4110,"25":4110,"26":10,"27":3678,"28":3678,"29":10,"30":1023,"31":1023,"32":123144,"33":4869,"34":1023,"35":10,"36":10,"37":10,"38":1023,"39":1023,"40":4869,"41":1023,"42":1841,"43":10,"44":10,"45":10,"46":1023,"47":1023,"48":2864,"49":1023,"50":0,"51":10,"52":1197,"53":70872,"54":10,"55":1023,"56":10,"57":10,"58":1023,"59":10,"60":10,"61":4110,"62":10,"63":1023,"64":10,"65":1023,"66":10,"67":3678,"68":10,"69":85,"70":283,"71":10,"72":10,"73":40,"74":8,"75":1},"f":{"0":8,"1":18,"2":4110,"3":4110,"4":4110,"5":2323,"6":4110,"7":1777,"8":4110,"9":4110,"10":3678,"11":3678,"12":1023,"13":123144,"14":4869,"15":1841,"16":2864,"17":0,"18":1197,"19":70872,"20":1023,"21":1023,"22":4110,"23":1023,"24":1023,"25":3678,"26":85,"27":283,"28":40},"b":{"0":[4110,2333],"1":[4869,118275],"2":[70872,70872],"3":[10,0],"4":[10,10],"5":[0,10],"6":[10,10],"7":[0,10],"8":[10,10],"9":[10,0],"10":[10,10],"11":[0,10],"12":[10,10],"13":[0,10],"14":[10,10],"15":[4110,1801],"16":[3678,1719]},"_coverageSchema":"1a1c01bbd47fc00a2c39e90264f33305004495a9","hash":"91ff1767220c7ca569d0030e594e76ca2bdba73c","contentHash":"deeb7596fe16666b4dc20b8821b9aa98cdb5aeca17092dbf0b1b14b5a2a2e652"},"/Users/apple/dev/projects/mocha-parser/src/ts-stripper.ts":{"path":"/Users/apple/dev/projects/mocha-parser/src/ts-stripper.ts","statementMap":{"0":{"start":{"line":2,"column":0},"end":{"line":2,"column":62}},"1":{"start":{"line":3,"column":0},"end":{"line":3,"column":39}},"2":{"start":{"line":4,"column":16},"end":{"line":4,"column":34}},"3":{"start":{"line":5,"column":23},"end":{"line":5,"column":48}},"4":{"start":{"line":8,"column":17},"end":{"line":8,"column":85}},"5":{"start":{"line":9,"column":19},"end":{"line":9,"column":83}},"6":{"start":{"line":10,"column":19},"end":{"line":18,"column":5}},"7":{"start":{"line":11,"column":8},"end":{"line":16,"column":9}},"8":{"start":{"line":12,"column":12},"end":{"line":12,"column":84}},"9":{"start":{"line":15,"column":12},"end":{"line":15,"column":23}},"10":{"start":{"line":17,"column":8},"end":{"line":17,"column":20}},"11":{"start":{"line":20,"column":4},"end":{"line":87,"column":5}},"12":{"start":{"line":21,"column":36},"end":{"line":27,"column":13}},"13":{"start":{"line":23,"column":12},"end":{"line":23,"column":42}},"14":{"start":{"line":25,"column":20},"end":{"line":25,"column":27}},"15":{"start":{"line":26,"column":12},"end":{"line":26,"column":69}},"16":{"start":{"line":28,"column":8},"end":{"line":28,"column":36}},"17":{"start":{"line":29,"column":34},"end":{"line":30,"column":49}},"18":{"start":{"line":29,"column":58},"end":{"line":29,"column":89}},"19":{"start":{"line":30,"column":25},"end":{"line":30,"column":48}},"20":{"start":{"line":31,"column":30},"end":{"line":32,"column":49}},"21":{"start":{"line":31,"column":54},"end":{"line":31,"column":85}},"22":{"start":{"line":32,"column":25},"end":{"line":32,"column":48}},"23":{"start":{"line":34,"column":32},"end":{"line":36,"column":55}},"24":{"start":{"line":35,"column":37},"end":{"line":35,"column":61}},"25":{"start":{"line":36,"column":25},"end":{"line":36,"column":54}},"26":{"start":{"line":37,"column":32},"end":{"line":39,"column":55}},"27":{"start":{"line":38,"column":37},"end":{"line":38,"column":61}},"28":{"start":{"line":39,"column":25},"end":{"line":39,"column":54}},"29":{"start":{"line":40,"column":22},"end":{"line":48,"column":10}},"30":{"start":{"line":41,"column":26},"end":{"line":41,"column":28}},"31":{"start":{"line":42,"column":12},"end":{"line":46,"column":15}},"32":{"start":{"line":43,"column":16},"end":{"line":45,"column":17}},"33":{"start":{"line":44,"column":20},"end":{"line":44,"column":43}},"34":{"start":{"line":47,"column":12},"end":{"line":47,"column":58}},"35":{"start":{"line":50,"column":18},"end":{"line":50,"column":19}},"36":{"start":{"line":51,"column":8},"end":{"line":55,"column":9}},"37":{"start":{"line":51,"column":21},"end":{"line":51,"column":22}},"38":{"start":{"line":52,"column":39},"end":{"line":52,"column":57}},"39":{"start":{"line":53,"column":12},"end":{"line":53,"column":76}},"40":{"start":{"line":53,"column":66},"end":{"line":53,"column":74}},"41":{"start":{"line":54,"column":12},"end":{"line":54,"column":66}},"42":{"start":{"line":54,"column":52},"end":{"line":54,"column":57}},"43":{"start":{"line":57,"column":18},"end":{"line":57,"column":28}},"44":{"start":{"line":58,"column":8},"end":{"line":62,"column":9}},"45":{"start":{"line":58,"column":21},"end":{"line":58,"column":39}},"46":{"start":{"line":59,"column":39},"end":{"line":59,"column":57}},"47":{"start":{"line":60,"column":12},"end":{"line":60,"column":76}},"48":{"start":{"line":60,"column":66},"end":{"line":60,"column":74}},"49":{"start":{"line":61,"column":12},"end":{"line":61,"column":66}},"50":{"start":{"line":61,"column":52},"end":{"line":61,"column":57}},"51":{"start":{"line":64,"column":30},"end":{"line":68,"column":10}},"52":{"start":{"line":65,"column":12},"end":{"line":67,"column":15}},"53":{"start":{"line":66,"column":16},"end":{"line":66,"column":84}},"54":{"start":{"line":69,"column":32},"end":{"line":70,"column":68}},"55":{"start":{"line":70,"column":30},"end":{"line":70,"column":67}},"56":{"start":{"line":71,"column":37},"end":{"line":71,"column":249}},"57":{"start":{"line":72,"column":31},"end":{"line":73,"column":68}},"58":{"start":{"line":73,"column":30},"end":{"line":73,"column":67}},"59":{"start":{"line":74,"column":37},"end":{"line":74,"column":267}},"60":{"start":{"line":75,"column":27},"end":{"line":75,"column":110}},"61":{"start":{"line":75,"column":51},"end":{"line":75,"column":109}},"62":{"start":{"line":76,"column":38},"end":{"line":77,"column":79}},"63":{"start":{"line":77,"column":25},"end":{"line":77,"column":67}},"64":{"start":{"line":78,"column":37},"end":{"line":79,"column":79}},"65":{"start":{"line":79,"column":25},"end":{"line":79,"column":67}},"66":{"start":{"line":80,"column":27},"end":{"line":80,"column":113}},"67":{"start":{"line":80,"column":53},"end":{"line":80,"column":112}},"68":{"start":{"line":81,"column":28},"end":{"line":83,"column":10}},"69":{"start":{"line":82,"column":12},"end":{"line":82,"column":81}},"70":{"start":{"line":82,"column":44},"end":{"line":82,"column":79}},"71":{"start":{"line":84,"column":8},"end":{"line":84,"column":67}},"72":{"start":{"line":85,"column":8},"end":{"line":85,"column":82}},"73":{"start":{"line":85,"column":35},"end":{"line":85,"column":80}},"74":{"start":{"line":88,"column":4},"end":{"line":88,"column":18}},"75":{"start":{"line":90,"column":0},"end":{"line":90,"column":54}}},"fnMap":{"0":{"name":"stripIntoEsprimableJS","decl":{"start":{"line":6,"column":9},"end":{"line":6,"column":30}},"loc":{"start":{"line":6,"column":43},"end":{"line":89,"column":1}},"line":6},"1":{"name":"(anonymous_1)","decl":{"start":{"line":10,"column":19},"end":{"line":10,"column":20}},"loc":{"start":{"line":10,"column":25},"end":{"line":18,"column":5}},"line":10},"2":{"name":"(anonymous_2)","decl":{"start":{"line":22,"column":17},"end":{"line":22,"column":18}},"loc":{"start":{"line":22,"column":27},"end":{"line":24,"column":9}},"line":22},"3":{"name":"(anonymous_3)","decl":{"start":{"line":24,"column":18},"end":{"line":24,"column":19}},"loc":{"start":{"line":24,"column":23},"end":{"line":27,"column":9}},"line":24},"4":{"name":"(anonymous_4)","decl":{"start":{"line":29,"column":48},"end":{"line":29,"column":49}},"loc":{"start":{"line":29,"column":58},"end":{"line":29,"column":89}},"line":29},"5":{"name":"(anonymous_5)","decl":{"start":{"line":30,"column":20},"end":{"line":30,"column":21}},"loc":{"start":{"line":30,"column":25},"end":{"line":30,"column":48}},"line":30},"6":{"name":"(anonymous_6)","decl":{"start":{"line":31,"column":44},"end":{"line":31,"column":45}},"loc":{"start":{"line":31,"column":54},"end":{"line":31,"column":85}},"line":31},"7":{"name":"(anonymous_7)","decl":{"start":{"line":32,"column":20},"end":{"line":32,"column":21}},"loc":{"start":{"line":32,"column":25},"end":{"line":32,"column":48}},"line":32},"8":{"name":"(anonymous_8)","decl":{"start":{"line":35,"column":17},"end":{"line":35,"column":18}},"loc":{"start":{"line":35,"column":35},"end":{"line":35,"column":63}},"line":35},"9":{"name":"(anonymous_9)","decl":{"start":{"line":36,"column":20},"end":{"line":36,"column":21}},"loc":{"start":{"line":36,"column":25},"end":{"line":36,"column":54}},"line":36},"10":{"name":"(anonymous_10)","decl":{"start":{"line":38,"column":17},"end":{"line":38,"column":18}},"loc":{"start":{"line":38,"column":35},"end":{"line":38,"column":63}},"line":38},"11":{"name":"(anonymous_11)","decl":{"start":{"line":39,"column":20},"end":{"line":39,"column":21}},"loc":{"start":{"line":39,"column":25},"end":{"line":39,"column":54}},"line":39},"12":{"name":"(anonymous_12)","decl":{"start":{"line":40,"column":44},"end":{"line":40,"column":45}},"loc":{"start":{"line":40,"column":49},"end":{"line":48,"column":9}},"line":40},"13":{"name":"(anonymous_13)","decl":{"start":{"line":42,"column":38},"end":{"line":42,"column":39}},"loc":{"start":{"line":42,"column":44},"end":{"line":46,"column":13}},"line":42},"14":{"name":"(anonymous_14)","decl":{"start":{"line":53,"column":61},"end":{"line":53,"column":62}},"loc":{"start":{"line":53,"column":66},"end":{"line":53,"column":74}},"line":53},"15":{"name":"(anonymous_15)","decl":{"start":{"line":54,"column":42},"end":{"line":54,"column":43}},"loc":{"start":{"line":54,"column":52},"end":{"line":54,"column":57}},"line":54},"16":{"name":"(anonymous_16)","decl":{"start":{"line":60,"column":61},"end":{"line":60,"column":62}},"loc":{"start":{"line":60,"column":66},"end":{"line":60,"column":74}},"line":60},"17":{"name":"(anonymous_17)","decl":{"start":{"line":61,"column":42},"end":{"line":61,"column":43}},"loc":{"start":{"line":61,"column":52},"end":{"line":61,"column":57}},"line":61},"18":{"name":"(anonymous_18)","decl":{"start":{"line":64,"column":55},"end":{"line":64,"column":56}},"loc":{"start":{"line":64,"column":62},"end":{"line":68,"column":9}},"line":64},"19":{"name":"(anonymous_19)","decl":{"start":{"line":65,"column":32},"end":{"line":65,"column":33}},"loc":{"start":{"line":65,"column":41},"end":{"line":67,"column":13}},"line":65},"20":{"name":"(anonymous_20)","decl":{"start":{"line":70,"column":20},"end":{"line":70,"column":21}},"loc":{"start":{"line":70,"column":30},"end":{"line":70,"column":67}},"line":70},"21":{"name":"(anonymous_21)","decl":{"start":{"line":73,"column":20},"end":{"line":73,"column":21}},"loc":{"start":{"line":73,"column":30},"end":{"line":73,"column":67}},"line":73},"22":{"name":"(anonymous_22)","decl":{"start":{"line":75,"column":41},"end":{"line":75,"column":42}},"loc":{"start":{"line":75,"column":51},"end":{"line":75,"column":109}},"line":75},"23":{"name":"(anonymous_23)","decl":{"start":{"line":77,"column":20},"end":{"line":77,"column":21}},"loc":{"start":{"line":77,"column":25},"end":{"line":77,"column":67}},"line":77},"24":{"name":"(anonymous_24)","decl":{"start":{"line":79,"column":20},"end":{"line":79,"column":21}},"loc":{"start":{"line":79,"column":25},"end":{"line":79,"column":67}},"line":79},"25":{"name":"(anonymous_25)","decl":{"start":{"line":80,"column":43},"end":{"line":80,"column":44}},"loc":{"start":{"line":80,"column":53},"end":{"line":80,"column":112}},"line":80},"26":{"name":"(anonymous_26)","decl":{"start":{"line":81,"column":48},"end":{"line":81,"column":49}},"loc":{"start":{"line":81,"column":54},"end":{"line":83,"column":9}},"line":81},"27":{"name":"(anonymous_27)","decl":{"start":{"line":82,"column":38},"end":{"line":82,"column":39}},"loc":{"start":{"line":82,"column":44},"end":{"line":82,"column":79}},"line":82},"28":{"name":"(anonymous_28)","decl":{"start":{"line":85,"column":30},"end":{"line":85,"column":31}},"loc":{"start":{"line":85,"column":35},"end":{"line":85,"column":80}},"line":85}},"branchMap":{"0":{"loc":{"start":{"line":26,"column":19},"end":{"line":26,"column":68}},"type":"binary-expr","locations":[{"start":{"line":26,"column":19},"end":{"line":26,"column":42}},{"start":{"line":26,"column":46},"end":{"line":26,"column":68}}],"line":26},"1":{"loc":{"start":{"line":43,"column":16},"end":{"line":45,"column":17}},"type":"if","locations":[{"start":{"line":43,"column":16},"end":{"line":45,"column":17}},{"start":{"line":43,"column":16},"end":{"line":45,"column":17}}],"line":43},"2":{"loc":{"start":{"line":66,"column":23},"end":{"line":66,"column":83}},"type":"binary-expr","locations":[{"start":{"line":66,"column":23},"end":{"line":66,"column":49}},{"start":{"line":66,"column":53},"end":{"line":66,"column":83}}],"line":66},"3":{"loc":{"start":{"line":71,"column":37},"end":{"line":71,"column":249}},"type":"cond-expr","locations":[{"start":{"line":71,"column":243},"end":{"line":71,"column":245}},{"start":{"line":71,"column":248},"end":{"line":71,"column":249}}],"line":71},"4":{"loc":{"start":{"line":71,"column":37},"end":{"line":71,"column":240}},"type":"binary-expr","locations":[{"start":{"line":71,"column":37},"end":{"line":71,"column":223}},{"start":{"line":71,"column":227},"end":{"line":71,"column":240}}],"line":71},"5":{"loc":{"start":{"line":71,"column":43},"end":{"line":71,"column":213}},"type":"cond-expr","locations":[{"start":{"line":71,"column":196},"end":{"line":71,"column":202}},{"start":{"line":71,"column":205},"end":{"line":71,"column":213}}],"line":71},"6":{"loc":{"start":{"line":71,"column":43},"end":{"line":71,"column":193}},"type":"binary-expr","locations":[{"start":{"line":71,"column":43},"end":{"line":71,"column":176}},{"start":{"line":71,"column":180},"end":{"line":71,"column":193}}],"line":71},"7":{"loc":{"start":{"line":71,"column":49},"end":{"line":71,"column":166}},"type":"cond-expr","locations":[{"start":{"line":71,"column":110},"end":{"line":71,"column":116}},{"start":{"line":71,"column":119},"end":{"line":71,"column":166}}],"line":71},"8":{"loc":{"start":{"line":71,"column":49},"end":{"line":71,"column":107}},"type":"binary-expr","locations":[{"start":{"line":71,"column":49},"end":{"line":71,"column":75}},{"start":{"line":71,"column":79},"end":{"line":71,"column":107}}],"line":71},"9":{"loc":{"start":{"line":74,"column":37},"end":{"line":74,"column":267}},"type":"cond-expr","locations":[{"start":{"line":74,"column":213},"end":{"line":74,"column":215}},{"start":{"line":74,"column":218},"end":{"line":74,"column":267}}],"line":74},"10":{"loc":{"start":{"line":74,"column":37},"end":{"line":74,"column":210}},"type":"binary-expr","locations":[{"start":{"line":74,"column":37},"end":{"line":74,"column":193}},{"start":{"line":74,"column":197},"end":{"line":74,"column":210}}],"line":74},"11":{"loc":{"start":{"line":74,"column":43},"end":{"line":74,"column":183}},"type":"cond-expr","locations":[{"start":{"line":74,"column":166},"end":{"line":74,"column":172}},{"start":{"line":74,"column":175},"end":{"line":74,"column":183}}],"line":74},"12":{"loc":{"start":{"line":74,"column":43},"end":{"line":74,"column":163}},"type":"binary-expr","locations":[{"start":{"line":74,"column":43},"end":{"line":74,"column":146}},{"start":{"line":74,"column":150},"end":{"line":74,"column":163}}],"line":74},"13":{"loc":{"start":{"line":74,"column":49},"end":{"line":74,"column":136}},"type":"cond-expr","locations":[{"start":{"line":74,"column":108},"end":{"line":74,"column":114}},{"start":{"line":74,"column":117},"end":{"line":74,"column":136}}],"line":74},"14":{"loc":{"start":{"line":74,"column":49},"end":{"line":74,"column":105}},"type":"binary-expr","locations":[{"start":{"line":74,"column":49},"end":{"line":74,"column":74}},{"start":{"line":74,"column":78},"end":{"line":74,"column":105}}],"line":74},"15":{"loc":{"start":{"line":75,"column":51},"end":{"line":75,"column":109}},"type":"binary-expr","locations":[{"start":{"line":75,"column":51},"end":{"line":75,"column":78}},{"start":{"line":75,"column":82},"end":{"line":75,"column":109}}],"line":75},"16":{"loc":{"start":{"line":80,"column":53},"end":{"line":80,"column":112}},"type":"binary-expr","locations":[{"start":{"line":80,"column":53},"end":{"line":80,"column":81}},{"start":{"line":80,"column":85},"end":{"line":80,"column":112}}],"line":80}},"s":{"0":1,"1":1,"2":1,"3":1,"4":1,"5":1,"6":1,"7":5,"8":5,"9":4,"10":1,"11":1,"12":4,"13":1668,"14":1668,"15":1668,"16":4,"17":4,"18":1668,"19":929,"20":4,"21":1668,"22":735,"23":4,"24":1668,"25":1668,"26":4,"27":1440,"28":1440,"29":4,"30":372,"31":372,"32":42408,"33":1536,"34":372,"35":4,"36":4,"37":4,"38":372,"39":372,"40":1536,"41":372,"42":548,"43":4,"44":4,"45":4,"46":372,"47":372,"48":920,"49":372,"50":0,"51":4,"52":456,"53":25296,"54":4,"55":372,"56":4,"57":4,"58":372,"59":4,"60":4,"61":1668,"62":4,"63":372,"64":4,"65":372,"66":4,"67":1440,"68":4,"69":31,"70":81,"71":4,"72":4,"73":16,"74":1,"75":1},"f":{"0":1,"1":5,"2":1668,"3":1668,"4":1668,"5":929,"6":1668,"7":735,"8":1668,"9":1668,"10":1440,"11":1440,"12":372,"13":42408,"14":1536,"15":548,"16":920,"17":0,"18":456,"19":25296,"20":372,"21":372,"22":1668,"23":372,"24":372,"25":1440,"26":31,"27":81,"28":16},"b":{"0":[1668,933],"1":[1536,40872],"2":[25296,25296],"3":[4,0],"4":[4,4],"5":[0,4],"6":[4,4],"7":[0,4],"8":[4,4],"9":[4,0],"10":[4,4],"11":[0,4],"12":[4,4],"13":[0,4],"14":[4,4],"15":[1668,743],"16":[1440,691]},"inputSourceMap":{"version":3,"file":"/Users/apple/dev/projects/mocha-parser/src/ts-stripper.ts","sources":["/Users/apple/dev/projects/mocha-parser/src/ts-stripper.ts"],"names":[],"mappings":";;;AACA,mCAAmC;AACnC,iDAAwE;AAExE,SAAgB,qBAAqB,CAAC,MAAc,EAAE,EAAU;;IAC5D,IAAI,MAAM,GAAG,OAAO,CAAC,QAAQ,CAAC,MAAM,EAAE,EAAE,GAAG,EAAE,IAAI,EAAE,KAAK,EAAE,IAAI,EAAE,QAAQ,EAAE,IAAI,EAAE,CAAC,CAAC;IAClF,IAAI,QAAQ,GAAG,OAAO,CAAC,QAAQ,CAAC,EAAE,EAAE,EAAE,GAAG,EAAE,IAAI,EAAE,KAAK,EAAE,IAAI,EAAE,QAAQ,EAAE,IAAI,EAAE,CAAC,CAAC;IAChF,IAAI,QAAQ,GAAG,GAAY,EAAE;QACzB,IAAI;YACA,OAAO,CAAC,WAAW,CAAC,MAAM,EAAE,EAAE,GAAG,EAAE,IAAI,EAAE,KAAK,EAAE,IAAI,EAAE,QAAQ,EAAE,IAAI,EAAE,CAAC,CAAC;SAC3E;QAAC,OAAO,GAAG,EAAE;YACV,OAAO,GAAG,CAAC;SACd;QACD,OAAO,IAAI,CAAC;IAChB,CAAC,CAAA;IACD,IAAI,GAAG,CAAC;IACR,OAAO,GAAG,GAAG,QAAQ,EAAE,EAAE;QACrB,IAAI,qBAAqB,GAAG,MAAM;aAC7B,GAAG,CAAC,CAAC,CAAC,EAAE,CAAC,EAAE,EAAE;YACV,OAAO,EAAE,KAAK,EAAE,CAAC,EAAE,KAAK,EAAE,CAAC,EAAE,CAAC;QAClC,CAAC,CAAC,CAAC,MAAM,CAAC,CAAC,CAAC,EAAE;YACV,IAAI,CAAC,GAAQ,CAAC,CAAC,KAAK,CAAC;YACrB,OAAO,CAAC,CAAC,KAAK,CAAC,CAAC,CAAC,IAAI,GAAG,CAAC,KAAK,IAAI,CAAC,CAAC,KAAK,CAAC,CAAC,CAAC,GAAG,GAAG,CAAC,KAAK,CAAC;QAC7D,CAAC,CAAC,CAAC,CAAC,CAAC,CAAC;QACV,qBAAqB,CAAC,KAAK,CAAA;QAE3B,IAAI,mBAAmB,GAAG,MAAM,CAAC,MAAM,CAAC,CAAC,CAAC,EAAE,CAAC,EAAE,EAAE,CAAC,CAAC,GAAG,qBAAqB,CAAC,KAAK,CAAC;aAC7E,MAAM,CAAC,CAAC,CAAC,EAAE,CAAC,CAAC,CAAC,IAAI,KAAK,YAAY,CAAC,CAAC;QAC1C,IAAI,eAAe,GAAG,MAAM,CAAC,MAAM,CAAC,CAAC,CAAC,EAAE,CAAC,EAAE,EAAE,CAAC,CAAC,GAAG,qBAAqB,CAAC,KAAK,CAAC;aACzE,MAAM,CAAC,CAAC,CAAC,EAAE,CAAC,CAAC,CAAC,IAAI,KAAK,YAAY,CAAC,CAAC;QAC1C,sBAAsB;QAGtB,IAAI,iBAAiB,GAAG,MAAM;aACzB,GAAG,CAAC,CAAC,KAAK,EAAE,KAAK,EAAE,EAAE,GAAG,OAAO,EAAE,KAAK,EAAE,KAAK,EAAE,CAAC,CAAC,CAAC,CAAC;aACnD,MAAM,CAAC,CAAC,CAAC,EAAE,CAAC,CAAC,CAAC,KAAK,CAAC,IAAI,KAAK,YAAY,CAAC,CAAC;QAChD,IAAI,iBAAiB,GAAG,QAAQ;aAC3B,GAAG,CAAC,CAAC,KAAK,EAAE,KAAK,EAAE,EAAE,GAAG,OAAO,EAAE,KAAK,EAAE,KAAK,EAAE,CAAC,CAAC,CAAC,CAAC;aACnD,MAAM,CAAC,CAAC,CAAC,EAAE,CAAC,CAAC,CAAC,KAAK,CAAC,IAAI,KAAK,YAAY,CAAC,CAAC;QAEhD,IAAI,OAAO,GAA0C,iBAAiB,CAAC,GAAG,CAAC,CAAC,CAAC,EAAE;YAC3E,IAAI,OAAO,GAAa,EAAE,CAAC;YAC3B,iBAAiB,CAAC,OAAO,CAAC,EAAE,CAAC,EAAE;gBAC3B,IAAI,2BAAY,CAAC,CAAC,CAAC,KAAK,EAAE,EAAE,CAAC,KAAK,CAAC,EAAE;oBACjC,OAAO,CAAC,IAAI,CAAC,EAAE,CAAC,KAAK,CAAC,CAAC;iBAC1B;YACL,CAAC,CAAC,CAAC;YACH,OAAO,EAAC,OAAO,EAAE,CAAC,CAAC,KAAK,EAAE,OAAO,EAAE,OAAO,EAAC,CAAC;QAChD,CAAC,CAAC,CAAC;QAEH,sBAAsB;QAGtB,IAAI,GAAG,GAAG,CAAC,CAAC;QACZ,KAAK,IAAI,CAAC,GAAG,CAAC,EAAE,CAAC,GAAG,OAAO,CAAC,MAAM,EAAE,CAAC,EAAE,EAAE;YACrC,IAAI,oBAAoB,GAAG,OAAO,CAAC,CAAC,CAAC,CAAC,OAAO,CAAC;YAC9C,OAAO,CAAC,CAAC,CAAC,CAAC,OAAO,GAAG,oBAAoB,CAAC,MAAM,CAAC,CAAC,CAAC,EAAE,CAAC,CAAC,IAAI,GAAG,CAAC,CAAC;YAChE,GAAG,GAAG,OAAO,CAAC,CAAC,CAAC,CAAC,OAAO,CAAC,IAAI,CAAC,CAAC,CAAC,EAAE,CAAC,EAAE,EAAE,CAAC,CAAC,GAAG,CAAC,CAAC,CAAC,CAAC,CAAC,GAAG,CAAC,CAAC;SACzD;QAEF,uBAAuB;QAGtB,IAAI,GAAG,GAAG,UAAU,CAAC;QACrB,KAAK,IAAI,CAAC,GAAG,OAAO,CAAC,MAAM,GAAG,CAAC,EAAE,CAAC,GAAG,CAAC,CAAC,EAAE,CAAC,EAAE,EAAE;YAC1C,IAAI,oBAAoB,GAAG,OAAO,CAAC,CAAC,CAAC,CAAC,OAAO,CAAC;YAC9C,OAAO,CAAC,CAAC,CAAC,CAAC,OAAO,GAAG,oBAAoB,CAAC,MAAM,CAAC,CAAC,CAAC,EAAE,CAAC,CAAC,IAAI,GAAG,CAAC,CAAC;YAChE,GAAG,GAAG,OAAO,CAAC,CAAC,CAAC,CAAC,OAAO,CAAC,IAAI,CAAC,CAAC,CAAC,EAAE,CAAC,EAAE,EAAE,CAAC,CAAC,GAAG,CAAC,CAAC,CAAC,CAAC,CAAC,GAAG,CAAC,CAAC;SACzD;QAEH,wBAAwB;QAEtB,IAAI,eAAe,GAAG,iBAAiB,CAAC,MAAM,CAAC,GAAG,CAAA,EAAE;YAChD,OAAO,OAAO,CAAC,IAAI,CAAC,KAAK,CAAA,EAAE;gBACvB,OAAO,KAAK,CAAC,OAAO,CAAC,MAAM,KAAK,CAAC,IAAI,KAAK,CAAC,OAAO,CAAC,CAAC,CAAC,KAAK,GAAG,CAAC,KAAK,CAAC;YACxE,CAAC,CAAC,CAAA;QACN,CAAC,CAAC,CAAA;QAEF,IAAI,iBAAiB,GAAG,eAAe;aAClC,MAAM,CAAC,CAAC,CAAC,EAAE,CAAC,EAAE,EAAE,CAAC,CAAC,CAAC,KAAK,GAAG,qBAAqB,CAAC,KAAK,CAAC,CAAC;QAC7D,IAAI,sBAAsB,eAAG,iBAAiB,aAAjB,iBAAiB,uBAAjB,iBAAiB,CAAG,iBAAiB,CAAC,MAAM,GAAG,CAAC,2CAAG,KAAK,mCAAI,CAAC,CAAC;QAC3F,IAAI,gBAAgB,GAAG,eAAe;aACrC,MAAM,CAAC,CAAC,CAAC,EAAE,CAAC,EAAE,EAAE,CAAC,CAAC,CAAC,KAAK,GAAG,qBAAqB,CAAC,KAAK,CAAC,CAAC;QACzD,IAAI,sBAAsB,eAAG,gBAAgB,aAAhB,gBAAgB,uBAAhB,gBAAgB,CAAG,CAAC,2CAAG,KAAK,mCAAI,eAAe,CAAC,eAAe,CAAC,MAAM,GAAE,CAAC,CAAC,CAAC,KAAK,CAAC;QAE9G,IAAI,YAAY,GAAG,MAAM,CAAC,MAAM,CAAC,CAAC,CAAC,EAAC,CAAC,EAAC,EAAE,CAAC,CAAC,IAAG,sBAAsB,IAAI,CAAC,IAAI,sBAAsB,CAAC,CAAC;QAEpG,IAAI,uBAAuB,GAAG,OAAO;aAChC,MAAM,CAAC,CAAC,CAAA,EAAE,CAAA,CAAC,CAAC,OAAO,CAAC,QAAQ,CAAC,sBAAsB,CAAC,CAAC,CAAC,CAAC,CAAC,CAAC,OAAO,CAAC;QACtE,IAAI,sBAAsB,GAAG,OAAO;aACnC,MAAM,CAAC,CAAC,CAAA,EAAE,CAAA,CAAC,CAAC,OAAO,CAAC,QAAQ,CAAC,sBAAsB,CAAC,CAAC,CAAC,CAAC,CAAC,CAAC,OAAO,CAAC;QAElE,IAAI,YAAY,GAAG,QAAQ,CAAC,MAAM,CAAC,CAAC,CAAC,EAAC,CAAC,EAAC,EAAE,CAAC,CAAC,IAAG,uBAAuB,IAAI,CAAC,IAAI,sBAAsB,CAAC,CAAC;QAEvG,IAAI,aAAa,GAAG,YAAY,CAAC,MAAM,CAAC,EAAE,CAAA,EAAE;YACxC,OAAO,CAAE,YAAY,CAAC,IAAI,CAAC,EAAE,CAAA,EAAE,CAAA,2BAAY,CAAC,EAAE,EAAE,EAAE,CAAC,CAAC,CAAC;QACzD,CAAC,CAAC,CAAC;QAEH,aAAa,GAAG,2BAAY,CAAE,aAAa,CAAC,CAAC;QAE7C,aAAa,CAAC,OAAO,CAAC,CAAC,CAAA,EAAE,CAAA,MAAM,GAAG,yBAAU,CAAC,MAAM,EAAE,CAAC,CAAC,CAAC,CAAC;QAEzD,sBAAsB;KAKzB;IACD,OAAO,MAAM,CAAC;AAClB,CAAC;AAzGD,sDAyGC","sourcesContent":["import { match } from 'assert';\nimport * as esprima from 'esprima';\nimport { areSameToken, eraseToken, parityFilter } from './esprima-util';\n\nexport function stripIntoEsprimableJS(script: string, js: string): string {\n    let tokens = esprima.tokenize(script, { loc: true, range: true, tolerant: true });\n    let jsTokens = esprima.tokenize(js, { loc: true, range: true, tolerant: true });\n    let getError = (): boolean => {\n        try {\n            esprima.parseScript(script, { loc: true, range: true, tolerant: true });\n        } catch (err) {\n            return err;\n        }\n        return null;\n    }\n    let err;\n    while (err = getError()) {\n        let matchingTokenAndIndex = tokens\n            .map((t, i) => {\n                return { token: t, index: i };\n            }).filter(o => {\n                let t: any = o.token;\n                return t.range[0] <= err.index && t.range[1] > err.index;\n            })[0];\n        matchingTokenAndIndex.token\n\n        let previousIdentifiers = tokens.filter((t, i) => i < matchingTokenAndIndex.index)\n            .filter(t => t.type === 'Identifier');\n        let nextIdentifiers = tokens.filter((t, i) => i > matchingTokenAndIndex.index)\n            .filter(t => t.type === 'Identifier');\n        //console.log('here');\n\n\n        let sourceIdentifiers = tokens\n            .map((token, index) => { return { token, index }; })\n            .filter(t => t.token.type === 'Identifier');\n        let targetIdentifiers = jsTokens\n            .map((token, index) => { return { token, index }; })\n            .filter(t => t.token.type === 'Identifier');\n\n        let matches: {targetI: number, sourceI:number[]}[] = targetIdentifiers.map(o => {\n            let matches: number[] = [];\n            sourceIdentifiers.forEach(o2 => {\n                if (areSameToken(o.token, o2.token)) {\n                    matches.push(o2.index);\n                }\n            });\n            return {targetI: o.index, sourceI: matches};\n        });\n\n        //console.log('here');\n\n\n        let min = 0;\n        for (var i = 0; i < matches.length; i++) {\n            let currentPossibilities = matches[i].sourceI;\n            matches[i].sourceI = currentPossibilities.filter(n => n >= min);\n            min = matches[i].sourceI.sort((a, b) => a - b)[0] + 1;\n        }\n\n       // console.log('here');\n\n\n        let max = 9999999999;\n        for (var i = matches.length - 1; i > -1; i--) {\n            let currentPossibilities = matches[i].sourceI;\n            matches[i].sourceI = currentPossibilities.filter(n => n <= max);\n            max = matches[i].sourceI.sort((a, b) => b - a)[0] - 1;\n        }\n\n      //  console.log('here');\n\n        let keptIdentifiers = sourceIdentifiers.filter(obj=>{\n            return matches.some(match=>{\n                return match.sourceI.length === 1 && match.sourceI[0] === obj.index;\n            })\n        })\n\n        let identifiersBefore = keptIdentifiers\n            .filter((o, i) => o.index < matchingTokenAndIndex.index);\n        let minIndexOfSourceTokens = identifiersBefore?.[identifiersBefore.length - 1]?.index ?? 0;\n        let identifiersAfter = keptIdentifiers\n        .filter((o, i) => o.index > matchingTokenAndIndex.index);\n        let maxIndexOfSourceTokens = identifiersAfter?.[0]?.index ?? keptIdentifiers[keptIdentifiers.length -1].index;\n\n        let sourceTokens = tokens.filter((t,i)=> i>= minIndexOfSourceTokens && i <= maxIndexOfSourceTokens);\n\n        let targetIdentifierBeforeI = matches\n            .filter(o=>o.sourceI.includes(minIndexOfSourceTokens))[0].targetI;\n        let targetIdentifierAfterI = matches\n        .filter(o=>o.sourceI.includes(maxIndexOfSourceTokens))[0].targetI;\n\n        let targetTokens = jsTokens.filter((t,i)=> i>= targetIdentifierBeforeI && i <= targetIdentifierAfterI);\n\n        let toEraseTokens = sourceTokens.filter(st=>{\n            return ! targetTokens.some(tt=>areSameToken(tt, st));\n        });\n\n        toEraseTokens = parityFilter( toEraseTokens);\n\n        toEraseTokens.forEach(t=>script = eraseToken(script, t));\n\n        //console.log(\"here\");\n\n\n\n\n    }\n    return script;\n}"]},"_coverageSchema":"1a1c01bbd47fc00a2c39e90264f33305004495a9","hash":"b1e49dc1bd1b8db77cda82f21a73afe9c89941b7","contentHash":"fa6cdb9d86038d241d9295143625d998a05020585d71568174ef6d3327d965c3"},"/Users/apple/dev/projects/mocha-parser/src/esprima-util.ts":{"path":"/Users/apple/dev/projects/mocha-parser/src/esprima-util.ts","statementMap":{"0":{"start":{"line":2,"column":0},"end":{"line":2,"column":62}},"1":{"start":{"line":3,"column":0},"end":{"line":3,"column":270}},"2":{"start":{"line":4,"column":16},"end":{"line":4,"column":34}},"3":{"start":{"line":5,"column":0},"end":{"line":8,"column":2}},"4":{"start":{"line":10,"column":17},"end":{"line":10,"column":69}},"5":{"start":{"line":11,"column":25},"end":{"line":13,"column":84}},"6":{"start":{"line":12,"column":21},"end":{"line":12,"column":44}},"7":{"start":{"line":13,"column":21},"end":{"line":13,"column":83}},"8":{"start":{"line":13,"column":69},"end":{"line":13,"column":82}},"9":{"start":{"line":14,"column":19},"end":{"line":16,"column":78}},"10":{"start":{"line":15,"column":21},"end":{"line":15,"column":44}},"11":{"start":{"line":16,"column":21},"end":{"line":16,"column":77}},"12":{"start":{"line":16,"column":63},"end":{"line":16,"column":76}},"13":{"start":{"line":17,"column":4},"end":{"line":17,"column":40}},"14":{"start":{"line":19,"column":0},"end":{"line":19,"column":60}},"15":{"start":{"line":21,"column":14},"end":{"line":21,"column":16}},"16":{"start":{"line":22,"column":25},"end":{"line":22,"column":31}},"17":{"start":{"line":23,"column":4},"end":{"line":32,"column":5}},"18":{"start":{"line":24,"column":8},"end":{"line":24,"column":75}},"19":{"start":{"line":24,"column":52},"end":{"line":24,"column":73}},"20":{"start":{"line":25,"column":28},"end":{"line":25,"column":50}},"21":{"start":{"line":26,"column":8},"end":{"line":31,"column":9}},"22":{"start":{"line":27,"column":12},"end":{"line":29,"column":13}},"23":{"start":{"line":28,"column":16},"end":{"line":28,"column":40}},"24":{"start":{"line":30,"column":12},"end":{"line":30,"column":65}},"25":{"start":{"line":33,"column":4},"end":{"line":33,"column":15}},"26":{"start":{"line":35,"column":0},"end":{"line":35,"column":42}},"27":{"start":{"line":37,"column":4},"end":{"line":37,"column":80}},"28":{"start":{"line":39,"column":0},"end":{"line":39,"column":44}},"29":{"start":{"line":41,"column":4},"end":{"line":41,"column":82}},"30":{"start":{"line":43,"column":0},"end":{"line":43,"column":28}},"31":{"start":{"line":51,"column":18},"end":{"line":51,"column":62}},"32":{"start":{"line":51,"column":36},"end":{"line":51,"column":61}},"33":{"start":{"line":52,"column":4},"end":{"line":52,"column":70}},"34":{"start":{"line":52,"column":44},"end":{"line":52,"column":67}},"35":{"start":{"line":54,"column":0},"end":{"line":54,"column":32}},"36":{"start":{"line":5
[...]
"column":12},"end":{"line":29,"column":13}}],"line":27},"2":{"loc":{"start":{"line":37,"column":11},"end":{"line":37,"column":79}},"type":"binary-expr","locations":[{"start":{"line":37,"column":11},"end":{"line":37,"column":43}},{"start":{"line":37,"column":47},"end":{"line":37,"column":79}}],"line":37},"3":{"loc":{"start":{"line":41,"column":11},"end":{"line":41,"column":81}},"type":"binary-expr","locations":[{"start":{"line":41,"column":11},"end":{"line":41,"column":44}},{"start":{"line":41,"column":48},"end":{"line":41,"column":81}}],"line":41},"4":{"loc":{"start":{"line":58,"column":19},"end":{"line":58,"column":150}},"type":"cond-expr","locations":[{"start":{"line":58,"column":136},"end":{"line":58,"column":142}},{"start":{"line":58,"column":145},"end":{"line":58,"column":150}}],"line":58},"5":{"loc":{"start":{"line":58,"column":19},"end":{"line":58,"column":133}},"type":"binary-expr","locations":[{"start":{"line":58,"column":19},"end":{"line":58,"column":116}},{"start":{"line":58,"column":120},"end":{"line":58,"column":133}}],"line":58},"6":{"loc":{"start":{"line":58,"column":25},"end":{"line":58,"column":106}},"type":"cond-expr","locations":[{"start":{"line":58,"column":85},"end":{"line":58,"column":91}},{"start":{"line":58,"column":94},"end":{"line":58,"column":106}}],"line":58},"7":{"loc":{"start":{"line":58,"column":25},"end":{"line":58,"column":82}},"type":"binary-expr","locations":[{"start":{"line":58,"column":25},"end":{"line":58,"column":65}},{"start":{"line":58,"column":69},"end":{"line":58,"column":82}}],"line":58},"8":{"loc":{"start":{"line":59,"column":4},"end":{"line":72,"column":5}},"type":"if","locations":[{"start":{"line":59,"column":4},"end":{"line":72,"column":5}},{"start":{"line":59,"column":4},"end":{"line":72,"column":5}}],"line":59},"9":{"loc":{"start":{"line":60,"column":8},"end":{"line":71,"column":9}},"type":"if","locations":[{"start":{"line":60,"column":8},"end":{"line":71,"column":9}},{"start":{"line":60,"column":8},"end":{"line":71,"column":9}}],"line":60},"10":{"loc":{"start":{"line":61,"column":12},"end":{"line":63,"column":13}},"type":"if","locations":[{"start":{"line":61,"column":12},"end":{"line":63,"column":13}},{"start":{"line":61,"column":12},"end":{"line":63,"column":13}}],"line":61},"11":{"loc":{"start":{"line":77,"column":11},"end":{"line":77,"column":55}},"type":"binary-expr","locations":[{"start":{"line":77,"column":11},"end":{"line":77,"column":30}},{"start":{"line":77,"column":34},"end":{"line":77,"column":55}}],"line":77},"12":{"loc":{"start":{"line":135,"column":44},"end":{"line":136,"column":45}},"type":"binary-expr","locations":[{"start":{"line":135,"column":44},"end":{"line":135,"column":67}},{"start":{"line":136,"column":8},"end":{"line":136,"column":45}}],"line":135},"13":{"loc":{"start":{"line":137,"column":45},"end":{"line":138,"column":44}},"type":"binary-expr","locations":[{"start":{"line":137,"column":45},"end":{"line":137,"column":68}},{"start":{"line":138,"column":8},"end":{"line":138,"column":44}}],"line":137},"14":{"loc":{"start":{"line":143,"column":12},"end":{"line":149,"column":13}},"type":"if","locations":[{"start":{"line":143,"column":12},"end":{"line":149,"column":13}},{"start":{"line":143,"column":12},"end":{"line":149,"column":13}}],"line":143},"15":{"loc":{"start":{"line":143,"column":41},"end":{"line":144,"column":53}},"type":"binary-expr","locations":[{"start":{"line":143,"column":41},"end":{"line":143,"column":74}},{"start":{"line":144,"column":16},"end":{"line":144,"column":53}}],"line":143},"16":{"loc":{"start":{"line":147,"column":67},"end":{"line":147,"column":89}},"type":"binary-expr","locations":[{"start":{"line":147,"column":67},"end":{"line":147,"column":74}},{"start":{"line":147,"column":78},"end":{"line":147,"column":89}}],"line":147}},"s":{"0":1,"1":1,"2":1,"3":1,"4":0,"5":0,"6":0,"7":0,"8":0,"9":0,"10":0,"11":0,"12":0,"13":0,"14":1,"15":0,"16":0,"17":0,"18":0,"19":0,"20":0,"21":0,"22":0,"23":0,"24":0,"25":0,"26":1,"27":0,"28":1,"29":0,"30":1,"31":0,"32":0,"33":0,"34":0,"35":1,"36":0,"37":0,"38":0,"39":0,"40":0,"41":0,"42":0,"43":0,"44":0,"45":0,"46":0,"47":0,"48":1,"49":42489,"50":1,"51":0,"52":1,"53":16,"54":16,"55":16,"56":16,"57":1,"58":4,"59":4,"60":4,"61":19,"62":73,"63":4,"64":19,"65":73,"66":4,"67":4,"68":7,"69":7,"70":7,"71":3,"72":12,"73":3,"74":3,"75":3,"76":9,"77":3,"78":4,"79":1},"f":{"0":0,"1":0,"2":0,"3":0,"4":0,"5":0,"6":0,"7":0,"8":0,"9":0,"10":0,"11":0,"12":0,"13":0,"14":0,"15":0,"16":0,"17":0,"18":42489,"19":0,"20":16,"21":4,"22":19,"23":73,"24":19,"25":73,"26":12,"27":9},"b":{"0":[0,0],"1":[0,0],"2":[0,0],"3":[0,0],"4":[0,0],"5":[0,0],"6":[0,0],"7":[0,0],"8":[0,0],"9":[0,0],"10":[0,0],"11":[42489,42451],"12":[19,11],"13":[19,11],"14":[3,0],"15":[12,3],"16":[9,6]},"inputSourceMap":{"version":3,"file":"/Users/apple/dev/projects/mocha-parser/src/esprima-util.ts","sources":["/Users/apple/dev/projects/mocha-parser/src/esprima-util.ts"],"names":[],"mappings":";;;AAAA,mCAAmC;AAkBtB,QAAA,gBAAgB,GAC7B;IACI,YAAY,EAAE,CAAC,UAAU,EAAE,SAAS,EAAE,OAAO,CAAC;IAC9C,MAAM,EAAE,CAAC,IAAI,EAAE,SAAS,EAAE,MAAM,CAAC;CACpC,CAAA;AAED,SAAgB,wBAAwB,CAAC,MAAc;IACnD,IAAI,MAAM,GAAG,OAAO,CAAC,QAAQ,CAAC,MAAM,EAAE,EAAE,GAAG,EAAE,IAAI,EAAE,KAAK,EAAE,IAAI,EAAE,CAAC,CAAC;IAClE,IAAI,cAAc,GAAG,MAAM;SACtB,MAAM,CAAC,CAAC,CAAC,EAAE,CAAC,CAAC,CAAC,IAAI,KAAK,YAAY,CAAC;SACpC,MAAM,CAAC,CAAC,CAAC,EAAE,CAAC,wBAAgB,CAAC,YAAY,CAAC,IAAI,CAAC,CAAC,CAAC,EAAE,CAAC,CAAC,KAAK,CAAC,CAAC,KAAK,CAAC,CAAC,CAAC;IACzE,IAAI,QAAQ,GAAG,MAAM;SAChB,MAAM,CAAC,CAAC,CAAC,EAAE,CAAC,CAAC,CAAC,IAAI,KAAK,YAAY,CAAC;SACpC,MAAM,CAAC,CAAC,CAAC,EAAE,CAAC,wBAAgB,CAAC,MAAM,CAAC,IAAI,CAAC,CAAC,CAAC,EAAE,CAAC,CAAC,KAAK,CAAC,CAAC,KAAK,CAAC,CAAC,CAAC;IACnE,OAAO,EAAE,cAAc,EAAE,QAAQ,EAAE,CAAA;AACvC,CAAC;AATD,4DASC;AAED,SAAgB,eAAe,CAAC,IAAI;IAChC,IAAI,GAAG,GAAG,EAAE,CAAC;IACb,IAAI,cAAc,GAAG,CAAC,IAAI,CAAC,CAAC;IAC5B,OAAO,cAAc,CAAC,MAAM,GAAG,CAAC,EAAE;QAC9B,cAAc,GAAG,cAAc,CAAC,MAAM,CAAC,CAAC,CAAC,EAAE,CAAC,OAAO,CAAC,KAAK,QAAQ,CAAC,CAAC;QACnE,IAAI,aAAa,GAAG,cAAc,CAAC,KAAK,EAAE,CAAC;QAC3C,IAAI,aAAa,EAAE;YACf,IAAI,aAAa,CAAC,IAAI,EAAE;gBACpB,GAAG,CAAC,IAAI,CAAC,aAAa,CAAC,CAAC;aAC3B;YACD,cAAc,CAAC,IAAI,CAAC,GAAG,MAAM,CAAC,MAAM,CAAC,aAAa,CAAC,CAAC,CAAC;SACxD;KAEJ;IACD,OAAO,GAAG,CAAC;AACf,CAAC;AAfD,0CAeC;AAED,SAAgB,gBAAgB,CAAC,KAAW,EAAE,MAAY;IACtD,OAAO,KAAK,CAAC,KAAK,CAAC,CAAC,CAAC,GAAG,MAAM,CAAC,KAAK,CAAC,CAAC,CAAC,IAAI,KAAK,CAAC,KAAK,CAAC,CAAC,CAAC,GAAG,MAAM,CAAC,KAAK,CAAC,CAAC,CAAC,CAAC;AAChF,CAAC;AAFD,4CAEC;AAED,SAAgB,QAAQ,CAAC,KAAW,EAAE,MAAY;IAC9C,OAAO,KAAK,CAAC,KAAK,CAAC,CAAC,CAAC,IAAI,MAAM,CAAC,KAAK,CAAC,CAAC,CAAC,IAAI,KAAK,CAAC,KAAK,CAAC,CAAC,CAAC,IAAI,MAAM,CAAC,KAAK,CAAC,CAAC,CAAC,CAAC;AAClF,CAAC;AAFD,4BAEC;AAED;;;;;KAKK;AACL,SAAgB,UAAU,CAAC,IAAU,EAAE,KAAa;IAChD,IAAI,OAAO,GAAG,KAAK,CAAC,MAAM,CAAC,CAAC,CAAC,EAAE,CAAC,gBAAgB,CAAC,IAAI,EAAE,CAAC,CAAC,CAAC,CAAC;IAC3D,OAAO,CAAC,IAAI,EAAE,GAAG,OAAO,CAAC,IAAI,CAAC,CAAC,CAAC,EAAE,CAAC,EAAE,EAAE,CAAC,CAAC,CAAC,KAAK,CAAC,CAAC,CAAC,GAAG,CAAC,CAAC,KAAK,CAAC,CAAC,CAAC,CAAC,CAAC,CAAC;AACtE,CAAC;AAHD,gCAGC;AAED,SAAgB,WAAW,CAAC,wBAA8B,EAAE,cAAsB;;IAC9E,IAAI,IAAI,GAAG,EAAE,CAAC;IACd,IAAI,QAAQ,eAAI,wBAAgC,0CAAE,SAAS,0CAAG,CAAC,CAAC,CAAA;IAChE,IAAI,QAAQ,EAAE;QACV,IAAI,QAAQ,CAAC,IAAI,KAAK,SAAS,EAAE;YAC7B,IAAI,OAAO,QAAQ,CAAC,KAAK,KAAK,QAAQ,EAAE;gBACpC,IAAI,GAAG,QAAQ,CAAC,KAAK,CAAC;aACzB;SACJ;aACI;YACD,IAAI,WAAW,GAAa,cAAc;iBACrC,MAAM,CAAC,CAAC,CAAC,EAAE,CAAC,QAAQ,CAAC,CAAC,EAAE,QAAQ,CAAC,CAAC;iBAClC,MAAM,CAAC,CAAC,CAAC,EAAE,CAAC,CAAC,CAAC,IAAI,KAAK,QAAQ,CAAC;iBAChC,GAAG,CAAC,CAAC,CAAC,EAAE,CAAE,CAAS,CAAC,KAAK,CAAC,SAAS,CAAC,CAAC,EAAG,CAAS,CAAC,KAAK,CAAC,MAAM,GAAG,CAAC,CAAC,CAAC,CAAC;YAE1E,IAAI,GAAG,WAAW,CAAC,IAAI,CAAC,GAAG,CAAC,CAAC;SAChC;KACJ;IACD,OAAO,IAAI,CAAC;AAChB,CAAC;AAnBD,kCAmBC;AAOD,SAAgB,YAAY,CAAC,EAAS,EAAE,EAAS;IAC7C,OAAO,EAAE,CAAC,IAAI,KAAK,EAAE,CAAC,IAAI,IAAI,EAAE,CAAC,KAAK,KAAK,EAAE,CAAC,KAAK,CAAC;AACxD,CAAC;AAFD,oCAEC;AAYD;;;;;;;;;;;;;GAaG;AACH,SAAgB,QAAQ,CAAC,MAAe,EAAE,MAAe;IACrD;;;;;;;;;;;;;;;;kBAgBc;IACd,OAAO,SAAS,CAAC;AACrB,CAAC;AAnBD,4BAmBC;AAED,SAAgB,UAAU,CAAC,MAAc,EAAE,KAAY;IACnD,IAAI,KAAK,GAAI,KAAa,CAAC,KAAK,CAAC,CAAC,CAAC,CAAC;IACpC,IAAI,IAAI,GAAI,KAAa,CAAC,KAAK,CAAC,CAAC,CAAC,CAAC;IACnC,MAAM,GAAG,MAAM,CAAC,SAAS,CAAC,CAAC,EAAE,KAAK,CAAC,GAAG,GAAG,CAAC,MAAM,CAAC,IAAI,GAAG,KAAK,CAAC,GAAG,MAAM,CAAC,SAAS,CAAC,IAAI,EAAE,MAAM,CAAC,MAAM,CAAC,CAAC;IACvG,OAAO,MAAM,CAAA;AACjB,CAAC;AALD,gCAKC;AAED;;;;;;;;;GASG;AACH,SAAgB,YAAY,CAAC,MAAe;IACxC,IAAI,cAAc,GAAG,CAAC,CAAC,GAAG,EAAE,GAAG,CAAC,EAAE,CAAC,GAAG,EAAE,GAAG,CAAC,EAAE,CAAC,GAAG,EAAE,GAAG,CAAC,EAAE,CAAC,GAAG,EAAE,GAAG,CAAC,CAAC,CAAC;IACtE,IAAI,SAAS,GAAG,CAAC,GAAG,EAAE,GAAG,EAAE,GAAG,EAAE,GAAG,EAAE,GAAG,EAAE,GAAG,EAAE,GAAG,EAAE,GAAG,CAAC,CAAC;IACzD,IAAI,cAAc,GAAY,MAAM,CAAC,MAAM,CAAC,CAAC,CAAC,EAAE,CAAC,CAAC,CAAC,IAAI,KAAK,YAAY;QACpE,CAAC,SAAS,CAAC,IAAI,CAAC,EAAE,CAAC,EAAE,CAAC,EAAE,KAAK,CAAC,CAAC,KAAK,CAAC,CAAC,CAAC;IAC3C,IAAI,eAAe,GAAG,MAAM,CAAC,MAAM,CAAC,CAAC,CAAA,EAAE,CAAA,CAAC,CAAC,IAAI,KAAK,YAAY;QAC1D,SAAS,CAAC,IAAI,CAAC,EAAE,CAAC,EAAE,CAAC,EAAE,KAAK,CAAC,CAAC,KAAK,CAAC,CAAC,CAAA;IAEzC,IAAI,IAAI,GAAG,IAAI,CAAA;IACf,OAAO,IAAI,EAAE;QACT,IAAI,GAAG,KAAK,CAAC;QACb,KAAK,IAAI,CAAC,GAAG,CAAC,EAAE,CAAC,GAAG,eAAe,CAAC,MAAM,GAAG,CAAC,EAAE,CAAC,EAAE,EAAE;YACjD,IAAI,cAAc,CAAC,IAAI,CAAC,CAAC,CAAC,EAAE,CAAC,CAAC,CAAC,CAAC,CAAC,KAAI,eAAe,CAAC,CAAC,CAAC,CAAC,KAAK;gBACzD,CAAC,CAAC,CAAC,CAAC,KAAI,eAAe,CAAC,CAAC,GAAC,CAAC,CAAC,CAAC,KAAK,CAAC,EAAE;gBACjC,cAAc,CAAC,IAAI,CAAC,eAAe,CAAC,CAAC,CAAC,CAAC,CAAC;gBACxC,cAAc,CAAC,IAAI,CAAC,eAAe,CAAC,CAAC,GAAC,CAAC,CAAC,CAAC,CAAC;gBAC1C,eAAe,GAAG,eAAe,CAAC,MAAM,CAAC,CAAC,CAAC,EAAC,CAAC,EAAC,EAAE,CAAA,CAAC,KAAG,CAAC,IAAI,CAAC,KAAK,CAAC,GAAC,CAAC,CAAC,CAAC;gBACpE,IAAI,GAAG,IAAI,CAAC;aACf;SACR;KACJ;IACD,OAAO,cAAc,CAAC;AAC1B,CAAC;AAtBD,oCAsBC","sourcesContent":["import * as esprima from 'esprima';\n\nexport interface Node {\n    type: string;\n    range?: [number, number];\n    loc?: LocationRange;\n}\n\nexport interface Position {\n    line: number;\n    column: number;\n}\n\nexport interface LocationRange {\n    start: Position;\n    end: Position;\n}\n\nexport const knownIdentifiers =\n{\n    describeLike: ['describe', 'context', 'suite'],\n    itLike: ['it', 'specify', 'test']\n}\n\nexport function retrieveDebuggableTokens(script: string) {\n    let tokens = esprima.tokenize(script, { loc: true, range: true });\n    let describeTokens = tokens\n        .filter(t => t.type === 'Identifier')\n        .filter(t => knownIdentifiers.describeLike.some(e => e === t.value));\n    let itTokens = tokens\n        .filter(t => t.type === 'Identifier')\n        .filter(t => knownIdentifiers.itLike.some(e => e === t.value));\n    return { describeTokens, itTokens }\n}\n\nexport function extractAllNodes(root) {\n    let res = [];\n    let nodesToInspect = [root];\n    while (nodesToInspect.length > 0) {\n        nodesToInspect = nodesToInspect.filter(n => typeof n === 'object');\n        let inspectedNode = nodesToInspect.shift();\n        if (inspectedNode) {\n            if (inspectedNode.type) {\n                res.push(inspectedNode);\n            }\n            nodesToInspect.push(...Object.values(inspectedNode));\n        }\n\n    }\n    return res;\n}\n\nexport function isStricltyInside(child: Node, parent: Node): boolean {\n    return child.range[0] > parent.range[0] && child.range[1] < parent.range[1];\n}\n\nexport function isInside(child: Node, parent: Node): boolean {\n    return child.range[0] >= parent.range[0] && child.range[1] <= parent.range[1];\n}\n\n/** Should be used on arrays of nodes where no two nodes have coinciding range (same range[0] \n * __or__ same range[1]) \n * \n * @returns {any[]} an array, starting with node, and with parent nodes following from closest\n * to largest\n * */\nexport function getParents(node: Node, nodes: Node[]): Node[] {\n    let parents = nodes.filter(p => isStricltyInside(node, p));\n    return [node, ...parents.sort((n, m) => m.range[0] - n.range[0])];\n}\n\nexport function extractName(itOrDescribeLikeProbably: Node, wholeTokenList: Node[]): string {\n    let name = \"\";\n    let firstArg = (itOrDescribeLikeProbably as any)?.arguments?.[0]\n    if (firstArg) {\n        if (firstArg.type === 'Literal') {\n            if (typeof firstArg.value === 'string') {\n                name = firstArg.value;\n            }\n        }\n        else {\n            let stringParts: string[] = wholeTokenList\n                .filter(t => isInside(t, firstArg))\n                .filter(t => t.type === 'String')\n                .map(t => (t as any).value.substring(1, (t as any).value.length - 1));\n\n            name = stringParts.join(' ');\n        }\n    }\n    return name;\n}\n\nexport interface Token {\n    type: string;\n    value: string;\n}\n\nexport function areSameToken(t1: Token, t2: Token): boolean {\n    return t1.type === t2.type && t1.value === t2.value;\n}\n\nexport interface IndexMapping {\n    sourceIndex: number,\n    targetIndex: number,\n}\n\nexport interface PossibleIndexMappings {\n    sourceIndex: number,\n    targetIndexes: number[]\n}\n\n/**\n * The goal is to get a map that allows, given a token from the 'source' (an index\n * referring to a token from the source list) to get\n * its 'equivalent' inside the target list \n * example :    source = t1, t2, t3, t4, t5, t1Bis, t7, t8\n *                  where t1 and t1Bis are 'same token' (`function areSameToken(...)`)\n *              target = t1', t3', t4', t1Bis', t8\n * \n * then tokenMap includes {0,0}, {2,1} {3,2} {5,3} {7,4} \n *             \n * \n * @param source list of tokens in source file (say ts file)\n * @param target list of tokens in target file (say output of basic transpiling into js)\n */\nexport function tokenMap(source: Token[], target: Token[]): IndexMapping[] {\n    /* let res: IndexMapping[] = [];\n\n    \n    let intermediateRes: PossibleIndexMappings[] = [];\n    source.forEach((tSource,iSource)=>{\n        let matchingTargetIndexes = []:\n        target.forEach((tTarget,iTarget)=>{\n            if (areSameToken(tSource, tTarget)) {\n                matchingTargetIndexes.push(iTarget);\n            }\n        })\n        if (matchingTargetIndexes.length>0) {\n            intermediateRes.push({sourceIndex: iSource, targetIndexes: matchingTargetIndexes});\n        }\n    });\n\n    return res; */\n    return undefined;\n}\n\nexport function eraseToken(script: string, token: Token): string {\n    let first = (token as any).range[0];\n    let last = (token as any).range[1];\n    script = script.substring(0, first) + \" \".repeat(last - first) + script.substring(last, script.length);\n    return script\n}\n\n/**\n * Example tokens: 'as, 'any, '[', ']' et ')'\n *      -> filter out last parenthesis cause single\n *      and return 'as, 'any, '[', ']'\n * \n * CAUTION items might (will) be shuffled : all non puctuator first then all punctuators\n * starting with those able to match first....\n * \n * @param tokens \n */\nexport function parityFilter(tokens: Token[]): Token[] {\n    let sensitivePairs = [['<', '>'], ['(', ')'], ['{', '}'], ['[', ']']];\n    let sensitive = ['<', '>', '(', ')', '{', '}', '[', ']'];\n    let returnedTokens: Token[] = tokens.filter(t => t.type !== 'Punctuator' ||\n        !sensitive.some(el => el === t.value));\n    let sensitiveTokens = tokens.filter(t=>t.type === 'Punctuator' &&\n        sensitive.some(el => el === t.value))\n    \n    let hope = true\n    while (hope) {\n        hope = false;\n        for (let i = 0; i < sensitiveTokens.length - 1; i++) {\n            if (sensitivePairs.some(p => p[0] ===sensitiveTokens[i].value &&\n                p[1] ===sensitiveTokens[i+1].value)) {\n                    returnedTokens.push(sensitiveTokens[i]);\n                    returnedTokens.push(sensitiveTokens[i+1]);\n                    sensitiveTokens = sensitiveTokens.filter((s,j)=>j!==i && j !== i+1);\n                    hope = true;\n                }\n        }\n    }\n    return returnedTokens;\n}"]},"_coverageSchema":"1a1c01bbd47fc00a2c39e90264f33305004495a9","hash":"88b15aee93f65224122ec4e4660713a03de94af5","contentHash":"0f54f81ff3f25cdd3f562ceccb7db0cc5eb88605660351e70941517e7ca88f39"},"/Users/apple/dev/projects/mocha-parser/src/is-valid-ts.ts":{"path":"/Users/apple/dev/projects/mocha-parser/src/is-valid-ts.ts","statementMap":{"0":{"start":{"line":2,"column":0},"end":{"line":2,"column":62}},"1":{"start":{"line":3,"column":0},"end":{"line":3,"column":46}},"2":{"start":{"line":4,"column":15},"end":{"line":4,"column":33}},"3":{"start":{"line":6,"column":12},"end":{"line":6,"column":50}},"4":{"start":{"line":7,"column":4},"end":{"line":12,"column":5}},"5":{"start":{"line":8,"column":16},"end":{"line":8,"column":43}},"6":{"start":{"line":11,"column":8},"end":{"line":11,"column":21}},"7":{"start":{"line":13,"column":4},"end":{"line":13,"column":16}},"8":{"start":{"line":15,"column":0},"end":{"line":15,"column":30}},"9":{"start":{"line":17,"column":4},"end":{"line":17,"column":88}},"10":{"start":{"line":17,"column":66},"end":{"line":17,"column":86}},"11":{"start":{"line":18,"column":12},"end":{"line":18,"column":151}},"12":{"start":{"line":20,"column":4},"end":{"line":25,"column":5}},"13":{"start":{"line":21,"column":8},"end":{"line":21,"column":48}},"14":{"start":{"line":24,"column":8},"end":{"line":24,"column":20}},"15":{"start":{"line":26,"column":4},"end":{"line":26,"column":14}},"16":{"start":{"line":28,"column":0},"end":{"line":28,"column":28}}},"fnMap":{"0":{"name":"isValidTS","decl":{"start":{"line":5,"column":9},"end":{"line":5,"column":18}},"loc":{"start":{"line":5,"column":22},"end":{"line":14,"column":1}},"line":5},"1":{"name":"jsFromTs","decl":{"start":{"line":16,"column":9},"end":{"line":16,"column":17}},"loc":{"start":{"line":16,"column":28},"end":{"line":27,"column":1}},"line":16},"2":{"name":"(anonymous_2)","decl":{"start":{"line":17,"column":61},"end":{"line":17,"column":62}},"loc":{"start":{"line":17,"column":66},"end":{"line":17,"column":86}},"line":17}},"branchMap":{},"s":{"0":1,"1":1,"2":1,"3":0,"4":0,"5":0,"6":0,"7":0,"8":1,"9":1,"10":5,"11":1,"12":1,"13":1,"14":0,"15":1,"16":1},"f":{"0":0,"1":1,"2":5},"b":{},"inputSourceMap":{"version":3,"file":"/Users/apple/dev/projects/mocha-parser/src/is-valid-ts.ts","sources":["/Users/apple/dev/projects/mocha-parser/src/is-valid-ts.ts"],"names":[],"mappings":";;;AAAA,kCAAkC;AAElC,SAAgB,SAAS,CAAC,CAAS;IAC/B,IAAI,CAAC,GAAG,MAAM,CAAC,MAAM,CAAC,EAAC,aAAa,EAAG,IAAI,EAAC,CAAC,CAAC;IAC9C,IAAI;QACA,IAAI,CAAC,GAAG,CAAC,CAAC,OAAO,CAAC,CAAC,EAAE,UAAU,EAAC,CAAC,CAAC,CAAC;KACtC;IAAC,OAAO,CAAC,EAAE;QACR,OAAO,KAAK,CAAC;KAChB;IACD,OAAO,IAAI,CAAC;AAChB,CAAC;AARD,8BAQC;AAED,SAAgB,QAAQ,CAAC,QAAgB;IACrC,QAAQ,GAAG,QAAQ,CAAC,OAAO,CAAC,2BAA2B,EAAE,CAAC,CAAC,EAAE,CAAC,GAAG,CAAC,MAAM,CAAC,CAAC,CAAC,MAAM,CAAC,CAAC,CAAC;IACpF,IAAI,CAAC,GAAG,MAAM,CAAC,MAAM,CAAC,EAAC,aAAa,EAAG,IAAI,EAAE,eAAe,EAAE,EAAE,MAAM,EAAE,QAAQ,EAAE,MAAM,EAAE,UAAU,EAAE,SAAS,EAAE,KAAK,EAAE,eAAe,EAAE,KAAK,EAAE,EAAC,CAAC,CAAC;IACnJ,IAAI,EAAU,CAAC;IACf,IAAI;QACA,EAAE,GAAG,CAAC,CAAC,OAAO,CAAC,QAAQ,EAAE,UAAU,EAAE,CAAC,CAAC,CAAC;KAC3C;IAAC,OAAO,CAAC,EAAE;QACR,OAAO,IAAI,CAAC;KACf;IACD,OAAO,EAAE,CAAC;AACd,CAAC;AAVD,4BAUC","sourcesContent":["import * as tsnode from 'ts-node';\n\nexport function isValidTS(s: string):boolean {\n    let r = tsnode.create({transpileOnly : true});\n    try {\n        let c = r.compile(s, \"whatever\",0);\n    } catch (e) {\n        return false;\n    }\n    return true;\n}\n\nexport function jsFromTs(tsScript: string):string {\n    tsScript = tsScript.replace(/^import .* from \\S*;.*$/gm, m => ' '.repeat(m.length));\n    let r = tsnode.create({transpileOnly : true, compilerOptions: { target: \"es2020\", module: \"commonjs\", sourceMap: false, inlineSourceMap: false }});\n    let js: string;\n    try {\n        js = r.compile(tsScript, \"whatever\", 0);\n    } catch (e) {\n        return null;\n    }\n    return js;\n}"]},"_coverageSchema":"1a1c01bbd47fc00a2c39e90264f33305004495a9","hash":"59000ed88397a73eb86fc9bdaa28796dbd0148bb","contentHash":"826399d4d5fddfe11b6b30ee8052e8cf35122cf65cb5501d507af045d5c8e526"}}